<?xml version="1.0" encoding="UTF-8"?>
<!-- Generated by org.testng.reporters.JUnitXMLReporter -->
<testsuite hostname="JVZ2.local" name="Default test(failed)" tests="1" failures="1" timestamp="26 Feb 2012 19:21:07 GMT" time="0.261" errors="0">
  <testcase name="readAndRenderRequireWidget" time="0.106" classname="com.google.sitebricks.compiler.HtmlTemplateCompilerTest">
    <failure type="java.lang.IllegalStateException" message="missing behavior definition for the preceeding method call forName(&amp;quot;require&amp;quot;)">
      <![CDATA[java.lang.IllegalStateException: missing behavior definition for the preceeding method call forName("require")
	at org.easymock.internal.MockInvocationHandler.invoke(MockInvocationHandler.java:30)
	at org.easymock.internal.ObjectMethodsFilter.invoke(ObjectMethodsFilter.java:61)
	at $Proxy11.forName(Unknown Source)
	at com.google.sitebricks.compiler.HtmlTemplateCompiler.lexicalClimb(HtmlTemplateCompiler.java:249)
	at com.google.sitebricks.compiler.HtmlTemplateCompiler.walk(HtmlTemplateCompiler.java:133)
	at com.google.sitebricks.compiler.HtmlTemplateCompiler.walk(HtmlTemplateCompiler.java:138)
	at com.google.sitebricks.compiler.HtmlTemplateCompiler.walk(HtmlTemplateCompiler.java:112)
	at com.google.sitebricks.compiler.HtmlTemplateCompiler.compile(HtmlTemplateCompiler.java:93)
	at com.google.sitebricks.compiler.HtmlTemplateCompilerTest.readAndRenderRequireWidget(HtmlTemplateCompilerTest.java:241)
... Removed 24 stack frames]]>
    </failure>
  </testcase> <!-- readAndRenderRequireWidget -->
</testsuite> <!-- Default test(failed) -->
