<html>
<head>
<title>TestNG:  Default test</title>
<link href="../testng.css" rel="stylesheet" type="text/css" />
<link href="../my-testng.css" rel="stylesheet" type="text/css" />

<style type="text/css">
.log { display: none;} 
.stack-trace { display: none;} 
</style>
<script type="text/javascript">
<!--
function flip(e) {
  current = e.style.display;
  if (current == 'block') {
    e.style.display = 'none';
    return 0;
  }
  else {
    e.style.display = 'block';
    return 1;
  }
}

function toggleBox(szDivId, elem, msg1, msg2)
{
  var res = -1;  if (document.getElementById) {
    res = flip(document.getElementById(szDivId));
  }
  else if (document.all) {
    // this is the way old msie versions work
    res = flip(document.all[szDivId]);
  }
  if(elem) {
    if(res == 0) elem.innerHTML = msg1; else elem.innerHTML = msg2;
  }

}

function toggleAllBoxes() {
  if (document.getElementsByTagName) {
    d = document.getElementsByTagName('div');
    for (i = 0; i < d.length; i++) {
      if (d[i].className == 'log') {
        flip(d[i]);
      }
    }
  }
}

// -->
</script>

</head>
<body>
<h2 align='center'>Default test</h2><table border='1' align="center">
<tr>
<td>Tests passed/Failed/Skipped:</td><td>300/11/0</td>
</tr><tr>
<td>Started on:</td><td>Sat Feb 25 22:12:57 EST 2012</td>
</tr>
<tr><td>Total time:</td><td>1 seconds (1839 ms)</td>
</tr><tr>
<td>Included groups:</td><td></td>
</tr><tr>
<td>Excluded groups:</td><td></td>
</tr>
</table><p/>
<small><i>(Hover the method name to see the test class name)</i></small><p/>
<table width='100%' border='1' class='invocation-failed'>
<tr><td colspan='4' align='center'><b>FAILED TESTS</b></td></tr>
<tr><td><b>Test method</b></td>
<td width="30%"><b>Exception</b></td>
<td width="10%"><b>Time (seconds)</b></td>
<td><b>Instance</b></td>
</tr>
<tr>
<td title='com.google.sitebricks.compiler.XmlTemplateCompilerTest.readAndRenderRequireWidget()'><b>readAndRenderRequireWidget</b><br>Test class: com.google.sitebricks.compiler.XmlTemplateCompilerTest</td>
<td><div><pre>com.google.sitebricks.compiler.TemplateCompileException: Compilation errors in template for java.lang.Object

1) error

0: 2) error

0: 3) error

0: 
Total errors: 3

4) /people/${id}

0: 
Total warnings: 1


	at com.google.sitebricks.compiler.XmlTemplateCompiler.compile(XmlTemplateCompiler.java:115)
	at com.google.sitebricks.compiler.XmlTemplateCompilerTest.readAndRenderRequireWidget(XmlTemplateCompilerTest.java:268)
	at sun.reflect.NativeMethodAccessorImpl.invoke0(Native Method)
	at sun.reflect.NativeMethodAccessorImpl.invoke(NativeMethodAccessorImpl.java:39)
	at sun.reflect.DelegatingMethodAccessorImpl.invoke(DelegatingMethodAccessorImpl.java:25)
	at java.lang.reflect.Method.invoke(Method.java:597)
	at org.testng.internal.MethodInvocationHelper.invokeMethod(MethodInvocationHelper.java:80)
	at org.testng.internal.Invoker.invokeMethod(Invoker.java:701)
	at org.testng.internal.Invoker.invokeTestMethod(Invoker.java:893)
	at org.testng.internal.Invoker.invokeTestMethods(Invoker.java:1218)
	at org.testng.internal.TestMethodWorker.invokeTestMethods(TestMethodWorker.java:127)
	at org.testng.internal.TestMethodWorker.run(TestMethodWorker.java:111)
	at org.testng.TestRunner.privateRun(TestRunner.java:768)
	at org.testng.TestRunner.run(TestRunner.java:617)
	at org.testng.SuiteRunner.runTest(SuiteRunner.java:334)
	at org.testng.SuiteRunner.runSequentially(SuiteRunner.java:329)
	at org.testng.SuiteRunner.privateRun(SuiteRunner.java:291)
	at org.testng.SuiteRunner.run(SuiteRunner.java:240)
	at org.testng.SuiteRunnerWorker.runSuite(SuiteRunnerWorker.java:53)
	at org.testng.SuiteRunnerWorker.run(SuiteRunnerWorker.java:87)
	at org.testng.TestNG.runSuitesSequentially(TestNG.java:1185)
	at org.testng.TestNG.runSuitesLocally(TestNG.java:1110)
	at org.testng.TestNG.run(TestNG.java:1022)
	at org.testng.remote.RemoteTestNG.run(RemoteTestNG.java:109)
	at org.testng.remote.RemoteTestNG.initAndRun(RemoteTestNG.java:202)
	at org.testng.remote.RemoteTestNG.main(RemoteTestNG.java:173)
</pre></div><a href='#' onClick='toggleBox("stack-trace522377941", this, "Click to show all stack frames", "Click to hide stack frames")'>Click to show all stack frames</a>
<div class='stack-trace' id='stack-trace522377941'><pre>com.google.sitebricks.compiler.TemplateCompileException: Compilation errors in template for java.lang.Object

1) error

0: 2) error

0: 3) error

0: 
Total errors: 3

4) /people/${id}

0: 
Total warnings: 1


	at com.google.sitebricks.compiler.XmlTemplateCompiler.compile(XmlTemplateCompiler.java:115)
	at com.google.sitebricks.compiler.XmlTemplateCompilerTest.readAndRenderRequireWidget(XmlTemplateCompilerTest.java:268)
	at sun.reflect.NativeMethodAccessorImpl.invoke0(Native Method)
	at sun.reflect.NativeMethodAccessorImpl.invoke(NativeMethodAccessorImpl.java:39)
	at sun.reflect.DelegatingMethodAccessorImpl.invoke(DelegatingMethodAccessorImpl.java:25)
	at java.lang.reflect.Method.invoke(Method.java:597)
	at org.testng.internal.MethodInvocationHelper.invokeMethod(MethodInvocationHelper.java:80)
	at org.testng.internal.Invoker.invokeMethod(Invoker.java:701)
	at org.testng.internal.Invoker.invokeTestMethod(Invoker.java:893)
	at org.testng.internal.Invoker.invokeTestMethods(Invoker.java:1218)
	at org.testng.internal.TestMethodWorker.invokeTestMethods(TestMethodWorker.java:127)
	at org.testng.internal.TestMethodWorker.run(TestMethodWorker.java:111)
	at org.testng.TestRunner.privateRun(TestRunner.java:768)
	at org.testng.TestRunner.run(TestRunner.java:617)
	at org.testng.SuiteRunner.runTest(SuiteRunner.java:334)
	at org.testng.SuiteRunner.runSequentially(SuiteRunner.java:329)
	at org.testng.SuiteRunner.privateRun(SuiteRunner.java:291)
	at org.testng.SuiteRunner.run(SuiteRunner.java:240)
	at org.testng.SuiteRunnerWorker.runSuite(SuiteRunnerWorker.java:53)
	at org.testng.SuiteRunnerWorker.run(SuiteRunnerWorker.java:87)
	at org.testng.TestNG.runSuitesSequentially(TestNG.java:1185)
	at org.testng.TestNG.runSuitesLocally(TestNG.java:1110)
	at org.testng.TestNG.run(TestNG.java:1022)
	at org.testng.remote.RemoteTestNG.run(RemoteTestNG.java:109)
	at org.testng.remote.RemoteTestNG.initAndRun(RemoteTestNG.java:202)
	at org.testng.remote.RemoteTestNG.main(RemoteTestNG.java:173)
</pre></div></td>
<td>0</td>
<td>com.google.sitebricks.compiler.XmlTemplateCompilerTest@5f0ab09f</td></tr>
<tr>
<td title='com.google.sitebricks.compiler.XmlTemplateCompilerTest.readEmbedWidgetAndStoreAsPage()'><b>readEmbedWidgetAndStoreAsPage</b><br>Test class: com.google.sitebricks.compiler.XmlTemplateCompilerTest</td>
<td><div><pre>com.google.sitebricks.compiler.TemplateCompileException: Compilation errors in template for java.lang.Object

1) error

0: 
Total errors: 1


	at com.google.sitebricks.compiler.XmlTemplateCompiler.compile(XmlTemplateCompiler.java:115)
	at com.google.sitebricks.compiler.XmlTemplateCompilerTest.readEmbedWidgetAndStoreAsPage(XmlTemplateCompilerTest.java:373)
	at sun.reflect.NativeMethodAccessorImpl.invoke0(Native Method)
	at sun.reflect.NativeMethodAccessorImpl.invoke(NativeMethodAccessorImpl.java:39)
	at sun.reflect.DelegatingMethodAccessorImpl.invoke(DelegatingMethodAccessorImpl.java:25)
	at java.lang.reflect.Method.invoke(Method.java:597)
	at org.testng.internal.MethodInvocationHelper.invokeMethod(MethodInvocationHelper.java:80)
	at org.testng.internal.Invoker.invokeMethod(Invoker.java:701)
	at org.testng.internal.Invoker.invokeTestMethod(Invoker.java:893)
	at org.testng.internal.Invoker.invokeTestMethods(Invoker.java:1218)
	at org.testng.internal.TestMethodWorker.invokeTestMethods(TestMethodWorker.java:127)
	at org.testng.internal.TestMethodWorker.run(TestMethodWorker.java:111)
	at org.testng.TestRunner.privateRun(TestRunner.java:768)
	at org.testng.TestRunner.run(TestRunner.java:617)
	at org.testng.SuiteRunner.runTest(SuiteRunner.java:334)
	at org.testng.SuiteRunner.runSequentially(SuiteRunner.java:329)
	at org.testng.SuiteRunner.privateRun(SuiteRunner.java:291)
	at org.testng.SuiteRunner.run(SuiteRunner.java:240)
	at org.testng.SuiteRunnerWorker.runSuite(SuiteRunnerWorker.java:53)
	at org.testng.SuiteRunnerWorker.run(SuiteRunnerWorker.java:87)
	at org.testng.TestNG.runSuitesSequentially(TestNG.java:1185)
	at org.testng.TestNG.runSuitesLocally(TestNG.java:1110)
	at org.testng.TestNG.run(TestNG.java:1022)
	at org.testng.remote.RemoteTestNG.run(RemoteTestNG.java:109)
	at org.testng.remote.RemoteTestNG.initAndRun(RemoteTestNG.java:202)
	at org.testng.remote.RemoteTestNG.main(RemoteTestNG.java:173)
</pre></div><a href='#' onClick='toggleBox("stack-trace1101513860", this, "Click to show all stack frames", "Click to hide stack frames")'>Click to show all stack frames</a>
<div class='stack-trace' id='stack-trace1101513860'><pre>com.google.sitebricks.compiler.TemplateCompileException: Compilation errors in template for java.lang.Object

1) error

0: 
Total errors: 1


	at com.google.sitebricks.compiler.XmlTemplateCompiler.compile(XmlTemplateCompiler.java:115)
	at com.google.sitebricks.compiler.XmlTemplateCompilerTest.readEmbedWidgetAndStoreAsPage(XmlTemplateCompilerTest.java:373)
	at sun.reflect.NativeMethodAccessorImpl.invoke0(Native Method)
	at sun.reflect.NativeMethodAccessorImpl.invoke(NativeMethodAccessorImpl.java:39)
	at sun.reflect.DelegatingMethodAccessorImpl.invoke(DelegatingMethodAccessorImpl.java:25)
	at java.lang.reflect.Method.invoke(Method.java:597)
	at org.testng.internal.MethodInvocationHelper.invokeMethod(MethodInvocationHelper.java:80)
	at org.testng.internal.Invoker.invokeMethod(Invoker.java:701)
	at org.testng.internal.Invoker.invokeTestMethod(Invoker.java:893)
	at org.testng.internal.Invoker.invokeTestMethods(Invoker.java:1218)
	at org.testng.internal.TestMethodWorker.invokeTestMethods(TestMethodWorker.java:127)
	at org.testng.internal.TestMethodWorker.run(TestMethodWorker.java:111)
	at org.testng.TestRunner.privateRun(TestRunner.java:768)
	at org.testng.TestRunner.run(TestRunner.java:617)
	at org.testng.SuiteRunner.runTest(SuiteRunner.java:334)
	at org.testng.SuiteRunner.runSequentially(SuiteRunner.java:329)
	at org.testng.SuiteRunner.privateRun(SuiteRunner.java:291)
	at org.testng.SuiteRunner.run(SuiteRunner.java:240)
	at org.testng.SuiteRunnerWorker.runSuite(SuiteRunnerWorker.java:53)
	at org.testng.SuiteRunnerWorker.run(SuiteRunnerWorker.java:87)
	at org.testng.TestNG.runSuitesSequentially(TestNG.java:1185)
	at org.testng.TestNG.runSuitesLocally(TestNG.java:1110)
	at org.testng.TestNG.run(TestNG.java:1022)
	at org.testng.remote.RemoteTestNG.run(RemoteTestNG.java:109)
	at org.testng.remote.RemoteTestNG.initAndRun(RemoteTestNG.java:202)
	at org.testng.remote.RemoteTestNG.main(RemoteTestNG.java:173)
</pre></div></td>
<td>0</td>
<td>com.google.sitebricks.compiler.XmlTemplateCompilerTest@5f0ab09f</td></tr>
<tr>
<td title='com.google.sitebricks.compiler.HtmlTemplateCompilerTest.readEmbedWidgetAndStoreAsPage()'><b>readEmbedWidgetAndStoreAsPage</b><br>Test class: com.google.sitebricks.compiler.HtmlTemplateCompilerTest</td>
<td><div><pre>com.google.sitebricks.compiler.TemplateCompileException: Compilation errors in template for java.lang.Object

1) error

4: 
Total errors: 1


	at com.google.sitebricks.compiler.HtmlTemplateCompiler.compile(HtmlTemplateCompiler.java:89)
	at com.google.sitebricks.compiler.HtmlTemplateCompilerTest.readEmbedWidgetAndStoreAsPage(HtmlTemplateCompilerTest.java:380)
	at sun.reflect.NativeMethodAccessorImpl.invoke0(Native Method)
	at sun.reflect.NativeMethodAccessorImpl.invoke(NativeMethodAccessorImpl.java:39)
	at sun.reflect.DelegatingMethodAccessorImpl.invoke(DelegatingMethodAccessorImpl.java:25)
	at java.lang.reflect.Method.invoke(Method.java:597)
	at org.testng.internal.MethodInvocationHelper.invokeMethod(MethodInvocationHelper.java:80)
	at org.testng.internal.Invoker.invokeMethod(Invoker.java:701)
	at org.testng.internal.Invoker.invokeTestMethod(Invoker.java:893)
	at org.testng.internal.Invoker.invokeTestMethods(Invoker.java:1218)
	at org.testng.internal.TestMethodWorker.invokeTestMethods(TestMethodWorker.java:127)
	at org.testng.internal.TestMethodWorker.run(TestMethodWorker.java:111)
	at org.testng.TestRunner.privateRun(TestRunner.java:768)
	at org.testng.TestRunner.run(TestRunner.java:617)
	at org.testng.SuiteRunner.runTest(SuiteRunner.java:334)
	at org.testng.SuiteRunner.runSequentially(SuiteRunner.java:329)
	at org.testng.SuiteRunner.privateRun(SuiteRunner.java:291)
	at org.testng.SuiteRunner.run(SuiteRunner.java:240)
	at org.testng.SuiteRunnerWorker.runSuite(SuiteRunnerWorker.java:53)
	at org.testng.SuiteRunnerWorker.run(SuiteRunnerWorker.java:87)
	at org.testng.TestNG.runSuitesSequentially(TestNG.java:1185)
	at org.testng.TestNG.runSuitesLocally(TestNG.java:1110)
	at org.testng.TestNG.run(TestNG.java:1022)
	at org.testng.remote.RemoteTestNG.run(RemoteTestNG.java:109)
	at org.testng.remote.RemoteTestNG.initAndRun(RemoteTestNG.java:202)
	at org.testng.remote.RemoteTestNG.main(RemoteTestNG.java:173)
</pre></div><a href='#' onClick='toggleBox("stack-trace273851107", this, "Click to show all stack frames", "Click to hide stack frames")'>Click to show all stack frames</a>
<div class='stack-trace' id='stack-trace273851107'><pre>com.google.sitebricks.compiler.TemplateCompileException: Compilation errors in template for java.lang.Object

1) error

4: 
Total errors: 1


	at com.google.sitebricks.compiler.HtmlTemplateCompiler.compile(HtmlTemplateCompiler.java:89)
	at com.google.sitebricks.compiler.HtmlTemplateCompilerTest.readEmbedWidgetAndStoreAsPage(HtmlTemplateCompilerTest.java:380)
	at sun.reflect.NativeMethodAccessorImpl.invoke0(Native Method)
	at sun.reflect.NativeMethodAccessorImpl.invoke(NativeMethodAccessorImpl.java:39)
	at sun.reflect.DelegatingMethodAccessorImpl.invoke(DelegatingMethodAccessorImpl.java:25)
	at java.lang.reflect.Method.invoke(Method.java:597)
	at org.testng.internal.MethodInvocationHelper.invokeMethod(MethodInvocationHelper.java:80)
	at org.testng.internal.Invoker.invokeMethod(Invoker.java:701)
	at org.testng.internal.Invoker.invokeTestMethod(Invoker.java:893)
	at org.testng.internal.Invoker.invokeTestMethods(Invoker.java:1218)
	at org.testng.internal.TestMethodWorker.invokeTestMethods(TestMethodWorker.java:127)
	at org.testng.internal.TestMethodWorker.run(TestMethodWorker.java:111)
	at org.testng.TestRunner.privateRun(TestRunner.java:768)
	at org.testng.TestRunner.run(TestRunner.java:617)
	at org.testng.SuiteRunner.runTest(SuiteRunner.java:334)
	at org.testng.SuiteRunner.runSequentially(SuiteRunner.java:329)
	at org.testng.SuiteRunner.privateRun(SuiteRunner.java:291)
	at org.testng.SuiteRunner.run(SuiteRunner.java:240)
	at org.testng.SuiteRunnerWorker.runSuite(SuiteRunnerWorker.java:53)
	at org.testng.SuiteRunnerWorker.run(SuiteRunnerWorker.java:87)
	at org.testng.TestNG.runSuitesSequentially(TestNG.java:1185)
	at org.testng.TestNG.runSuitesLocally(TestNG.java:1110)
	at org.testng.TestNG.run(TestNG.java:1022)
	at org.testng.remote.RemoteTestNG.run(RemoteTestNG.java:109)
	at org.testng.remote.RemoteTestNG.initAndRun(RemoteTestNG.java:202)
	at org.testng.remote.RemoteTestNG.main(RemoteTestNG.java:173)
</pre></div></td>
<td>0</td>
<td>com.google.sitebricks.compiler.HtmlTemplateCompilerTest@63b0bdc8</td></tr>
<tr>
<td title='com.google.sitebricks.compiler.XmlTemplateCompilerTest.readEmbedWidgetOnly()'><b>readEmbedWidgetOnly</b><br>Test class: com.google.sitebricks.compiler.XmlTemplateCompilerTest</td>
<td><div><pre>com.google.sitebricks.compiler.TemplateCompileException: Compilation errors in template for java.lang.Object

1) error

0: 
Total errors: 1


	at com.google.sitebricks.compiler.XmlTemplateCompiler.compile(XmlTemplateCompiler.java:115)
	at com.google.sitebricks.compiler.XmlTemplateCompilerTest.readEmbedWidgetOnly(XmlTemplateCompilerTest.java:411)
	at sun.reflect.NativeMethodAccessorImpl.invoke0(Native Method)
	at sun.reflect.NativeMethodAccessorImpl.invoke(NativeMethodAccessorImpl.java:39)
	at sun.reflect.DelegatingMethodAccessorImpl.invoke(DelegatingMethodAccessorImpl.java:25)
	at java.lang.reflect.Method.invoke(Method.java:597)
	at org.testng.internal.MethodInvocationHelper.invokeMethod(MethodInvocationHelper.java:80)
	at org.testng.internal.Invoker.invokeMethod(Invoker.java:701)
	at org.testng.internal.Invoker.invokeTestMethod(Invoker.java:893)
	at org.testng.internal.Invoker.invokeTestMethods(Invoker.java:1218)
	at org.testng.internal.TestMethodWorker.invokeTestMethods(TestMethodWorker.java:127)
	at org.testng.internal.TestMethodWorker.run(TestMethodWorker.java:111)
	at org.testng.TestRunner.privateRun(TestRunner.java:768)
	at org.testng.TestRunner.run(TestRunner.java:617)
	at org.testng.SuiteRunner.runTest(SuiteRunner.java:334)
	at org.testng.SuiteRunner.runSequentially(SuiteRunner.java:329)
	at org.testng.SuiteRunner.privateRun(SuiteRunner.java:291)
	at org.testng.SuiteRunner.run(SuiteRunner.java:240)
	at org.testng.SuiteRunnerWorker.runSuite(SuiteRunnerWorker.java:53)
	at org.testng.SuiteRunnerWorker.run(SuiteRunnerWorker.java:87)
	at org.testng.TestNG.runSuitesSequentially(TestNG.java:1185)
	at org.testng.TestNG.runSuitesLocally(TestNG.java:1110)
	at org.testng.TestNG.run(TestNG.java:1022)
	at org.testng.remote.RemoteTestNG.run(RemoteTestNG.java:109)
	at org.testng.remote.RemoteTestNG.initAndRun(RemoteTestNG.java:202)
	at org.testng.remote.RemoteTestNG.main(RemoteTestNG.java:173)
</pre></div><a href='#' onClick='toggleBox("stack-trace719148673", this, "Click to show all stack frames", "Click to hide stack frames")'>Click to show all stack frames</a>
<div class='stack-trace' id='stack-trace719148673'><pre>com.google.sitebricks.compiler.TemplateCompileException: Compilation errors in template for java.lang.Object

1) error

0: 
Total errors: 1


	at com.google.sitebricks.compiler.XmlTemplateCompiler.compile(XmlTemplateCompiler.java:115)
	at com.google.sitebricks.compiler.XmlTemplateCompilerTest.readEmbedWidgetOnly(XmlTemplateCompilerTest.java:411)
	at sun.reflect.NativeMethodAccessorImpl.invoke0(Native Method)
	at sun.reflect.NativeMethodAccessorImpl.invoke(NativeMethodAccessorImpl.java:39)
	at sun.reflect.DelegatingMethodAccessorImpl.invoke(DelegatingMethodAccessorImpl.java:25)
	at java.lang.reflect.Method.invoke(Method.java:597)
	at org.testng.internal.MethodInvocationHelper.invokeMethod(MethodInvocationHelper.java:80)
	at org.testng.internal.Invoker.invokeMethod(Invoker.java:701)
	at org.testng.internal.Invoker.invokeTestMethod(Invoker.java:893)
	at org.testng.internal.Invoker.invokeTestMethods(Invoker.java:1218)
	at org.testng.internal.TestMethodWorker.invokeTestMethods(TestMethodWorker.java:127)
	at org.testng.internal.TestMethodWorker.run(TestMethodWorker.java:111)
	at org.testng.TestRunner.privateRun(TestRunner.java:768)
	at org.testng.TestRunner.run(TestRunner.java:617)
	at org.testng.SuiteRunner.runTest(SuiteRunner.java:334)
	at org.testng.SuiteRunner.runSequentially(SuiteRunner.java:329)
	at org.testng.SuiteRunner.privateRun(SuiteRunner.java:291)
	at org.testng.SuiteRunner.run(SuiteRunner.java:240)
	at org.testng.SuiteRunnerWorker.runSuite(SuiteRunnerWorker.java:53)
	at org.testng.SuiteRunnerWorker.run(SuiteRunnerWorker.java:87)
	at org.testng.TestNG.runSuitesSequentially(TestNG.java:1185)
	at org.testng.TestNG.runSuitesLocally(TestNG.java:1110)
	at org.testng.TestNG.run(TestNG.java:1022)
	at org.testng.remote.RemoteTestNG.run(RemoteTestNG.java:109)
	at org.testng.remote.RemoteTestNG.initAndRun(RemoteTestNG.java:202)
	at org.testng.remote.RemoteTestNG.main(RemoteTestNG.java:173)
</pre></div></td>
<td>0</td>
<td>com.google.sitebricks.compiler.XmlTemplateCompilerTest@5f0ab09f</td></tr>
<tr>
<td title='com.google.sitebricks.compiler.HtmlTemplateCompilerTest.readEmbedWidgetOnly()'><b>readEmbedWidgetOnly</b><br>Test class: com.google.sitebricks.compiler.HtmlTemplateCompilerTest</td>
<td><div><pre>com.google.sitebricks.compiler.TemplateCompileException: Compilation errors in template for java.lang.Object

1) error

4: 
Total errors: 1


	at com.google.sitebricks.compiler.HtmlTemplateCompiler.compile(HtmlTemplateCompiler.java:89)
	at com.google.sitebricks.compiler.HtmlTemplateCompilerTest.readEmbedWidgetOnly(HtmlTemplateCompilerTest.java:418)
	at sun.reflect.NativeMethodAccessorImpl.invoke0(Native Method)
	at sun.reflect.NativeMethodAccessorImpl.invoke(NativeMethodAccessorImpl.java:39)
	at sun.reflect.DelegatingMethodAccessorImpl.invoke(DelegatingMethodAccessorImpl.java:25)
	at java.lang.reflect.Method.invoke(Method.java:597)
	at org.testng.internal.MethodInvocationHelper.invokeMethod(MethodInvocationHelper.java:80)
	at org.testng.internal.Invoker.invokeMethod(Invoker.java:701)
	at org.testng.internal.Invoker.invokeTestMethod(Invoker.java:893)
	at org.testng.internal.Invoker.invokeTestMethods(Invoker.java:1218)
	at org.testng.internal.TestMethodWorker.invokeTestMethods(TestMethodWorker.java:127)
	at org.testng.internal.TestMethodWorker.run(TestMethodWorker.java:111)
	at org.testng.TestRunner.privateRun(TestRunner.java:768)
	at org.testng.TestRunner.run(TestRunner.java:617)
	at org.testng.SuiteRunner.runTest(SuiteRunner.java:334)
	at org.testng.SuiteRunner.runSequentially(SuiteRunner.java:329)
	at org.testng.SuiteRunner.privateRun(SuiteRunner.java:291)
	at org.testng.SuiteRunner.run(SuiteRunner.java:240)
	at org.testng.SuiteRunnerWorker.runSuite(SuiteRunnerWorker.java:53)
	at org.testng.SuiteRunnerWorker.run(SuiteRunnerWorker.java:87)
	at org.testng.TestNG.runSuitesSequentially(TestNG.java:1185)
	at org.testng.TestNG.runSuitesLocally(TestNG.java:1110)
	at org.testng.TestNG.run(TestNG.java:1022)
	at org.testng.remote.RemoteTestNG.run(RemoteTestNG.java:109)
	at org.testng.remote.RemoteTestNG.initAndRun(RemoteTestNG.java:202)
	at org.testng.remote.RemoteTestNG.main(RemoteTestNG.java:173)
</pre></div><a href='#' onClick='toggleBox("stack-trace1586592944", this, "Click to show all stack frames", "Click to hide stack frames")'>Click to show all stack frames</a>
<div class='stack-trace' id='stack-trace1586592944'><pre>com.google.sitebricks.compiler.TemplateCompileException: Compilation errors in template for java.lang.Object

1) error

4: 
Total errors: 1


	at com.google.sitebricks.compiler.HtmlTemplateCompiler.compile(HtmlTemplateCompiler.java:89)
	at com.google.sitebricks.compiler.HtmlTemplateCompilerTest.readEmbedWidgetOnly(HtmlTemplateCompilerTest.java:418)
	at sun.reflect.NativeMethodAccessorImpl.invoke0(Native Method)
	at sun.reflect.NativeMethodAccessorImpl.invoke(NativeMethodAccessorImpl.java:39)
	at sun.reflect.DelegatingMethodAccessorImpl.invoke(DelegatingMethodAccessorImpl.java:25)
	at java.lang.reflect.Method.invoke(Method.java:597)
	at org.testng.internal.MethodInvocationHelper.invokeMethod(MethodInvocationHelper.java:80)
	at org.testng.internal.Invoker.invokeMethod(Invoker.java:701)
	at org.testng.internal.Invoker.invokeTestMethod(Invoker.java:893)
	at org.testng.internal.Invoker.invokeTestMethods(Invoker.java:1218)
	at org.testng.internal.TestMethodWorker.invokeTestMethods(TestMethodWorker.java:127)
	at org.testng.internal.TestMethodWorker.run(TestMethodWorker.java:111)
	at org.testng.TestRunner.privateRun(TestRunner.java:768)
	at org.testng.TestRunner.run(TestRunner.java:617)
	at org.testng.SuiteRunner.runTest(SuiteRunner.java:334)
	at org.testng.SuiteRunner.runSequentially(SuiteRunner.java:329)
	at org.testng.SuiteRunner.privateRun(SuiteRunner.java:291)
	at org.testng.SuiteRunner.run(SuiteRunner.java:240)
	at org.testng.SuiteRunnerWorker.runSuite(SuiteRunnerWorker.java:53)
	at org.testng.SuiteRunnerWorker.run(SuiteRunnerWorker.java:87)
	at org.testng.TestNG.runSuitesSequentially(TestNG.java:1185)
	at org.testng.TestNG.runSuitesLocally(TestNG.java:1110)
	at org.testng.TestNG.run(TestNG.java:1022)
	at org.testng.remote.RemoteTestNG.run(RemoteTestNG.java:109)
	at org.testng.remote.RemoteTestNG.initAndRun(RemoteTestNG.java:202)
	at org.testng.remote.RemoteTestNG.main(RemoteTestNG.java:173)
</pre></div></td>
<td>0</td>
<td>com.google.sitebricks.compiler.HtmlTemplateCompilerTest@63b0bdc8</td></tr>
<tr>
<td title='com.google.sitebricks.compiler.HtmlTemplateCompilerTest.readHtmlWidget()'><b>readHtmlWidget</b><br>Test class: com.google.sitebricks.compiler.HtmlTemplateCompilerTest</td>
<td><div><pre>com.google.sitebricks.compiler.TemplateCompileException: Compilation errors in template for java.lang.Object

1) error

1: 
Total errors: 1


	at com.google.sitebricks.compiler.HtmlTemplateCompiler.compile(HtmlTemplateCompiler.java:89)
	at com.google.sitebricks.compiler.HtmlTemplateCompilerTest.readHtmlWidget(HtmlTemplateCompilerTest.java:309)
	at sun.reflect.NativeMethodAccessorImpl.invoke0(Native Method)
	at sun.reflect.NativeMethodAccessorImpl.invoke(NativeMethodAccessorImpl.java:39)
	at sun.reflect.DelegatingMethodAccessorImpl.invoke(DelegatingMethodAccessorImpl.java:25)
	at java.lang.reflect.Method.invoke(Method.java:597)
	at org.testng.internal.MethodInvocationHelper.invokeMethod(MethodInvocationHelper.java:80)
	at org.testng.internal.Invoker.invokeMethod(Invoker.java:701)
	at org.testng.internal.Invoker.invokeTestMethod(Invoker.java:893)
	at org.testng.internal.Invoker.invokeTestMethods(Invoker.java:1218)
	at org.testng.internal.TestMethodWorker.invokeTestMethods(TestMethodWorker.java:127)
	at org.testng.internal.TestMethodWorker.run(TestMethodWorker.java:111)
	at org.testng.TestRunner.privateRun(TestRunner.java:768)
	at org.testng.TestRunner.run(TestRunner.java:617)
	at org.testng.SuiteRunner.runTest(SuiteRunner.java:334)
	at org.testng.SuiteRunner.runSequentially(SuiteRunner.java:329)
	at org.testng.SuiteRunner.privateRun(SuiteRunner.java:291)
	at org.testng.SuiteRunner.run(SuiteRunner.java:240)
	at org.testng.SuiteRunnerWorker.runSuite(SuiteRunnerWorker.java:53)
	at org.testng.SuiteRunnerWorker.run(SuiteRunnerWorker.java:87)
	at org.testng.TestNG.runSuitesSequentially(TestNG.java:1185)
	at org.testng.TestNG.runSuitesLocally(TestNG.java:1110)
	at org.testng.TestNG.run(TestNG.java:1022)
	at org.testng.remote.RemoteTestNG.run(RemoteTestNG.java:109)
	at org.testng.remote.RemoteTestNG.initAndRun(RemoteTestNG.java:202)
	at org.testng.remote.RemoteTestNG.main(RemoteTestNG.java:173)
</pre></div><a href='#' onClick='toggleBox("stack-trace2010789484", this, "Click to show all stack frames", "Click to hide stack frames")'>Click to show all stack frames</a>
<div class='stack-trace' id='stack-trace2010789484'><pre>com.google.sitebricks.compiler.TemplateCompileException: Compilation errors in template for java.lang.Object

1) error

1: 
Total errors: 1


	at com.google.sitebricks.compiler.HtmlTemplateCompiler.compile(HtmlTemplateCompiler.java:89)
	at com.google.sitebricks.compiler.HtmlTemplateCompilerTest.readHtmlWidget(HtmlTemplateCompilerTest.java:309)
	at sun.reflect.NativeMethodAccessorImpl.invoke0(Native Method)
	at sun.reflect.NativeMethodAccessorImpl.invoke(NativeMethodAccessorImpl.java:39)
	at sun.reflect.DelegatingMethodAccessorImpl.invoke(DelegatingMethodAccessorImpl.java:25)
	at java.lang.reflect.Method.invoke(Method.java:597)
	at org.testng.internal.MethodInvocationHelper.invokeMethod(MethodInvocationHelper.java:80)
	at org.testng.internal.Invoker.invokeMethod(Invoker.java:701)
	at org.testng.internal.Invoker.invokeTestMethod(Invoker.java:893)
	at org.testng.internal.Invoker.invokeTestMethods(Invoker.java:1218)
	at org.testng.internal.TestMethodWorker.invokeTestMethods(TestMethodWorker.java:127)
	at org.testng.internal.TestMethodWorker.run(TestMethodWorker.java:111)
	at org.testng.TestRunner.privateRun(TestRunner.java:768)
	at org.testng.TestRunner.run(TestRunner.java:617)
	at org.testng.SuiteRunner.runTest(SuiteRunner.java:334)
	at org.testng.SuiteRunner.runSequentially(SuiteRunner.java:329)
	at org.testng.SuiteRunner.privateRun(SuiteRunner.java:291)
	at org.testng.SuiteRunner.run(SuiteRunner.java:240)
	at org.testng.SuiteRunnerWorker.runSuite(SuiteRunnerWorker.java:53)
	at org.testng.SuiteRunnerWorker.run(SuiteRunnerWorker.java:87)
	at org.testng.TestNG.runSuitesSequentially(TestNG.java:1185)
	at org.testng.TestNG.runSuitesLocally(TestNG.java:1110)
	at org.testng.TestNG.run(TestNG.java:1022)
	at org.testng.remote.RemoteTestNG.run(RemoteTestNG.java:109)
	at org.testng.remote.RemoteTestNG.initAndRun(RemoteTestNG.java:202)
	at org.testng.remote.RemoteTestNG.main(RemoteTestNG.java:173)
</pre></div></td>
<td>0</td>
<td>com.google.sitebricks.compiler.HtmlTemplateCompilerTest@63b0bdc8</td></tr>
<tr>
<td title='com.google.sitebricks.compiler.HtmlTemplateCompilerTest.readHtmlWidgetWithChildren()'><b>readHtmlWidgetWithChildren</b><br>Test class: com.google.sitebricks.compiler.HtmlTemplateCompilerTest</td>
<td><div><pre>com.google.sitebricks.compiler.TemplateCompileException: Compilation errors in template for java.lang.Object

1) error

6: 2) error

3: 
Total errors: 2


	at com.google.sitebricks.compiler.HtmlTemplateCompiler.compile(HtmlTemplateCompiler.java:89)
	at com.google.sitebricks.compiler.HtmlTemplateCompilerTest.readHtmlWidgetWithChildren(HtmlTemplateCompilerTest.java:331)
	at sun.reflect.NativeMethodAccessorImpl.invoke0(Native Method)
	at sun.reflect.NativeMethodAccessorImpl.invoke(NativeMethodAccessorImpl.java:39)
	at sun.reflect.DelegatingMethodAccessorImpl.invoke(DelegatingMethodAccessorImpl.java:25)
	at java.lang.reflect.Method.invoke(Method.java:597)
	at org.testng.internal.MethodInvocationHelper.invokeMethod(MethodInvocationHelper.java:80)
	at org.testng.internal.Invoker.invokeMethod(Invoker.java:701)
	at org.testng.internal.Invoker.invokeTestMethod(Invoker.java:893)
	at org.testng.internal.Invoker.invokeTestMethods(Invoker.java:1218)
	at org.testng.internal.TestMethodWorker.invokeTestMethods(TestMethodWorker.java:127)
	at org.testng.internal.TestMethodWorker.run(TestMethodWorker.java:111)
	at org.testng.TestRunner.privateRun(TestRunner.java:768)
	at org.testng.TestRunner.run(TestRunner.java:617)
	at org.testng.SuiteRunner.runTest(SuiteRunner.java:334)
	at org.testng.SuiteRunner.runSequentially(SuiteRunner.java:329)
	at org.testng.SuiteRunner.privateRun(SuiteRunner.java:291)
	at org.testng.SuiteRunner.run(SuiteRunner.java:240)
	at org.testng.SuiteRunnerWorker.runSuite(SuiteRunnerWorker.java:53)
	at org.testng.SuiteRunnerWorker.run(SuiteRunnerWorker.java:87)
	at org.testng.TestNG.runSuitesSequentially(TestNG.java:1185)
	at org.testng.TestNG.runSuitesLocally(TestNG.java:1110)
	at org.testng.TestNG.run(TestNG.java:1022)
	at org.testng.remote.RemoteTestNG.run(RemoteTestNG.java:109)
	at org.testng.remote.RemoteTestNG.initAndRun(RemoteTestNG.java:202)
	at org.testng.remote.RemoteTestNG.main(RemoteTestNG.java:173)
</pre></div><a href='#' onClick='toggleBox("stack-trace925805486", this, "Click to show all stack frames", "Click to hide stack frames")'>Click to show all stack frames</a>
<div class='stack-trace' id='stack-trace925805486'><pre>com.google.sitebricks.compiler.TemplateCompileException: Compilation errors in template for java.lang.Object

1) error

6: 2) error

3: 
Total errors: 2


	at com.google.sitebricks.compiler.HtmlTemplateCompiler.compile(HtmlTemplateCompiler.java:89)
	at com.google.sitebricks.compiler.HtmlTemplateCompilerTest.readHtmlWidgetWithChildren(HtmlTemplateCompilerTest.java:331)
	at sun.reflect.NativeMethodAccessorImpl.invoke0(Native Method)
	at sun.reflect.NativeMethodAccessorImpl.invoke(NativeMethodAccessorImpl.java:39)
	at sun.reflect.DelegatingMethodAccessorImpl.invoke(DelegatingMethodAccessorImpl.java:25)
	at java.lang.reflect.Method.invoke(Method.java:597)
	at org.testng.internal.MethodInvocationHelper.invokeMethod(MethodInvocationHelper.java:80)
	at org.testng.internal.Invoker.invokeMethod(Invoker.java:701)
	at org.testng.internal.Invoker.invokeTestMethod(Invoker.java:893)
	at org.testng.internal.Invoker.invokeTestMethods(Invoker.java:1218)
	at org.testng.internal.TestMethodWorker.invokeTestMethods(TestMethodWorker.java:127)
	at org.testng.internal.TestMethodWorker.run(TestMethodWorker.java:111)
	at org.testng.TestRunner.privateRun(TestRunner.java:768)
	at org.testng.TestRunner.run(TestRunner.java:617)
	at org.testng.SuiteRunner.runTest(SuiteRunner.java:334)
	at org.testng.SuiteRunner.runSequentially(SuiteRunner.java:329)
	at org.testng.SuiteRunner.privateRun(SuiteRunner.java:291)
	at org.testng.SuiteRunner.run(SuiteRunner.java:240)
	at org.testng.SuiteRunnerWorker.runSuite(SuiteRunnerWorker.java:53)
	at org.testng.SuiteRunnerWorker.run(SuiteRunnerWorker.java:87)
	at org.testng.TestNG.runSuitesSequentially(TestNG.java:1185)
	at org.testng.TestNG.runSuitesLocally(TestNG.java:1110)
	at org.testng.TestNG.run(TestNG.java:1022)
	at org.testng.remote.RemoteTestNG.run(RemoteTestNG.java:109)
	at org.testng.remote.RemoteTestNG.initAndRun(RemoteTestNG.java:202)
	at org.testng.remote.RemoteTestNG.main(RemoteTestNG.java:173)
</pre></div></td>
<td>0</td>
<td>com.google.sitebricks.compiler.HtmlTemplateCompilerTest@63b0bdc8</td></tr>
<tr>
<td title='com.google.sitebricks.compiler.XmlTemplateCompilerTest.readTextWidgetValues()'><b>readTextWidgetValues</b><br>Test class: com.google.sitebricks.compiler.XmlTemplateCompilerTest</td>
<td><div><pre>com.google.sitebricks.compiler.TemplateCompileException: Compilation errors in template for java.lang.Object

1) error

0: 2) error

0: 3) error

0: 
Total errors: 3

4) /people/${id}

0: 
Total warnings: 1


	at com.google.sitebricks.compiler.XmlTemplateCompiler.compile(XmlTemplateCompiler.java:115)
	at com.google.sitebricks.compiler.XmlTemplateCompilerTest.readTextWidgetValues(XmlTemplateCompilerTest.java:207)
	at sun.reflect.NativeMethodAccessorImpl.invoke0(Native Method)
	at sun.reflect.NativeMethodAccessorImpl.invoke(NativeMethodAccessorImpl.java:39)
	at sun.reflect.DelegatingMethodAccessorImpl.invoke(DelegatingMethodAccessorImpl.java:25)
	at java.lang.reflect.Method.invoke(Method.java:597)
	at org.testng.internal.MethodInvocationHelper.invokeMethod(MethodInvocationHelper.java:80)
	at org.testng.internal.Invoker.invokeMethod(Invoker.java:701)
	at org.testng.internal.Invoker.invokeTestMethod(Invoker.java:893)
	at org.testng.internal.Invoker.invokeTestMethods(Invoker.java:1218)
	at org.testng.internal.TestMethodWorker.invokeTestMethods(TestMethodWorker.java:127)
	at org.testng.internal.TestMethodWorker.run(TestMethodWorker.java:111)
	at org.testng.TestRunner.privateRun(TestRunner.java:768)
	at org.testng.TestRunner.run(TestRunner.java:617)
	at org.testng.SuiteRunner.runTest(SuiteRunner.java:334)
	at org.testng.SuiteRunner.runSequentially(SuiteRunner.java:329)
	at org.testng.SuiteRunner.privateRun(SuiteRunner.java:291)
	at org.testng.SuiteRunner.run(SuiteRunner.java:240)
	at org.testng.SuiteRunnerWorker.runSuite(SuiteRunnerWorker.java:53)
	at org.testng.SuiteRunnerWorker.run(SuiteRunnerWorker.java:87)
	at org.testng.TestNG.runSuitesSequentially(TestNG.java:1185)
	at org.testng.TestNG.runSuitesLocally(TestNG.java:1110)
	at org.testng.TestNG.run(TestNG.java:1022)
	at org.testng.remote.RemoteTestNG.run(RemoteTestNG.java:109)
	at org.testng.remote.RemoteTestNG.initAndRun(RemoteTestNG.java:202)
	at org.testng.remote.RemoteTestNG.main(RemoteTestNG.java:173)
</pre></div><a href='#' onClick='toggleBox("stack-trace265157913", this, "Click to show all stack frames", "Click to hide stack frames")'>Click to show all stack frames</a>
<div class='stack-trace' id='stack-trace265157913'><pre>com.google.sitebricks.compiler.TemplateCompileException: Compilation errors in template for java.lang.Object

1) error

0: 2) error

0: 3) error

0: 
Total errors: 3

4) /people/${id}

0: 
Total warnings: 1


	at com.google.sitebricks.compiler.XmlTemplateCompiler.compile(XmlTemplateCompiler.java:115)
	at com.google.sitebricks.compiler.XmlTemplateCompilerTest.readTextWidgetValues(XmlTemplateCompilerTest.java:207)
	at sun.reflect.NativeMethodAccessorImpl.invoke0(Native Method)
	at sun.reflect.NativeMethodAccessorImpl.invoke(NativeMethodAccessorImpl.java:39)
	at sun.reflect.DelegatingMethodAccessorImpl.invoke(DelegatingMethodAccessorImpl.java:25)
	at java.lang.reflect.Method.invoke(Method.java:597)
	at org.testng.internal.MethodInvocationHelper.invokeMethod(MethodInvocationHelper.java:80)
	at org.testng.internal.Invoker.invokeMethod(Invoker.java:701)
	at org.testng.internal.Invoker.invokeTestMethod(Invoker.java:893)
	at org.testng.internal.Invoker.invokeTestMethods(Invoker.java:1218)
	at org.testng.internal.TestMethodWorker.invokeTestMethods(TestMethodWorker.java:127)
	at org.testng.internal.TestMethodWorker.run(TestMethodWorker.java:111)
	at org.testng.TestRunner.privateRun(TestRunner.java:768)
	at org.testng.TestRunner.run(TestRunner.java:617)
	at org.testng.SuiteRunner.runTest(SuiteRunner.java:334)
	at org.testng.SuiteRunner.runSequentially(SuiteRunner.java:329)
	at org.testng.SuiteRunner.privateRun(SuiteRunner.java:291)
	at org.testng.SuiteRunner.run(SuiteRunner.java:240)
	at org.testng.SuiteRunnerWorker.runSuite(SuiteRunnerWorker.java:53)
	at org.testng.SuiteRunnerWorker.run(SuiteRunnerWorker.java:87)
	at org.testng.TestNG.runSuitesSequentially(TestNG.java:1185)
	at org.testng.TestNG.runSuitesLocally(TestNG.java:1110)
	at org.testng.TestNG.run(TestNG.java:1022)
	at org.testng.remote.RemoteTestNG.run(RemoteTestNG.java:109)
	at org.testng.remote.RemoteTestNG.initAndRun(RemoteTestNG.java:202)
	at org.testng.remote.RemoteTestNG.main(RemoteTestNG.java:173)
</pre></div></td>
<td>0</td>
<td>com.google.sitebricks.compiler.XmlTemplateCompilerTest@5f0ab09f</td></tr>
<tr>
<td title='com.google.sitebricks.compiler.HtmlTemplateCompilerTest.readTextWidgetValues()'><b>readTextWidgetValues</b><br>Test class: com.google.sitebricks.compiler.HtmlTemplateCompilerTest</td>
<td><div><pre>com.google.sitebricks.compiler.TemplateCompileException: Compilation errors in template for java.lang.Object

1) error

3: 2) error

3: 3) error

1: 
Total errors: 3


	at com.google.sitebricks.compiler.HtmlTemplateCompiler.compile(HtmlTemplateCompiler.java:89)
	at com.google.sitebricks.compiler.HtmlTemplateCompilerTest.readTextWidgetValues(HtmlTemplateCompilerTest.java:218)
	at sun.reflect.NativeMethodAccessorImpl.invoke0(Native Method)
	at sun.reflect.NativeMethodAccessorImpl.invoke(NativeMethodAccessorImpl.java:39)
	at sun.reflect.DelegatingMethodAccessorImpl.invoke(DelegatingMethodAccessorImpl.java:25)
	at java.lang.reflect.Method.invoke(Method.java:597)
	at org.testng.internal.MethodInvocationHelper.invokeMethod(MethodInvocationHelper.java:80)
	at org.testng.internal.Invoker.invokeMethod(Invoker.java:701)
	at org.testng.internal.Invoker.invokeTestMethod(Invoker.java:893)
	at org.testng.internal.Invoker.invokeTestMethods(Invoker.java:1218)
	at org.testng.internal.TestMethodWorker.invokeTestMethods(TestMethodWorker.java:127)
	at org.testng.internal.TestMethodWorker.run(TestMethodWorker.java:111)
	at org.testng.TestRunner.privateRun(TestRunner.java:768)
	at org.testng.TestRunner.run(TestRunner.java:617)
	at org.testng.SuiteRunner.runTest(SuiteRunner.java:334)
	at org.testng.SuiteRunner.runSequentially(SuiteRunner.java:329)
	at org.testng.SuiteRunner.privateRun(SuiteRunner.java:291)
	at org.testng.SuiteRunner.run(SuiteRunner.java:240)
	at org.testng.SuiteRunnerWorker.runSuite(SuiteRunnerWorker.java:53)
	at org.testng.SuiteRunnerWorker.run(SuiteRunnerWorker.java:87)
	at org.testng.TestNG.runSuitesSequentially(TestNG.java:1185)
	at org.testng.TestNG.runSuitesLocally(TestNG.java:1110)
	at org.testng.TestNG.run(TestNG.java:1022)
	at org.testng.remote.RemoteTestNG.run(RemoteTestNG.java:109)
	at org.testng.remote.RemoteTestNG.initAndRun(RemoteTestNG.java:202)
	at org.testng.remote.RemoteTestNG.main(RemoteTestNG.java:173)
</pre></div><a href='#' onClick='toggleBox("stack-trace1083944271", this, "Click to show all stack frames", "Click to hide stack frames")'>Click to show all stack frames</a>
<div class='stack-trace' id='stack-trace1083944271'><pre>com.google.sitebricks.compiler.TemplateCompileException: Compilation errors in template for java.lang.Object

1) error

3: 2) error

3: 3) error

1: 
Total errors: 3


	at com.google.sitebricks.compiler.HtmlTemplateCompiler.compile(HtmlTemplateCompiler.java:89)
	at com.google.sitebricks.compiler.HtmlTemplateCompilerTest.readTextWidgetValues(HtmlTemplateCompilerTest.java:218)
	at sun.reflect.NativeMethodAccessorImpl.invoke0(Native Method)
	at sun.reflect.NativeMethodAccessorImpl.invoke(NativeMethodAccessorImpl.java:39)
	at sun.reflect.DelegatingMethodAccessorImpl.invoke(DelegatingMethodAccessorImpl.java:25)
	at java.lang.reflect.Method.invoke(Method.java:597)
	at org.testng.internal.MethodInvocationHelper.invokeMethod(MethodInvocationHelper.java:80)
	at org.testng.internal.Invoker.invokeMethod(Invoker.java:701)
	at org.testng.internal.Invoker.invokeTestMethod(Invoker.java:893)
	at org.testng.internal.Invoker.invokeTestMethods(Invoker.java:1218)
	at org.testng.internal.TestMethodWorker.invokeTestMethods(TestMethodWorker.java:127)
	at org.testng.internal.TestMethodWorker.run(TestMethodWorker.java:111)
	at org.testng.TestRunner.privateRun(TestRunner.java:768)
	at org.testng.TestRunner.run(TestRunner.java:617)
	at org.testng.SuiteRunner.runTest(SuiteRunner.java:334)
	at org.testng.SuiteRunner.runSequentially(SuiteRunner.java:329)
	at org.testng.SuiteRunner.privateRun(SuiteRunner.java:291)
	at org.testng.SuiteRunner.run(SuiteRunner.java:240)
	at org.testng.SuiteRunnerWorker.runSuite(SuiteRunnerWorker.java:53)
	at org.testng.SuiteRunnerWorker.run(SuiteRunnerWorker.java:87)
	at org.testng.TestNG.runSuitesSequentially(TestNG.java:1185)
	at org.testng.TestNG.runSuitesLocally(TestNG.java:1110)
	at org.testng.TestNG.run(TestNG.java:1022)
	at org.testng.remote.RemoteTestNG.run(RemoteTestNG.java:109)
	at org.testng.remote.RemoteTestNG.initAndRun(RemoteTestNG.java:202)
	at org.testng.remote.RemoteTestNG.main(RemoteTestNG.java:173)
</pre></div></td>
<td>0</td>
<td>com.google.sitebricks.compiler.HtmlTemplateCompilerTest@63b0bdc8</td></tr>
<tr>
<td title='com.google.sitebricks.compiler.XmlTemplateCompilerTest.readXmlWidget()'><b>readXmlWidget</b><br>Test class: com.google.sitebricks.compiler.XmlTemplateCompilerTest</td>
<td><div><pre>com.google.sitebricks.compiler.TemplateCompileException: Compilation errors in template for java.lang.Object

1) error

0: 
Total errors: 1


	at com.google.sitebricks.compiler.XmlTemplateCompiler.compile(XmlTemplateCompiler.java:115)
	at com.google.sitebricks.compiler.XmlTemplateCompilerTest.readXmlWidget(XmlTemplateCompilerTest.java:301)
	at sun.reflect.NativeMethodAccessorImpl.invoke0(Native Method)
	at sun.reflect.NativeMethodAccessorImpl.invoke(NativeMethodAccessorImpl.java:39)
	at sun.reflect.DelegatingMethodAccessorImpl.invoke(DelegatingMethodAccessorImpl.java:25)
	at java.lang.reflect.Method.invoke(Method.java:597)
	at org.testng.internal.MethodInvocationHelper.invokeMethod(MethodInvocationHelper.java:80)
	at org.testng.internal.Invoker.invokeMethod(Invoker.java:701)
	at org.testng.internal.Invoker.invokeTestMethod(Invoker.java:893)
	at org.testng.internal.Invoker.invokeTestMethods(Invoker.java:1218)
	at org.testng.internal.TestMethodWorker.invokeTestMethods(TestMethodWorker.java:127)
	at org.testng.internal.TestMethodWorker.run(TestMethodWorker.java:111)
	at org.testng.TestRunner.privateRun(TestRunner.java:768)
	at org.testng.TestRunner.run(TestRunner.java:617)
	at org.testng.SuiteRunner.runTest(SuiteRunner.java:334)
	at org.testng.SuiteRunner.runSequentially(SuiteRunner.java:329)
	at org.testng.SuiteRunner.privateRun(SuiteRunner.java:291)
	at org.testng.SuiteRunner.run(SuiteRunner.java:240)
	at org.testng.SuiteRunnerWorker.runSuite(SuiteRunnerWorker.java:53)
	at org.testng.SuiteRunnerWorker.run(SuiteRunnerWorker.java:87)
	at org.testng.TestNG.runSuitesSequentially(TestNG.java:1185)
	at org.testng.TestNG.runSuitesLocally(TestNG.java:1110)
	at org.testng.TestNG.run(TestNG.java:1022)
	at org.testng.remote.RemoteTestNG.run(RemoteTestNG.java:109)
	at org.testng.remote.RemoteTestNG.initAndRun(RemoteTestNG.java:202)
	at org.testng.remote.RemoteTestNG.main(RemoteTestNG.java:173)
</pre></div><a href='#' onClick='toggleBox("stack-trace1582593918", this, "Click to show all stack frames", "Click to hide stack frames")'>Click to show all stack frames</a>
<div class='stack-trace' id='stack-trace1582593918'><pre>com.google.sitebricks.compiler.TemplateCompileException: Compilation errors in template for java.lang.Object

1) error

0: 
Total errors: 1


	at com.google.sitebricks.compiler.XmlTemplateCompiler.compile(XmlTemplateCompiler.java:115)
	at com.google.sitebricks.compiler.XmlTemplateCompilerTest.readXmlWidget(XmlTemplateCompilerTest.java:301)
	at sun.reflect.NativeMethodAccessorImpl.invoke0(Native Method)
	at sun.reflect.NativeMethodAccessorImpl.invoke(NativeMethodAccessorImpl.java:39)
	at sun.reflect.DelegatingMethodAccessorImpl.invoke(DelegatingMethodAccessorImpl.java:25)
	at java.lang.reflect.Method.invoke(Method.java:597)
	at org.testng.internal.MethodInvocationHelper.invokeMethod(MethodInvocationHelper.java:80)
	at org.testng.internal.Invoker.invokeMethod(Invoker.java:701)
	at org.testng.internal.Invoker.invokeTestMethod(Invoker.java:893)
	at org.testng.internal.Invoker.invokeTestMethods(Invoker.java:1218)
	at org.testng.internal.TestMethodWorker.invokeTestMethods(TestMethodWorker.java:127)
	at org.testng.internal.TestMethodWorker.run(TestMethodWorker.java:111)
	at org.testng.TestRunner.privateRun(TestRunner.java:768)
	at org.testng.TestRunner.run(TestRunner.java:617)
	at org.testng.SuiteRunner.runTest(SuiteRunner.java:334)
	at org.testng.SuiteRunner.runSequentially(SuiteRunner.java:329)
	at org.testng.SuiteRunner.privateRun(SuiteRunner.java:291)
	at org.testng.SuiteRunner.run(SuiteRunner.java:240)
	at org.testng.SuiteRunnerWorker.runSuite(SuiteRunnerWorker.java:53)
	at org.testng.SuiteRunnerWorker.run(SuiteRunnerWorker.java:87)
	at org.testng.TestNG.runSuitesSequentially(TestNG.java:1185)
	at org.testng.TestNG.runSuitesLocally(TestNG.java:1110)
	at org.testng.TestNG.run(TestNG.java:1022)
	at org.testng.remote.RemoteTestNG.run(RemoteTestNG.java:109)
	at org.testng.remote.RemoteTestNG.initAndRun(RemoteTestNG.java:202)
	at org.testng.remote.RemoteTestNG.main(RemoteTestNG.java:173)
</pre></div></td>
<td>0</td>
<td>com.google.sitebricks.compiler.XmlTemplateCompilerTest@5f0ab09f</td></tr>
<tr>
<td title='com.google.sitebricks.compiler.XmlTemplateCompilerTest.readXmlWidgetWithChildren()'><b>readXmlWidgetWithChildren</b><br>Test class: com.google.sitebricks.compiler.XmlTemplateCompilerTest</td>
<td><div><pre>com.google.sitebricks.compiler.TemplateCompileException: Compilation errors in template for java.lang.Object

1) error

0: 2) error

0: 
Total errors: 2


	at com.google.sitebricks.compiler.XmlTemplateCompiler.compile(XmlTemplateCompiler.java:115)
	at com.google.sitebricks.compiler.XmlTemplateCompilerTest.readXmlWidgetWithChildren(XmlTemplateCompilerTest.java:323)
	at sun.reflect.NativeMethodAccessorImpl.invoke0(Native Method)
	at sun.reflect.NativeMethodAccessorImpl.invoke(NativeMethodAccessorImpl.java:39)
	at sun.reflect.DelegatingMethodAccessorImpl.invoke(DelegatingMethodAccessorImpl.java:25)
	at java.lang.reflect.Method.invoke(Method.java:597)
	at org.testng.internal.MethodInvocationHelper.invokeMethod(MethodInvocationHelper.java:80)
	at org.testng.internal.Invoker.invokeMethod(Invoker.java:701)
	at org.testng.internal.Invoker.invokeTestMethod(Invoker.java:893)
	at org.testng.internal.Invoker.invokeTestMethods(Invoker.java:1218)
	at org.testng.internal.TestMethodWorker.invokeTestMethods(TestMethodWorker.java:127)
	at org.testng.internal.TestMethodWorker.run(TestMethodWorker.java:111)
	at org.testng.TestRunner.privateRun(TestRunner.java:768)
	at org.testng.TestRunner.run(TestRunner.java:617)
	at org.testng.SuiteRunner.runTest(SuiteRunner.java:334)
	at org.testng.SuiteRunner.runSequentially(SuiteRunner.java:329)
	at org.testng.SuiteRunner.privateRun(SuiteRunner.java:291)
	at org.testng.SuiteRunner.run(SuiteRunner.java:240)
	at org.testng.SuiteRunnerWorker.runSuite(SuiteRunnerWorker.java:53)
	at org.testng.SuiteRunnerWorker.run(SuiteRunnerWorker.java:87)
	at org.testng.TestNG.runSuitesSequentially(TestNG.java:1185)
	at org.testng.TestNG.runSuitesLocally(TestNG.java:1110)
	at org.testng.TestNG.run(TestNG.java:1022)
	at org.testng.remote.RemoteTestNG.run(RemoteTestNG.java:109)
	at org.testng.remote.RemoteTestNG.initAndRun(RemoteTestNG.java:202)
	at org.testng.remote.RemoteTestNG.main(RemoteTestNG.java:173)
</pre></div><a href='#' onClick='toggleBox("stack-trace1866162779", this, "Click to show all stack frames", "Click to hide stack frames")'>Click to show all stack frames</a>
<div class='stack-trace' id='stack-trace1866162779'><pre>com.google.sitebricks.compiler.TemplateCompileException: Compilation errors in template for java.lang.Object

1) error

0: 2) error

0: 
Total errors: 2


	at com.google.sitebricks.compiler.XmlTemplateCompiler.compile(XmlTemplateCompiler.java:115)
	at com.google.sitebricks.compiler.XmlTemplateCompilerTest.readXmlWidgetWithChildren(XmlTemplateCompilerTest.java:323)
	at sun.reflect.NativeMethodAccessorImpl.invoke0(Native Method)
	at sun.reflect.NativeMethodAccessorImpl.invoke(NativeMethodAccessorImpl.java:39)
	at sun.reflect.DelegatingMethodAccessorImpl.invoke(DelegatingMethodAccessorImpl.java:25)
	at java.lang.reflect.Method.invoke(Method.java:597)
	at org.testng.internal.MethodInvocationHelper.invokeMethod(MethodInvocationHelper.java:80)
	at org.testng.internal.Invoker.invokeMethod(Invoker.java:701)
	at org.testng.internal.Invoker.invokeTestMethod(Invoker.java:893)
	at org.testng.internal.Invoker.invokeTestMethods(Invoker.java:1218)
	at org.testng.internal.TestMethodWorker.invokeTestMethods(TestMethodWorker.java:127)
	at org.testng.internal.TestMethodWorker.run(TestMethodWorker.java:111)
	at org.testng.TestRunner.privateRun(TestRunner.java:768)
	at org.testng.TestRunner.run(TestRunner.java:617)
	at org.testng.SuiteRunner.runTest(SuiteRunner.java:334)
	at org.testng.SuiteRunner.runSequentially(SuiteRunner.java:329)
	at org.testng.SuiteRunner.privateRun(SuiteRunner.java:291)
	at org.testng.SuiteRunner.run(SuiteRunner.java:240)
	at org.testng.SuiteRunnerWorker.runSuite(SuiteRunnerWorker.java:53)
	at org.testng.SuiteRunnerWorker.run(SuiteRunnerWorker.java:87)
	at org.testng.TestNG.runSuitesSequentially(TestNG.java:1185)
	at org.testng.TestNG.runSuitesLocally(TestNG.java:1110)
	at org.testng.TestNG.run(TestNG.java:1022)
	at org.testng.remote.RemoteTestNG.run(RemoteTestNG.java:109)
	at org.testng.remote.RemoteTestNG.initAndRun(RemoteTestNG.java:202)
	at org.testng.remote.RemoteTestNG.main(RemoteTestNG.java:173)
</pre></div></td>
<td>0</td>
<td>com.google.sitebricks.compiler.XmlTemplateCompilerTest@5f0ab09f</td></tr>
</table><p>
<table width='100%' border='1' class='invocation-passed'>
<tr><td colspan='4' align='center'><b>PASSED TESTS</b></td></tr>
<tr><td><b>Test method</b></td>
<td width="30%"><b>Exception</b></td>
<td width="10%"><b>Time (seconds)</b></td>
<td><b>Instance</b></td>
</tr>
<tr>
<td title='com.google.sitebricks.compiler.XmlTemplateCompilerTest.annotationKeyExtraction()'><b>annotationKeyExtraction</b><br>Test class: com.google.sitebricks.compiler.XmlTemplateCompilerTest</td>
<td></td>
<td>0</td>
<td>com.google.sitebricks.compiler.XmlTemplateCompilerTest@5f0ab09f</td></tr>
<tr>
<td title='com.google.sitebricks.compiler.HtmlTemplateCompilerTest.annotationKeyExtraction()'><b>annotationKeyExtraction</b><br>Test class: com.google.sitebricks.compiler.HtmlTemplateCompilerTest</td>
<td></td>
<td>0</td>
<td>com.google.sitebricks.compiler.HtmlTemplateCompilerTest@63b0bdc8</td></tr>
<tr>
<td title='com.google.sitebricks.compiler.FreemarkerTemplateCompilerTest.annotationKeyExtraction()'><b>annotationKeyExtraction</b><br>Test class: com.google.sitebricks.compiler.FreemarkerTemplateCompilerTest</td>
<td></td>
<td>0</td>
<td>com.google.sitebricks.compiler.FreemarkerTemplateCompilerTest@16aeea66</td></tr>
<tr>
<td title='com.google.sitebricks.binding.MvelRequestBinderTest.bindRequestDetectInvalid()'><b>bindRequestDetectInvalid</b><br>Test class: com.google.sitebricks.binding.MvelRequestBinderTest</td>
<td><div><pre>com.google.sitebricks.binding.InvalidBindingException: Binding expression (request/form parameter) contained invalid characters: 2 + 12
	at com.google.sitebricks.binding.MvelRequestBinder.validate(MvelRequestBinder.java:121)
	at com.google.sitebricks.binding.MvelRequestBinder.bind(MvelRequestBinder.java:49)
	at com.google.sitebricks.binding.MvelRequestBinderTest.bindRequestDetectInvalid(MvelRequestBinderTest.java:148)
	at sun.reflect.NativeMethodAccessorImpl.invoke0(Native Method)
	at sun.reflect.NativeMethodAccessorImpl.invoke(NativeMethodAccessorImpl.java:39)
	at sun.reflect.DelegatingMethodAccessorImpl.invoke(DelegatingMethodAccessorImpl.java:25)
	at java.lang.reflect.Method.invoke(Method.java:597)
	at org.testng.internal.MethodInvocationHelper.invokeMethod(MethodInvocationHelper.java:80)
	at org.testng.internal.Invoker.invokeMethod(Invoker.java:701)
	at org.testng.internal.Invoker.invokeTestMethod(Invoker.java:893)
	at org.testng.internal.Invoker.invokeTestMethods(Invoker.java:1218)
	at org.testng.internal.TestMethodWorker.invokeTestMethods(TestMethodWorker.java:127)
	at org.testng.internal.TestMethodWorker.run(TestMethodWorker.java:111)
	at org.testng.TestRunner.privateRun(TestRunner.java:768)
	at org.testng.TestRunner.run(TestRunner.java:617)
	at org.testng.SuiteRunner.runTest(SuiteRunner.java:334)
	at org.testng.SuiteRunner.runSequentially(SuiteRunner.java:329)
	at org.testng.SuiteRunner.privateRun(SuiteRunner.java:291)
	at org.testng.SuiteRunner.run(SuiteRunner.java:240)
	at org.testng.SuiteRunnerWorker.runSuite(SuiteRunnerWorker.java:53)
	at org.testng.SuiteRunnerWorker.run(SuiteRunnerWorker.java:87)
	at org.testng.TestNG.runSuitesSequentially(TestNG.java:1185)
	at org.testng.TestNG.runSuitesLocally(TestNG.java:1110)
	at org.testng.TestNG.run(TestNG.java:1022)
	at org.testng.remote.RemoteTestNG.run(RemoteTestNG.java:109)
	at org.testng.remote.RemoteTestNG.initAndRun(RemoteTestNG.java:202)
	at org.testng.remote.RemoteTestNG.main(RemoteTestNG.java:173)
</pre></div><a href='#' onClick='toggleBox("stack-trace988725015", this, "Click to show all stack frames", "Click to hide stack frames")'>Click to show all stack frames</a>
<div class='stack-trace' id='stack-trace988725015'><pre>com.google.sitebricks.binding.InvalidBindingException: Binding expression (request/form parameter) contained invalid characters: 2 + 12
	at com.google.sitebricks.binding.MvelRequestBinder.validate(MvelRequestBinder.java:121)
	at com.google.sitebricks.binding.MvelRequestBinder.bind(MvelRequestBinder.java:49)
	at com.google.sitebricks.binding.MvelRequestBinderTest.bindRequestDetectInvalid(MvelRequestBinderTest.java:148)
	at sun.reflect.NativeMethodAccessorImpl.invoke0(Native Method)
	at sun.reflect.NativeMethodAccessorImpl.invoke(NativeMethodAccessorImpl.java:39)
	at sun.reflect.DelegatingMethodAccessorImpl.invoke(DelegatingMethodAccessorImpl.java:25)
	at java.lang.reflect.Method.invoke(Method.java:597)
	at org.testng.internal.MethodInvocationHelper.invokeMethod(MethodInvocationHelper.java:80)
	at org.testng.internal.Invoker.invokeMethod(Invoker.java:701)
	at org.testng.internal.Invoker.invokeTestMethod(Invoker.java:893)
	at org.testng.internal.Invoker.invokeTestMethods(Invoker.java:1218)
	at org.testng.internal.TestMethodWorker.invokeTestMethods(TestMethodWorker.java:127)
	at org.testng.internal.TestMethodWorker.run(TestMethodWorker.java:111)
	at org.testng.TestRunner.privateRun(TestRunner.java:768)
	at org.testng.TestRunner.run(TestRunner.java:617)
	at org.testng.SuiteRunner.runTest(SuiteRunner.java:334)
	at org.testng.SuiteRunner.runSequentially(SuiteRunner.java:329)
	at org.testng.SuiteRunner.privateRun(SuiteRunner.java:291)
	at org.testng.SuiteRunner.run(SuiteRunner.java:240)
	at org.testng.SuiteRunnerWorker.runSuite(SuiteRunnerWorker.java:53)
	at org.testng.SuiteRunnerWorker.run(SuiteRunnerWorker.java:87)
	at org.testng.TestNG.runSuitesSequentially(TestNG.java:1185)
	at org.testng.TestNG.runSuitesLocally(TestNG.java:1110)
	at org.testng.TestNG.run(TestNG.java:1022)
	at org.testng.remote.RemoteTestNG.run(RemoteTestNG.java:109)
	at org.testng.remote.RemoteTestNG.initAndRun(RemoteTestNG.java:202)
	at org.testng.remote.RemoteTestNG.main(RemoteTestNG.java:173)
</pre></div></td>
<td>0</td>
<td>com.google.sitebricks.binding.MvelRequestBinderTest@579d75ee</td></tr>
<tr>
<td title='com.google.sitebricks.binding.MvelRequestBinderTest.bindRequestToCollections()'><b>bindRequestToCollections</b><br>Test class: com.google.sitebricks.binding.MvelRequestBinderTest</td>
<td></td>
<td>0</td>
<td>com.google.sitebricks.binding.MvelRequestBinderTest@579d75ee</td></tr>
<tr>
<td title='com.google.sitebricks.binding.MvelRequestBinderTest.bindRequestToPrimitives()'><b>bindRequestToPrimitives</b><br>Test class: com.google.sitebricks.binding.MvelRequestBinderTest</td>
<td></td>
<td>0</td>
<td>com.google.sitebricks.binding.MvelRequestBinderTest@579d75ee</td></tr>
<tr>
<td title='com.google.sitebricks.binding.MvelRequestBinderTest.bindRequestToPrimitivesAndIgnoreExtras()'><b>bindRequestToPrimitivesAndIgnoreExtras</b><br>Test class: com.google.sitebricks.binding.MvelRequestBinderTest</td>
<td></td>
<td>0</td>
<td>com.google.sitebricks.binding.MvelRequestBinderTest@579d75ee</td></tr>
<tr>
<td title='com.google.sitebricks.rendering.control.ChooseWidgetTest.chooseWidgetSelectTagRender()'><b>chooseWidgetSelectTagRender</b><br>Test class: com.google.sitebricks.rendering.control.ChooseWidgetTest</td>
<td></td>
<td>0</td>
<td>com.google.sitebricks.rendering.control.ChooseWidgetTest@1fcef4f7</td></tr>
<tr>
<td title='com.google.sitebricks.rendering.EvaluatorCompilerTest.compileEvaluatorFromExpression()'><b>compileEvaluatorFromExpression</b><br>Test class: com.google.sitebricks.rendering.EvaluatorCompilerTest</td>
<td></td>
<td>0</td>
<td>com.google.sitebricks.rendering.EvaluatorCompilerTest@559113f8</td></tr>
<tr>
<td title='com.google.sitebricks.rendering.EvaluatorCompilerTest.compileExpressionIntegerTypeMatchInDeeperObjectGraph()'><b>compileExpressionIntegerTypeMatchInDeeperObjectGraph</b><br>Test class: com.google.sitebricks.rendering.EvaluatorCompilerTest</td>
<td></td>
<td>0</td>
<td>com.google.sitebricks.rendering.EvaluatorCompilerTest@559113f8</td></tr>
<tr>
<td title='com.google.sitebricks.rendering.EvaluatorCompilerTest.compileExpressionInvokingArbitraryMethod()'><b>compileExpressionInvokingArbitraryMethod</b><br>Test class: com.google.sitebricks.rendering.EvaluatorCompilerTest</td>
<td></td>
<td>0</td>
<td>com.google.sitebricks.rendering.EvaluatorCompilerTest@559113f8</td></tr>
<tr>
<td title='com.google.sitebricks.rendering.EvaluatorCompilerTest.compileExpressionInvokingArbitraryMethodAndTestReturn()'><b>compileExpressionInvokingArbitraryMethodAndTestReturn</b><br>Test class: com.google.sitebricks.rendering.EvaluatorCompilerTest</td>
<td></td>
<td>0</td>
<td>com.google.sitebricks.rendering.EvaluatorCompilerTest@559113f8</td></tr>
<tr>
<td title='com.google.sitebricks.rendering.EvaluatorCompilerTest.compileExpressionInvokingArbitraryMethodThruInterface()'><b>compileExpressionInvokingArbitraryMethodThruInterface</b><br>Test class: com.google.sitebricks.rendering.EvaluatorCompilerTest</td>
<td></td>
<td>0</td>
<td>com.google.sitebricks.rendering.EvaluatorCompilerTest@559113f8</td></tr>
<tr>
<td title='com.google.sitebricks.rendering.EvaluatorCompilerTest.compileExpressionInvokingArbitraryMethodThruInterfaceAndRegular()'><b>compileExpressionInvokingArbitraryMethodThruInterfaceAndRegular</b><br>Test class: com.google.sitebricks.rendering.EvaluatorCompilerTest</td>
<td></td>
<td>0</td>
<td>com.google.sitebricks.rendering.EvaluatorCompilerTest@559113f8</td></tr>
<tr>
<td title='com.google.sitebricks.rendering.EvaluatorCompilerTest.compileExpressionNumericTypeMatchInDeeperObjectGraph()'><b>compileExpressionNumericTypeMatchInDeeperObjectGraph</b><br>Test class: com.google.sitebricks.rendering.EvaluatorCompilerTest</td>
<td></td>
<td>0</td>
<td>com.google.sitebricks.rendering.EvaluatorCompilerTest@559113f8</td></tr>
<tr>
<td title='com.google.sitebricks.rendering.EvaluatorCompilerTest.compileMethodMatchInDeeperObjectGraph()'><b>compileMethodMatchInDeeperObjectGraph</b><br>Test class: com.google.sitebricks.rendering.EvaluatorCompilerTest</td>
<td></td>
<td>0</td>
<td>com.google.sitebricks.rendering.EvaluatorCompilerTest@559113f8</td></tr>
<tr>
<td title='com.google.sitebricks.rendering.MvelGenericsConfidenceTest.determineEgressParametricType()'><b>determineEgressParametricType</b><br>Test class: com.google.sitebricks.rendering.MvelGenericsConfidenceTest</td>
<td></td>
<td>0</td>
<td>com.google.sitebricks.rendering.MvelGenericsConfidenceTest@67eb366</td></tr>
<tr>
<td title='com.google.sitebricks.rendering.MvelGenericsConfidenceTest.determineEgressParametricTypeInExprChain()'><b>determineEgressParametricTypeInExprChain</b><br>Test class: com.google.sitebricks.rendering.MvelGenericsConfidenceTest</td>
<td></td>
<td>0</td>
<td>com.google.sitebricks.rendering.MvelGenericsConfidenceTest@67eb366</td></tr>
<tr>
<td title='com.google.sitebricks.rendering.EvaluatorCompilerTest.determineEgressTypeParameter()'><b>determineEgressTypeParameter</b><br>Test class: com.google.sitebricks.rendering.EvaluatorCompilerTest</td>
<td></td>
<td>0</td>
<td>com.google.sitebricks.rendering.EvaluatorCompilerTest@559113f8</td></tr>
<tr>
<td title='com.google.sitebricks.rendering.EvaluatorCompilerTest.determineEgressTypeParameterInExpressionChain()'><b>determineEgressTypeParameterInExpressionChain</b><br>Test class: com.google.sitebricks.rendering.EvaluatorCompilerTest</td>
<td></td>
<td>0</td>
<td>com.google.sitebricks.rendering.EvaluatorCompilerTest@559113f8</td></tr>
<tr>
<td title='com.google.sitebricks.binding.PropertyCacheTest.doesPropertyExist()'><b>doesPropertyExist</b><br>Test class: com.google.sitebricks.binding.PropertyCacheTest</td>
<td></td>
<td>0</td>
<td>com.google.sitebricks.binding.PropertyCacheTest@17094d48</td></tr>
<tr>
<td title='com.google.sitebricks.EdslTest.edsl()'><b>edsl</b><br>Test class: com.google.sitebricks.EdslTest</td>
<td></td>
<td>0</td>
<td>com.google.sitebricks.EdslTest@900bac2</td></tr>
<tr>
<td title='com.google.sitebricks.headless.ReplyEdslTest.entities()'><b>entities</b><br>Test class: com.google.sitebricks.headless.ReplyEdslTest</td>
<td></td>
<td>0</td>
<td>com.google.sitebricks.headless.ReplyEdslTest@27b62aab</td></tr>
<tr>
<td title='com.google.sitebricks.routing.PageBookImplTest.errorOnPostMethodWithUnnamedArgs()'><b>errorOnPostMethodWithUnnamedArgs</b><br>Test class: com.google.sitebricks.routing.PageBookImplTest</td>
<td><div><pre>com.google.sitebricks.routing.InvalidEventHandlerException: Encountered an argument not annotated with @Named and not a valid injection key in event handler method: public void com.google.sitebricks.routing.PageBookImplTest$MyBrokenPageWithTemplate.post(java.lang.String,int,java.lang.String) Key[type=java.lang.Integer, annotation=[none]]
	at com.google.sitebricks.routing.DefaultPageBook$MethodTuple.reflect(DefaultPageBook.java:660)
	at com.google.sitebricks.routing.DefaultPageBook$MethodTuple.&lt;init&gt;(DefaultPageBook.java:620)
	at com.google.sitebricks.routing.DefaultPageBook$MethodTuple.&lt;init&gt;(DefaultPageBook.java:609)
	at com.google.sitebricks.routing.DefaultPageBook$PageTuple.reflectAndCache(DefaultPageBook.java:441)
	at com.google.sitebricks.routing.DefaultPageBook$PageTuple.&lt;init&gt;(DefaultPageBook.java:377)
	at com.google.sitebricks.routing.DefaultPageBook.at(DefaultPageBook.java:151)
	at com.google.sitebricks.routing.DefaultPageBook.at(DefaultPageBook.java:106)
	at com.google.sitebricks.routing.DefaultPageBook.at(DefaultPageBook.java:50)
	at com.google.sitebricks.routing.PageBookImplTest.errorOnPostMethodWithUnnamedArgs(PageBookImplTest.java:432)
	at sun.reflect.NativeMethodAccessorImpl.invoke0(Native Method)
	at sun.reflect.NativeMethodAccessorImpl.invoke(NativeMethodAccessorImpl.java:39)
	at sun.reflect.DelegatingMethodAccessorImpl.invoke(DelegatingMethodAccessorImpl.java:25)
	at java.lang.reflect.Method.invoke(Method.java:597)
	at org.testng.internal.MethodInvocationHelper.invokeMethod(MethodInvocationHelper.java:80)
	at org.testng.internal.Invoker.invokeMethod(Invoker.java:701)
	at org.testng.internal.Invoker.invokeTestMethod(Invoker.java:893)
	at org.testng.internal.Invoker.invokeTestMethods(Invoker.java:1218)
	at org.testng.internal.TestMethodWorker.invokeTestMethods(TestMethodWorker.java:127)
	at org.testng.internal.TestMethodWorker.run(TestMethodWorker.java:111)
	at org.testng.TestRunner.privateRun(TestRunner.java:768)
	at org.testng.TestRunner.run(TestRunner.java:617)
	at org.testng.SuiteRunner.runTest(SuiteRunner.java:334)
	at org.testng.SuiteRunner.runSequentially(SuiteRunner.java:329)
	at org.testng.SuiteRunner.privateRun(SuiteRunner.java:291)
	at org.testng.SuiteRunner.run(SuiteRunner.java:240)
	at org.testng.SuiteRunnerWorker.runSuite(SuiteRunnerWorker.java:53)
	at org.testng.SuiteRunnerWorker.run(SuiteRunnerWorker.java:87)
	at org.testng.TestNG.runSuitesSequentially(TestNG.java:1185)
	at org.testng.TestNG.runSuitesLocally(TestNG.java:1110)
	at org.testng.TestNG.run(TestNG.java:1022)
	at org.testng.remote.RemoteTestNG.run(RemoteTestNG.java:109)
	at org.testng.remote.RemoteTestNG.initAndRun(RemoteTestNG.java:202)
	at org.testng.remote.RemoteTestNG.main(RemoteTestNG.java:173)
</pre></div><a href='#' onClick='toggleBox("stack-trace1253637029", this, "Click to show all stack frames", "Click to hide stack frames")'>Click to show all stack frames</a>
<div class='stack-trace' id='stack-trace1253637029'><pre>com.google.sitebricks.routing.InvalidEventHandlerException: Encountered an argument not annotated with @Named and not a valid injection key in event handler method: public void com.google.sitebricks.routing.PageBookImplTest$MyBrokenPageWithTemplate.post(java.lang.String,int,java.lang.String) Key[type=java.lang.Integer, annotation=[none]]
	at com.google.sitebricks.routing.DefaultPageBook$MethodTuple.reflect(DefaultPageBook.java:660)
	at com.google.sitebricks.routing.DefaultPageBook$MethodTuple.&lt;init&gt;(DefaultPageBook.java:620)
	at com.google.sitebricks.routing.DefaultPageBook$MethodTuple.&lt;init&gt;(DefaultPageBook.java:609)
	at com.google.sitebricks.routing.DefaultPageBook$PageTuple.reflectAndCache(DefaultPageBook.java:441)
	at com.google.sitebricks.routing.DefaultPageBook$PageTuple.&lt;init&gt;(DefaultPageBook.java:377)
	at com.google.sitebricks.routing.DefaultPageBook.at(DefaultPageBook.java:151)
	at com.google.sitebricks.routing.DefaultPageBook.at(DefaultPageBook.java:106)
	at com.google.sitebricks.routing.DefaultPageBook.at(DefaultPageBook.java:50)
	at com.google.sitebricks.routing.PageBookImplTest.errorOnPostMethodWithUnnamedArgs(PageBookImplTest.java:432)
	at sun.reflect.NativeMethodAccessorImpl.invoke0(Native Method)
	at sun.reflect.NativeMethodAccessorImpl.invoke(NativeMethodAccessorImpl.java:39)
	at sun.reflect.DelegatingMethodAccessorImpl.invoke(DelegatingMethodAccessorImpl.java:25)
	at java.lang.reflect.Method.invoke(Method.java:597)
	at org.testng.internal.MethodInvocationHelper.invokeMethod(MethodInvocationHelper.java:80)
	at org.testng.internal.Invoker.invokeMethod(Invoker.java:701)
	at org.testng.internal.Invoker.invokeTestMethod(Invoker.java:893)
	at org.testng.internal.Invoker.invokeTestMethods(Invoker.java:1218)
	at org.testng.internal.TestMethodWorker.invokeTestMethods(TestMethodWorker.java:127)
	at org.testng.internal.TestMethodWorker.run(TestMethodWorker.java:111)
	at org.testng.TestRunner.privateRun(TestRunner.java:768)
	at org.testng.TestRunner.run(TestRunner.java:617)
	at org.testng.SuiteRunner.runTest(SuiteRunner.java:334)
	at org.testng.SuiteRunner.runSequentially(SuiteRunner.java:329)
	at org.testng.SuiteRunner.privateRun(SuiteRunner.java:291)
	at org.testng.SuiteRunner.run(SuiteRunner.java:240)
	at org.testng.SuiteRunnerWorker.runSuite(SuiteRunnerWorker.java:53)
	at org.testng.SuiteRunnerWorker.run(SuiteRunnerWorker.java:87)
	at org.testng.TestNG.runSuitesSequentially(TestNG.java:1185)
	at org.testng.TestNG.runSuitesLocally(TestNG.java:1110)
	at org.testng.TestNG.run(TestNG.java:1022)
	at org.testng.remote.RemoteTestNG.run(RemoteTestNG.java:109)
	at org.testng.remote.RemoteTestNG.initAndRun(RemoteTestNG.java:202)
	at org.testng.remote.RemoteTestNG.main(RemoteTestNG.java:173)
</pre></div></td>
<td>0</td>
<td>com.google.sitebricks.routing.PageBookImplTest@4ce66f56</td></tr>
<tr>
<td title='com.google.sitebricks.rendering.control.EmbeddedRespondExtractorTest.extractInsideHeadTags()'><b>extractInsideHeadTags</b><br>Test class: com.google.sitebricks.rendering.control.EmbeddedRespondExtractorTest<br>Parameters: <html>
 @Meta
 <head id="hd">
   <title>yoyo</title>
 </head>
 
 <body>


 <p>Greetings</p>

 <input type='as'/> Some free text
</body></html>, <title>yoyo</title>, <p>Greetings</p>

 <input type='as'/> Some free text</td>
<td></td>
<td>0</td>
<td>com.google.sitebricks.rendering.control.EmbeddedRespondExtractorTest@62acc57</td></tr>
<tr>
<td title='com.google.sitebricks.rendering.control.EmbeddedRespondExtractorTest.extractInsideHeadTags()'><b>extractInsideHeadTags</b><br>Test class: com.google.sitebricks.rendering.control.EmbeddedRespondExtractorTest<br>Parameters: <html>
 @Meta
 <head id="hd">
   <title>yoyo</title>
 </head>
 
 <body id='thing' w:class='dubious' >


 <p>Greetings</p>

 <input type='as'/> Some free text
</body></html>, <title>yoyo</title>, <p>Greetings</p>

 <input type='as'/> Some free text</td>
<td></td>
<td>0</td>
<td>com.google.sitebricks.rendering.control.EmbeddedRespondExtractorTest@62acc57</td></tr>
<tr>
<td title='com.google.sitebricks.rendering.control.EmbeddedRespondExtractorTest.extractInsideHeadTags()'><b>extractInsideHeadTags</b><br>Test class: com.google.sitebricks.rendering.control.EmbeddedRespondExtractorTest<br>Parameters: <html>
 @Meta
 <head id="hd" w:class="javascript:call('dubious > jebious')">
   <title>yoyo</title>
 </head>
 
 <body id='thing'  >


 <p>Greetings</p>

 <input type='as'/> Some free text
</body></html>, <title>yoyo</title>, <p>Greetings</p>

 <input type='as'/> Some free text</td>
<td></td>
<td>0</td>
<td>com.google.sitebricks.rendering.control.EmbeddedRespondExtractorTest@62acc57</td></tr>
<tr>
<td title='com.google.sitebricks.rendering.control.EmbeddedRespondExtractorTest.extractInsideHeadTags()'><b>extractInsideHeadTags</b><br>Test class: com.google.sitebricks.rendering.control.EmbeddedRespondExtractorTest<br>Parameters: <html>
 @Meta
 <head id="hd">
   <title>yoyo</title>
 </head>
 
 <body id='thing' w:class="javascript:call('dubious > jebious')" >


 <p>Greetings</p>

 <input type='as'/> Some free text
</body></html>, <title>yoyo</title>, <p>Greetings</p>

 <input type='as'/> Some free text</td>
<td></td>
<td>0</td>
<td>com.google.sitebricks.rendering.control.EmbeddedRespondExtractorTest@62acc57</td></tr>
<tr>
<td title='com.google.sitebricks.rendering.control.EmbeddedRespondExtractorTest.extractInsideHeadTags()'><b>extractInsideHeadTags</b><br>Test class: com.google.sitebricks.rendering.control.EmbeddedRespondExtractorTest<br>Parameters: <html>
 @Meta
 <head id="hd>>>>">
   <title>yoyo</title>
 </head>
 
 @Frame
 <body id='thing' w:class='dubious> hubris' >


 <p>Greetings</p>

 @TextField <input type='as'/> Some free text
</body></html>, <title>yoyo</title>, <p>Greetings</p>

 @TextField <input type='as'/> Some free text</td>
<td></td>
<td>0</td>
<td>com.google.sitebricks.rendering.control.EmbeddedRespondExtractorTest@62acc57</td></tr>
<tr>
<td title='com.google.sitebricks.rendering.control.EmbeddedRespondExtractorTest.extractInsideHeadTags()'><b>extractInsideHeadTags</b><br>Test class: com.google.sitebricks.rendering.control.EmbeddedRespondExtractorTest<br>Parameters: <html>
 @Meta
 
 
 <body>


 <p>Greetings</p>

 <input type='as'/> Some free text
</body></html>, , <p>Greetings</p>

 <input type='as'/> Some free text</td>
<td></td>
<td>0</td>
<td>com.google.sitebricks.rendering.control.EmbeddedRespondExtractorTest@62acc57</td></tr>
<tr>
<td title='com.google.sitebricks.rendering.control.EmbeddedRespondExtractorTest.extractInsideHeadTags()'><b>extractInsideHeadTags</b><br>Test class: com.google.sitebricks.rendering.control.EmbeddedRespondExtractorTest<br>Parameters: <html>
 @Meta
 
<head /> 
 <body>


 <p>Greetings</p>

 <input type='as'/> Some free text
</body></html>, , <p>Greetings</p>

 <input type='as'/> Some free text</td>
<td></td>
<td>0</td>
<td>com.google.sitebricks.rendering.control.EmbeddedRespondExtractorTest@62acc57</td></tr>
<tr>
<td title='com.google.sitebricks.rendering.EvaluatorCompilerTest.failCompileDueToNameMismatch()'><b>failCompileDueToNameMismatch</b><br>Test class: com.google.sitebricks.rendering.EvaluatorCompilerTest</td>
<td><div><pre>com.google.sitebricks.compiler.ExpressionCompileException
	at com.google.sitebricks.compiler.MvelEvaluatorCompiler.compileExpression(MvelEvaluatorCompiler.java:132)
	at com.google.sitebricks.compiler.MvelEvaluatorCompiler.compile(MvelEvaluatorCompiler.java:98)
	at com.google.sitebricks.rendering.EvaluatorCompilerTest.failCompileDueToNameMismatch(EvaluatorCompilerTest.java:93)
	at sun.reflect.NativeMethodAccessorImpl.invoke0(Native Method)
	at sun.reflect.NativeMethodAccessorImpl.invoke(NativeMethodAccessorImpl.java:39)
	at sun.reflect.DelegatingMethodAccessorImpl.invoke(DelegatingMethodAccessorImpl.java:25)
	at java.lang.reflect.Method.invoke(Method.java:597)
	at org.testng.internal.MethodInvocationHelper.invokeMethod(MethodInvocationHelper.java:80)
	at org.testng.internal.Invoker.invokeMethod(Invoker.java:701)
	at org.testng.internal.Invoker.invokeTestMethod(Invoker.java:893)
	at org.testng.internal.Invoker.invokeTestMethods(Invoker.java:1218)
	at org.testng.internal.TestMethodWorker.invokeTestMethods(TestMethodWorker.java:127)
	at org.testng.internal.TestMethodWorker.run(TestMethodWorker.java:111)
	at org.testng.TestRunner.privateRun(TestRunner.java:768)
	at org.testng.TestRunner.run(TestRunner.java:617)
	at org.testng.SuiteRunner.runTest(SuiteRunner.java:334)
	at org.testng.SuiteRunner.runSequentially(SuiteRunner.java:329)
	at org.testng.SuiteRunner.privateRun(SuiteRunner.java:291)
	at org.testng.SuiteRunner.run(SuiteRunner.java:240)
	at org.testng.SuiteRunnerWorker.runSuite(SuiteRunnerWorker.java:53)
	at org.testng.SuiteRunnerWorker.run(SuiteRunnerWorker.java:87)
	at org.testng.TestNG.runSuitesSequentially(TestNG.java:1185)
	at org.testng.TestNG.runSuitesLocally(TestNG.java:1110)
	at org.testng.TestNG.run(TestNG.java:1022)
	at org.testng.remote.RemoteTestNG.run(RemoteTestNG.java:109)
	at org.testng.remote.RemoteTestNG.initAndRun(RemoteTestNG.java:202)
	at org.testng.remote.RemoteTestNG.main(RemoteTestNG.java:173)
</pre></div><a href='#' onClick='toggleBox("stack-trace1548978993", this, "Click to show all stack frames", "Click to hide stack frames")'>Click to show all stack frames</a>
<div class='stack-trace' id='stack-trace1548978993'><pre>com.google.sitebricks.compiler.ExpressionCompileException
	at com.google.sitebricks.compiler.MvelEvaluatorCompiler.compileExpression(MvelEvaluatorCompiler.java:132)
	at com.google.sitebricks.compiler.MvelEvaluatorCompiler.compile(MvelEvaluatorCompiler.java:98)
	at com.google.sitebricks.rendering.EvaluatorCompilerTest.failCompileDueToNameMismatch(EvaluatorCompilerTest.java:93)
	at sun.reflect.NativeMethodAccessorImpl.invoke0(Native Method)
	at sun.reflect.NativeMethodAccessorImpl.invoke(NativeMethodAccessorImpl.java:39)
	at sun.reflect.DelegatingMethodAccessorImpl.invoke(DelegatingMethodAccessorImpl.java:25)
	at java.lang.reflect.Method.invoke(Method.java:597)
	at org.testng.internal.MethodInvocationHelper.invokeMethod(MethodInvocationHelper.java:80)
	at org.testng.internal.Invoker.invokeMethod(Invoker.java:701)
	at org.testng.internal.Invoker.invokeTestMethod(Invoker.java:893)
	at org.testng.internal.Invoker.invokeTestMethods(Invoker.java:1218)
	at org.testng.internal.TestMethodWorker.invokeTestMethods(TestMethodWorker.java:127)
	at org.testng.internal.TestMethodWorker.run(TestMethodWorker.java:111)
	at org.testng.TestRunner.privateRun(TestRunner.java:768)
	at org.testng.TestRunner.run(TestRunner.java:617)
	at org.testng.SuiteRunner.runTest(SuiteRunner.java:334)
	at org.testng.SuiteRunner.runSequentially(SuiteRunner.java:329)
	at org.testng.SuiteRunner.privateRun(SuiteRunner.java:291)
	at org.testng.SuiteRunner.run(SuiteRunner.java:240)
	at org.testng.SuiteRunnerWorker.runSuite(SuiteRunnerWorker.java:53)
	at org.testng.SuiteRunnerWorker.run(SuiteRunnerWorker.java:87)
	at org.testng.TestNG.runSuitesSequentially(TestNG.java:1185)
	at org.testng.TestNG.runSuitesLocally(TestNG.java:1110)
	at org.testng.TestNG.run(TestNG.java:1022)
	at org.testng.remote.RemoteTestNG.run(RemoteTestNG.java:109)
	at org.testng.remote.RemoteTestNG.initAndRun(RemoteTestNG.java:202)
	at org.testng.remote.RemoteTestNG.main(RemoteTestNG.java:173)
</pre></div></td>
<td>0</td>
<td>com.google.sitebricks.rendering.EvaluatorCompilerTest@559113f8</td></tr>
<tr>
<td title='com.google.sitebricks.rendering.EvaluatorCompilerTest.failCompileDueToNameMismatchInDeeperObjectGraph()'><b>failCompileDueToNameMismatchInDeeperObjectGraph</b><br>Test class: com.google.sitebricks.rendering.EvaluatorCompilerTest</td>
<td><div><pre>com.google.sitebricks.compiler.ExpressionCompileException
	at com.google.sitebricks.compiler.MvelEvaluatorCompiler.compileExpression(MvelEvaluatorCompiler.java:132)
	at com.google.sitebricks.compiler.MvelEvaluatorCompiler.compile(MvelEvaluatorCompiler.java:98)
	at com.google.sitebricks.rendering.EvaluatorCompilerTest.failCompileDueToNameMismatchInDeeperObjectGraph(EvaluatorCompilerTest.java:101)
	at sun.reflect.NativeMethodAccessorImpl.invoke0(Native Method)
	at sun.reflect.NativeMethodAccessorImpl.invoke(NativeMethodAccessorImpl.java:39)
	at sun.reflect.DelegatingMethodAccessorImpl.invoke(DelegatingMethodAccessorImpl.java:25)
	at java.lang.reflect.Method.invoke(Method.java:597)
	at org.testng.internal.MethodInvocationHelper.invokeMethod(MethodInvocationHelper.java:80)
	at org.testng.internal.Invoker.invokeMethod(Invoker.java:701)
	at org.testng.internal.Invoker.invokeTestMethod(Invoker.java:893)
	at org.testng.internal.Invoker.invokeTestMethods(Invoker.java:1218)
	at org.testng.internal.TestMethodWorker.invokeTestMethods(TestMethodWorker.java:127)
	at org.testng.internal.TestMethodWorker.run(TestMethodWorker.java:111)
	at org.testng.TestRunner.privateRun(TestRunner.java:768)
	at org.testng.TestRunner.run(TestRunner.java:617)
	at org.testng.SuiteRunner.runTest(SuiteRunner.java:334)
	at org.testng.SuiteRunner.runSequentially(SuiteRunner.java:329)
	at org.testng.SuiteRunner.privateRun(SuiteRunner.java:291)
	at org.testng.SuiteRunner.run(SuiteRunner.java:240)
	at org.testng.SuiteRunnerWorker.runSuite(SuiteRunnerWorker.java:53)
	at org.testng.SuiteRunnerWorker.run(SuiteRunnerWorker.java:87)
	at org.testng.TestNG.runSuitesSequentially(TestNG.java:1185)
	at org.testng.TestNG.runSuitesLocally(TestNG.java:1110)
	at org.testng.TestNG.run(TestNG.java:1022)
	at org.testng.remote.RemoteTestNG.run(RemoteTestNG.java:109)
	at org.testng.remote.RemoteTestNG.initAndRun(RemoteTestNG.java:202)
	at org.testng.remote.RemoteTestNG.main(RemoteTestNG.java:173)
</pre></div><a href='#' onClick='toggleBox("stack-trace2041638322", this, "Click to show all stack frames", "Click to hide stack frames")'>Click to show all stack frames</a>
<div class='stack-trace' id='stack-trace2041638322'><pre>com.google.sitebricks.compiler.ExpressionCompileException
	at com.google.sitebricks.compiler.MvelEvaluatorCompiler.compileExpression(MvelEvaluatorCompiler.java:132)
	at com.google.sitebricks.compiler.MvelEvaluatorCompiler.compile(MvelEvaluatorCompiler.java:98)
	at com.google.sitebricks.rendering.EvaluatorCompilerTest.failCompileDueToNameMismatchInDeeperObjectGraph(EvaluatorCompilerTest.java:101)
	at sun.reflect.NativeMethodAccessorImpl.invoke0(Native Method)
	at sun.reflect.NativeMethodAccessorImpl.invoke(NativeMethodAccessorImpl.java:39)
	at sun.reflect.DelegatingMethodAccessorImpl.invoke(DelegatingMethodAccessorImpl.java:25)
	at java.lang.reflect.Method.invoke(Method.java:597)
	at org.testng.internal.MethodInvocationHelper.invokeMethod(MethodInvocationHelper.java:80)
	at org.testng.internal.Invoker.invokeMethod(Invoker.java:701)
	at org.testng.internal.Invoker.invokeTestMethod(Invoker.java:893)
	at org.testng.internal.Invoker.invokeTestMethods(Invoker.java:1218)
	at org.testng.internal.TestMethodWorker.invokeTestMethods(TestMethodWorker.java:127)
	at org.testng.internal.TestMethodWorker.run(TestMethodWorker.java:111)
	at org.testng.TestRunner.privateRun(TestRunner.java:768)
	at org.testng.TestRunner.run(TestRunner.java:617)
	at org.testng.SuiteRunner.runTest(SuiteRunner.java:334)
	at org.testng.SuiteRunner.runSequentially(SuiteRunner.java:329)
	at org.testng.SuiteRunner.privateRun(SuiteRunner.java:291)
	at org.testng.SuiteRunner.run(SuiteRunner.java:240)
	at org.testng.SuiteRunnerWorker.runSuite(SuiteRunnerWorker.java:53)
	at org.testng.SuiteRunnerWorker.run(SuiteRunnerWorker.java:87)
	at org.testng.TestNG.runSuitesSequentially(TestNG.java:1185)
	at org.testng.TestNG.runSuitesLocally(TestNG.java:1110)
	at org.testng.TestNG.run(TestNG.java:1022)
	at org.testng.remote.RemoteTestNG.run(RemoteTestNG.java:109)
	at org.testng.remote.RemoteTestNG.initAndRun(RemoteTestNG.java:202)
	at org.testng.remote.RemoteTestNG.main(RemoteTestNG.java:173)
</pre></div></td>
<td>0</td>
<td>com.google.sitebricks.rendering.EvaluatorCompilerTest@559113f8</td></tr>
<tr>
<td title='com.google.sitebricks.rendering.EvaluatorCompilerTest.failCompileDueToNameMismatchInDeeperObjectGraph2()'><b>failCompileDueToNameMismatchInDeeperObjectGraph2</b><br>Test class: com.google.sitebricks.rendering.EvaluatorCompilerTest</td>
<td><div><pre>com.google.sitebricks.compiler.ExpressionCompileException
	at com.google.sitebricks.compiler.MvelEvaluatorCompiler.compileExpression(MvelEvaluatorCompiler.java:132)
	at com.google.sitebricks.compiler.MvelEvaluatorCompiler.compile(MvelEvaluatorCompiler.java:98)
	at com.google.sitebricks.rendering.EvaluatorCompilerTest.failCompileDueToNameMismatchInDeeperObjectGraph2(EvaluatorCompilerTest.java:108)
	at sun.reflect.NativeMethodAccessorImpl.invoke0(Native Method)
	at sun.reflect.NativeMethodAccessorImpl.invoke(NativeMethodAccessorImpl.java:39)
	at sun.reflect.DelegatingMethodAccessorImpl.invoke(DelegatingMethodAccessorImpl.java:25)
	at java.lang.reflect.Method.invoke(Method.java:597)
	at org.testng.internal.MethodInvocationHelper.invokeMethod(MethodInvocationHelper.java:80)
	at org.testng.internal.Invoker.invokeMethod(Invoker.java:701)
	at org.testng.internal.Invoker.invokeTestMethod(Invoker.java:893)
	at org.testng.internal.Invoker.invokeTestMethods(Invoker.java:1218)
	at org.testng.internal.TestMethodWorker.invokeTestMethods(TestMethodWorker.java:127)
	at org.testng.internal.TestMethodWorker.run(TestMethodWorker.java:111)
	at org.testng.TestRunner.privateRun(TestRunner.java:768)
	at org.testng.TestRunner.run(TestRunner.java:617)
	at org.testng.SuiteRunner.runTest(SuiteRunner.java:334)
	at org.testng.SuiteRunner.runSequentially(SuiteRunner.java:329)
	at org.testng.SuiteRunner.privateRun(SuiteRunner.java:291)
	at org.testng.SuiteRunner.run(SuiteRunner.java:240)
	at org.testng.SuiteRunnerWorker.runSuite(SuiteRunnerWorker.java:53)
	at org.testng.SuiteRunnerWorker.run(SuiteRunnerWorker.java:87)
	at org.testng.TestNG.runSuitesSequentially(TestNG.java:1185)
	at org.testng.TestNG.runSuitesLocally(TestNG.java:1110)
	at org.testng.TestNG.run(TestNG.java:1022)
	at org.testng.remote.RemoteTestNG.run(RemoteTestNG.java:109)
	at org.testng.remote.RemoteTestNG.initAndRun(RemoteTestNG.java:202)
	at org.testng.remote.RemoteTestNG.main(RemoteTestNG.java:173)
</pre></div><a href='#' onClick='toggleBox("stack-trace2101464321", this, "Click to show all stack frames", "Click to hide stack frames")'>Click to show all stack frames</a>
<div class='stack-trace' id='stack-trace2101464321'><pre>com.google.sitebricks.compiler.ExpressionCompileException
	at com.google.sitebricks.compiler.MvelEvaluatorCompiler.compileExpression(MvelEvaluatorCompiler.java:132)
	at com.google.sitebricks.compiler.MvelEvaluatorCompiler.compile(MvelEvaluatorCompiler.java:98)
	at com.google.sitebricks.rendering.EvaluatorCompilerTest.failCompileDueToNameMismatchInDeeperObjectGraph2(EvaluatorCompilerTest.java:108)
	at sun.reflect.NativeMethodAccessorImpl.invoke0(Native Method)
	at sun.reflect.NativeMethodAccessorImpl.invoke(NativeMethodAccessorImpl.java:39)
	at sun.reflect.DelegatingMethodAccessorImpl.invoke(DelegatingMethodAccessorImpl.java:25)
	at java.lang.reflect.Method.invoke(Method.java:597)
	at org.testng.internal.MethodInvocationHelper.invokeMethod(MethodInvocationHelper.java:80)
	at org.testng.internal.Invoker.invokeMethod(Invoker.java:701)
	at org.testng.internal.Invoker.invokeTestMethod(Invoker.java:893)
	at org.testng.internal.Invoker.invokeTestMethods(Invoker.java:1218)
	at org.testng.internal.TestMethodWorker.invokeTestMethods(TestMethodWorker.java:127)
	at org.testng.internal.TestMethodWorker.run(TestMethodWorker.java:111)
	at org.testng.TestRunner.privateRun(TestRunner.java:768)
	at org.testng.TestRunner.run(TestRunner.java:617)
	at org.testng.SuiteRunner.runTest(SuiteRunner.java:334)
	at org.testng.SuiteRunner.runSequentially(SuiteRunner.java:329)
	at org.testng.SuiteRunner.privateRun(SuiteRunner.java:291)
	at org.testng.SuiteRunner.run(SuiteRunner.java:240)
	at org.testng.SuiteRunnerWorker.runSuite(SuiteRunnerWorker.java:53)
	at org.testng.SuiteRunnerWorker.run(SuiteRunnerWorker.java:87)
	at org.testng.TestNG.runSuitesSequentially(TestNG.java:1185)
	at org.testng.TestNG.runSuitesLocally(TestNG.java:1110)
	at org.testng.TestNG.run(TestNG.java:1022)
	at org.testng.remote.RemoteTestNG.run(RemoteTestNG.java:109)
	at org.testng.remote.RemoteTestNG.initAndRun(RemoteTestNG.java:202)
	at org.testng.remote.RemoteTestNG.main(RemoteTestNG.java:173)
</pre></div></td>
<td>0</td>
<td>com.google.sitebricks.rendering.EvaluatorCompilerTest@559113f8</td></tr>
<tr>
<td title='com.google.sitebricks.rendering.EvaluatorCompilerTest.failCompileDueToPathMismatchInDeeperObjectGraph()'><b>failCompileDueToPathMismatchInDeeperObjectGraph</b><br>Test class: com.google.sitebricks.rendering.EvaluatorCompilerTest</td>
<td><div><pre>com.google.sitebricks.compiler.ExpressionCompileException
	at com.google.sitebricks.compiler.MvelEvaluatorCompiler.compileExpression(MvelEvaluatorCompiler.java:132)
	at com.google.sitebricks.compiler.MvelEvaluatorCompiler.compile(MvelEvaluatorCompiler.java:98)
	at com.google.sitebricks.rendering.EvaluatorCompilerTest.failCompileDueToPathMismatchInDeeperObjectGraph(EvaluatorCompilerTest.java:154)
	at sun.reflect.NativeMethodAccessorImpl.invoke0(Native Method)
	at sun.reflect.NativeMethodAccessorImpl.invoke(NativeMethodAccessorImpl.java:39)
	at sun.reflect.DelegatingMethodAccessorImpl.invoke(DelegatingMethodAccessorImpl.java:25)
	at java.lang.reflect.Method.invoke(Method.java:597)
	at org.testng.internal.MethodInvocationHelper.invokeMethod(MethodInvocationHelper.java:80)
	at org.testng.internal.Invoker.invokeMethod(Invoker.java:701)
	at org.testng.internal.Invoker.invokeTestMethod(Invoker.java:893)
	at org.testng.internal.Invoker.invokeTestMethods(Invoker.java:1218)
	at org.testng.internal.TestMethodWorker.invokeTestMethods(TestMethodWorker.java:127)
	at org.testng.internal.TestMethodWorker.run(TestMethodWorker.java:111)
	at org.testng.TestRunner.privateRun(TestRunner.java:768)
	at org.testng.TestRunner.run(TestRunner.java:617)
	at org.testng.SuiteRunner.runTest(SuiteRunner.java:334)
	at org.testng.SuiteRunner.runSequentially(SuiteRunner.java:329)
	at org.testng.SuiteRunner.privateRun(SuiteRunner.java:291)
	at org.testng.SuiteRunner.run(SuiteRunner.java:240)
	at org.testng.SuiteRunnerWorker.runSuite(SuiteRunnerWorker.java:53)
	at org.testng.SuiteRunnerWorker.run(SuiteRunnerWorker.java:87)
	at org.testng.TestNG.runSuitesSequentially(TestNG.java:1185)
	at org.testng.TestNG.runSuitesLocally(TestNG.java:1110)
	at org.testng.TestNG.run(TestNG.java:1022)
	at org.testng.remote.RemoteTestNG.run(RemoteTestNG.java:109)
	at org.testng.remote.RemoteTestNG.initAndRun(RemoteTestNG.java:202)
	at org.testng.remote.RemoteTestNG.main(RemoteTestNG.java:173)
</pre></div><a href='#' onClick='toggleBox("stack-trace1809367110", this, "Click to show all stack frames", "Click to hide stack frames")'>Click to show all stack frames</a>
<div class='stack-trace' id='stack-trace1809367110'><pre>com.google.sitebricks.compiler.ExpressionCompileException
	at com.google.sitebricks.compiler.MvelEvaluatorCompiler.compileExpression(MvelEvaluatorCompiler.java:132)
	at com.google.sitebricks.compiler.MvelEvaluatorCompiler.compile(MvelEvaluatorCompiler.java:98)
	at com.google.sitebricks.rendering.EvaluatorCompilerTest.failCompileDueToPathMismatchInDeeperObjectGraph(EvaluatorCompilerTest.java:154)
	at sun.reflect.NativeMethodAccessorImpl.invoke0(Native Method)
	at sun.reflect.NativeMethodAccessorImpl.invoke(NativeMethodAccessorImpl.java:39)
	at sun.reflect.DelegatingMethodAccessorImpl.invoke(DelegatingMethodAccessorImpl.java:25)
	at java.lang.reflect.Method.invoke(Method.java:597)
	at org.testng.internal.MethodInvocationHelper.invokeMethod(MethodInvocationHelper.java:80)
	at org.testng.internal.Invoker.invokeMethod(Invoker.java:701)
	at org.testng.internal.Invoker.invokeTestMethod(Invoker.java:893)
	at org.testng.internal.Invoker.invokeTestMethods(Invoker.java:1218)
	at org.testng.internal.TestMethodWorker.invokeTestMethods(TestMethodWorker.java:127)
	at org.testng.internal.TestMethodWorker.run(TestMethodWorker.java:111)
	at org.testng.TestRunner.privateRun(TestRunner.java:768)
	at org.testng.TestRunner.run(TestRunner.java:617)
	at org.testng.SuiteRunner.runTest(SuiteRunner.java:334)
	at org.testng.SuiteRunner.runSequentially(SuiteRunner.java:329)
	at org.testng.SuiteRunner.privateRun(SuiteRunner.java:291)
	at org.testng.SuiteRunner.run(SuiteRunner.java:240)
	at org.testng.SuiteRunnerWorker.runSuite(SuiteRunnerWorker.java:53)
	at org.testng.SuiteRunnerWorker.run(SuiteRunnerWorker.java:87)
	at org.testng.TestNG.runSuitesSequentially(TestNG.java:1185)
	at org.testng.TestNG.runSuitesLocally(TestNG.java:1110)
	at org.testng.TestNG.run(TestNG.java:1022)
	at org.testng.remote.RemoteTestNG.run(RemoteTestNG.java:109)
	at org.testng.remote.RemoteTestNG.initAndRun(RemoteTestNG.java:202)
	at org.testng.remote.RemoteTestNG.main(RemoteTestNG.java:173)
</pre></div></td>
<td>0</td>
<td>com.google.sitebricks.rendering.EvaluatorCompilerTest@559113f8</td></tr>
<tr>
<td title='com.google.sitebricks.rendering.EvaluatorCompilerTest.failCompileExpressionInvokingArbitraryMethodThruInterface()'><b>failCompileExpressionInvokingArbitraryMethodThruInterface</b><br>Test class: com.google.sitebricks.rendering.EvaluatorCompilerTest</td>
<td><div><pre>com.google.sitebricks.compiler.ExpressionCompileException
	at com.google.sitebricks.compiler.MvelEvaluatorCompiler.compileExpression(MvelEvaluatorCompiler.java:132)
	at com.google.sitebricks.compiler.MvelEvaluatorCompiler.compile(MvelEvaluatorCompiler.java:98)
	at com.google.sitebricks.rendering.EvaluatorCompilerTest.failCompileExpressionInvokingArbitraryMethodThruInterface(EvaluatorCompilerTest.java:54)
	at sun.reflect.NativeMethodAccessorImpl.invoke0(Native Method)
	at sun.reflect.NativeMethodAccessorImpl.invoke(NativeMethodAccessorImpl.java:39)
	at sun.reflect.DelegatingMethodAccessorImpl.invoke(DelegatingMethodAccessorImpl.java:25)
	at java.lang.reflect.Method.invoke(Method.java:597)
	at org.testng.internal.MethodInvocationHelper.invokeMethod(MethodInvocationHelper.java:80)
	at org.testng.internal.Invoker.invokeMethod(Invoker.java:701)
	at org.testng.internal.Invoker.invokeTestMethod(Invoker.java:893)
	at org.testng.internal.Invoker.invokeTestMethods(Invoker.java:1218)
	at org.testng.internal.TestMethodWorker.invokeTestMethods(TestMethodWorker.java:127)
	at org.testng.internal.TestMethodWorker.run(TestMethodWorker.java:111)
	at org.testng.TestRunner.privateRun(TestRunner.java:768)
	at org.testng.TestRunner.run(TestRunner.java:617)
	at org.testng.SuiteRunner.runTest(SuiteRunner.java:334)
	at org.testng.SuiteRunner.runSequentially(SuiteRunner.java:329)
	at org.testng.SuiteRunner.privateRun(SuiteRunner.java:291)
	at org.testng.SuiteRunner.run(SuiteRunner.java:240)
	at org.testng.SuiteRunnerWorker.runSuite(SuiteRunnerWorker.java:53)
	at org.testng.SuiteRunnerWorker.run(SuiteRunnerWorker.java:87)
	at org.testng.TestNG.runSuitesSequentially(TestNG.java:1185)
	at org.testng.TestNG.runSuitesLocally(TestNG.java:1110)
	at org.testng.TestNG.run(TestNG.java:1022)
	at org.testng.remote.RemoteTestNG.run(RemoteTestNG.java:109)
	at org.testng.remote.RemoteTestNG.initAndRun(RemoteTestNG.java:202)
	at org.testng.remote.RemoteTestNG.main(RemoteTestNG.java:173)
</pre></div><a href='#' onClick='toggleBox("stack-trace32812850", this, "Click to show all stack frames", "Click to hide stack frames")'>Click to show all stack frames</a>
<div class='stack-trace' id='stack-trace32812850'><pre>com.google.sitebricks.compiler.ExpressionCompileException
	at com.google.sitebricks.compiler.MvelEvaluatorCompiler.compileExpression(MvelEvaluatorCompiler.java:132)
	at com.google.sitebricks.compiler.MvelEvaluatorCompiler.compile(MvelEvaluatorCompiler.java:98)
	at com.google.sitebricks.rendering.EvaluatorCompilerTest.failCompileExpressionInvokingArbitraryMethodThruInterface(EvaluatorCompilerTest.java:54)
	at sun.reflect.NativeMethodAccessorImpl.invoke0(Native Method)
	at sun.reflect.NativeMethodAccessorImpl.invoke(NativeMethodAccessorImpl.java:39)
	at sun.reflect.DelegatingMethodAccessorImpl.invoke(DelegatingMethodAccessorImpl.java:25)
	at java.lang.reflect.Method.invoke(Method.java:597)
	at org.testng.internal.MethodInvocationHelper.invokeMethod(MethodInvocationHelper.java:80)
	at org.testng.internal.Invoker.invokeMethod(Invoker.java:701)
	at org.testng.internal.Invoker.invokeTestMethod(Invoker.java:893)
	at org.testng.internal.Invoker.invokeTestMethods(Invoker.java:1218)
	at org.testng.internal.TestMethodWorker.invokeTestMethods(TestMethodWorker.java:127)
	at org.testng.internal.TestMethodWorker.run(TestMethodWorker.java:111)
	at org.testng.TestRunner.privateRun(TestRunner.java:768)
	at org.testng.TestRunner.run(TestRunner.java:617)
	at org.testng.SuiteRunner.runTest(SuiteRunner.java:334)
	at org.testng.SuiteRunner.runSequentially(SuiteRunner.java:329)
	at org.testng.SuiteRunner.privateRun(SuiteRunner.java:291)
	at org.testng.SuiteRunner.run(SuiteRunner.java:240)
	at org.testng.SuiteRunnerWorker.runSuite(SuiteRunnerWorker.java:53)
	at org.testng.SuiteRunnerWorker.run(SuiteRunnerWorker.java:87)
	at org.testng.TestNG.runSuitesSequentially(TestNG.java:1185)
	at org.testng.TestNG.runSuitesLocally(TestNG.java:1110)
	at org.testng.TestNG.run(TestNG.java:1022)
	at org.testng.remote.RemoteTestNG.run(RemoteTestNG.java:109)
	at org.testng.remote.RemoteTestNG.initAndRun(RemoteTestNG.java:202)
	at org.testng.remote.RemoteTestNG.main(RemoteTestNG.java:173)
</pre></div></td>
<td>0</td>
<td>com.google.sitebricks.rendering.EvaluatorCompilerTest@559113f8</td></tr>
<tr>
<td title='com.google.sitebricks.rendering.EvaluatorCompilerTest.failCompileExpressionInvokingArbitraryMethodWithWrongArgs()'><b>failCompileExpressionInvokingArbitraryMethodWithWrongArgs</b><br>Test class: com.google.sitebricks.rendering.EvaluatorCompilerTest</td>
<td><div><pre>com.google.sitebricks.compiler.ExpressionCompileException
	at com.google.sitebricks.compiler.MvelEvaluatorCompiler.compileExpression(MvelEvaluatorCompiler.java:132)
	at com.google.sitebricks.compiler.MvelEvaluatorCompiler.compile(MvelEvaluatorCompiler.java:98)
	at com.google.sitebricks.rendering.EvaluatorCompilerTest.failCompileExpressionInvokingArbitraryMethodWithWrongArgs(EvaluatorCompilerTest.java:86)
	at sun.reflect.NativeMethodAccessorImpl.invoke0(Native Method)
	at sun.reflect.NativeMethodAccessorImpl.invoke(NativeMethodAccessorImpl.java:39)
	at sun.reflect.DelegatingMethodAccessorImpl.invoke(DelegatingMethodAccessorImpl.java:25)
	at java.lang.reflect.Method.invoke(Method.java:597)
	at org.testng.internal.MethodInvocationHelper.invokeMethod(MethodInvocationHelper.java:80)
	at org.testng.internal.Invoker.invokeMethod(Invoker.java:701)
	at org.testng.internal.Invoker.invokeTestMethod(Invoker.java:893)
	at org.testng.internal.Invoker.invokeTestMethods(Invoker.java:1218)
	at org.testng.internal.TestMethodWorker.invokeTestMethods(TestMethodWorker.java:127)
	at org.testng.internal.TestMethodWorker.run(TestMethodWorker.java:111)
	at org.testng.TestRunner.privateRun(TestRunner.java:768)
	at org.testng.TestRunner.run(TestRunner.java:617)
	at org.testng.SuiteRunner.runTest(SuiteRunner.java:334)
	at org.testng.SuiteRunner.runSequentially(SuiteRunner.java:329)
	at org.testng.SuiteRunner.privateRun(SuiteRunner.java:291)
	at org.testng.SuiteRunner.run(SuiteRunner.java:240)
	at org.testng.SuiteRunnerWorker.runSuite(SuiteRunnerWorker.java:53)
	at org.testng.SuiteRunnerWorker.run(SuiteRunnerWorker.java:87)
	at org.testng.TestNG.runSuitesSequentially(TestNG.java:1185)
	at org.testng.TestNG.runSuitesLocally(TestNG.java:1110)
	at org.testng.TestNG.run(TestNG.java:1022)
	at org.testng.remote.RemoteTestNG.run(RemoteTestNG.java:109)
	at org.testng.remote.RemoteTestNG.initAndRun(RemoteTestNG.java:202)
	at org.testng.remote.RemoteTestNG.main(RemoteTestNG.java:173)
</pre></div><a href='#' onClick='toggleBox("stack-trace150873353", this, "Click to show all stack frames", "Click to hide stack frames")'>Click to show all stack frames</a>
<div class='stack-trace' id='stack-trace150873353'><pre>com.google.sitebricks.compiler.ExpressionCompileException
	at com.google.sitebricks.compiler.MvelEvaluatorCompiler.compileExpression(MvelEvaluatorCompiler.java:132)
	at com.google.sitebricks.compiler.MvelEvaluatorCompiler.compile(MvelEvaluatorCompiler.java:98)
	at com.google.sitebricks.rendering.EvaluatorCompilerTest.failCompileExpressionInvokingArbitraryMethodWithWrongArgs(EvaluatorCompilerTest.java:86)
	at sun.reflect.NativeMethodAccessorImpl.invoke0(Native Method)
	at sun.reflect.NativeMethodAccessorImpl.invoke(NativeMethodAccessorImpl.java:39)
	at sun.reflect.DelegatingMethodAccessorImpl.invoke(DelegatingMethodAccessorImpl.java:25)
	at java.lang.reflect.Method.invoke(Method.java:597)
	at org.testng.internal.MethodInvocationHelper.invokeMethod(MethodInvocationHelper.java:80)
	at org.testng.internal.Invoker.invokeMethod(Invoker.java:701)
	at org.testng.internal.Invoker.invokeTestMethod(Invoker.java:893)
	at org.testng.internal.Invoker.invokeTestMethods(Invoker.java:1218)
	at org.testng.internal.TestMethodWorker.invokeTestMethods(TestMethodWorker.java:127)
	at org.testng.internal.TestMethodWorker.run(TestMethodWorker.java:111)
	at org.testng.TestRunner.privateRun(TestRunner.java:768)
	at org.testng.TestRunner.run(TestRunner.java:617)
	at org.testng.SuiteRunner.runTest(SuiteRunner.java:334)
	at org.testng.SuiteRunner.runSequentially(SuiteRunner.java:329)
	at org.testng.SuiteRunner.privateRun(SuiteRunner.java:291)
	at org.testng.SuiteRunner.run(SuiteRunner.java:240)
	at org.testng.SuiteRunnerWorker.runSuite(SuiteRunnerWorker.java:53)
	at org.testng.SuiteRunnerWorker.run(SuiteRunnerWorker.java:87)
	at org.testng.TestNG.runSuitesSequentially(TestNG.java:1185)
	at org.testng.TestNG.runSuitesLocally(TestNG.java:1110)
	at org.testng.TestNG.run(TestNG.java:1022)
	at org.testng.remote.RemoteTestNG.run(RemoteTestNG.java:109)
	at org.testng.remote.RemoteTestNG.initAndRun(RemoteTestNG.java:202)
	at org.testng.remote.RemoteTestNG.main(RemoteTestNG.java:173)
</pre></div></td>
<td>0</td>
<td>com.google.sitebricks.rendering.EvaluatorCompilerTest@559113f8</td></tr>
<tr>
<td title='com.google.sitebricks.rendering.control.EmbedWidgetTest.failedPageEmbedding()'><b>failedPageEmbedding</b><br>Test class: com.google.sitebricks.rendering.control.EmbedWidgetTest<br>Parameters: YourPage, anotherString,   </td>
<td></td>
<td>0</td>
<td>com.google.sitebricks.rendering.control.EmbedWidgetTest@50059a34</td></tr>
<tr>
<td title='com.google.sitebricks.rendering.control.EmbedWidgetTest.failedPageEmbedding()'><b>failedPageEmbedding</b><br>Test class: com.google.sitebricks.rendering.control.EmbedWidgetTest<br>Parameters: YourPage, anotherString, </td>
<td></td>
<td>0</td>
<td>com.google.sitebricks.rendering.control.EmbedWidgetTest@50059a34</td></tr>
<tr>
<td title='com.google.sitebricks.rendering.control.EmbedWidgetTest.failedPageEmbedding()'><b>failedPageEmbedding</b><br>Test class: com.google.sitebricks.rendering.control.EmbedWidgetTest<br>Parameters: YourPage, anotherString, ,,</td>
<td></td>
<td>0</td>
<td>com.google.sitebricks.rendering.control.EmbedWidgetTest@50059a34</td></tr>
<tr>
<td title='com.google.sitebricks.rendering.control.EmbedWidgetTest.failedPageEmbedding()'><b>failedPageEmbedding</b><br>Test class: com.google.sitebricks.rendering.control.EmbedWidgetTest<br>Parameters: YourPage2, aaaa, message='aa'</td>
<td></td>
<td>0</td>
<td>com.google.sitebricks.rendering.control.EmbedWidgetTest@50059a34</td></tr>
<tr>
<td title='com.google.sitebricks.rendering.control.EmbedWidgetTest.failedPageEmbedding()'><b>failedPageEmbedding</b><br>Test class: com.google.sitebricks.rendering.control.EmbedWidgetTest<br>Parameters: YourPage2, aaaa, message='aa',</td>
<td></td>
<td>0</td>
<td>com.google.sitebricks.rendering.control.EmbedWidgetTest@50059a34</td></tr>
<tr>
<td title='com.google.sitebricks.rendering.control.EmbedWidgetTest.failedPageEmbedding()'><b>failedPageEmbedding</b><br>Test class: com.google.sitebricks.rendering.control.EmbedWidgetTest<br>Parameters: YourPage3, aaaa, message="aaa"</td>
<td></td>
<td>0</td>
<td>com.google.sitebricks.rendering.control.EmbedWidgetTest@50059a34</td></tr>
<tr>
<td title='com.google.sitebricks.rendering.control.EmbedWidgetTest.failedPageEmbedding()'><b>failedPageEmbedding</b><br>Test class: com.google.sitebricks.rendering.control.EmbedWidgetTest<br>Parameters: YourPage4, bbbbb, message="aaaa", message='bb' + 'bb'</td>
<td></td>
<td>0</td>
<td>com.google.sitebricks.rendering.control.EmbedWidgetTest@50059a34</td></tr>
<tr>
<td title='com.google.sitebricks.rendering.control.EmbedWidgetTest.failedPageEmbedding()'><b>failedPageEmbedding</b><br>Test class: com.google.sitebricks.rendering.control.EmbedWidgetTest<br>Parameters: YourPage4, bbbbb, message="aaaa", message='bb' + 'bb',,</td>
<td></td>
<td>0</td>
<td>com.google.sitebricks.rendering.control.EmbedWidgetTest@50059a34</td></tr>
<tr>
<td title='com.google.sitebricks.compiler.XmlLineNumberParsingTest.filterParsesLineNumbersIntoAttribute()'><b>filterParsesLineNumbersIntoAttribute</b><br>Test class: com.google.sitebricks.compiler.XmlLineNumberParsingTest</td>
<td></td>
<td>0</td>
<td>com.google.sitebricks.compiler.XmlLineNumberParsingTest@ffdadcd</td></tr>
<tr>
<td title='com.google.sitebricks.routing.PathMatcherTest.findMatchVariables()'><b>findMatchVariables</b><br>Test class: com.google.sitebricks.routing.PathMatcherTest<br>Parameters: /wiki/:title, /wiki/hello, {title=hello}</td>
<td></td>
<td>0</td>
<td>com.google.sitebricks.routing.PathMatcherTest@22a98932</td></tr>
<tr>
<td title='com.google.sitebricks.routing.PathMatcherTest.findMatchVariables()'><b>findMatchVariables</b><br>Test class: com.google.sitebricks.routing.PathMatcherTest<br>Parameters: /wiki/:title/:page/:id, /wiki/hello/page/12, {id=12, title=hello, page=page}</td>
<td></td>
<td>0</td>
<td>com.google.sitebricks.routing.PathMatcherTest@22a98932</td></tr>
<tr>
<td title='com.google.sitebricks.routing.PathMatcherTest.findMatchVariables()'><b>findMatchVariables</b><br>Test class: com.google.sitebricks.routing.PathMatcherTest<br>Parameters: /wiki/:title/page/:id, /wiki/sokdoasd/page/aoskpaokda, {id=aoskpaokda, title=sokdoasd}</td>
<td></td>
<td>0</td>
<td>com.google.sitebricks.routing.PathMatcherTest@22a98932</td></tr>
<tr>
<td title='com.google.sitebricks.routing.PageBookImplTest.fireGetMethodOnPage()'><b>fireGetMethodOnPage</b><br>Test class: com.google.sitebricks.routing.PageBookImplTest</td>
<td></td>
<td>0</td>
<td>com.google.sitebricks.routing.PageBookImplTest@4ce66f56</td></tr>
<tr>
<td title='com.google.sitebricks.routing.PageBookImplTest.fireGetMethodOnPageAndRedirectToURL()'><b>fireGetMethodOnPageAndRedirectToURL</b><br>Test class: com.google.sitebricks.routing.PageBookImplTest</td>
<td></td>
<td>0</td>
<td>com.google.sitebricks.routing.PageBookImplTest@4ce66f56</td></tr>
<tr>
<td title='com.google.sitebricks.routing.PageBookImplTest.fireGetMethodOnPageToCorrectHandler()'><b>fireGetMethodOnPageToCorrectHandler</b><br>Test class: com.google.sitebricks.routing.PageBookImplTest</td>
<td></td>
<td>0</td>
<td>com.google.sitebricks.routing.PageBookImplTest@4ce66f56</td></tr>
<tr>
<td title='com.google.sitebricks.routing.PageBookImplTest.fireGetMethodOnPageToCorrectHandlerOnlyOnce()'><b>fireGetMethodOnPageToCorrectHandlerOnlyOnce</b><br>Test class: com.google.sitebricks.routing.PageBookImplTest</td>
<td></td>
<td>0</td>
<td>com.google.sitebricks.routing.PageBookImplTest@4ce66f56</td></tr>
<tr>
<td title='com.google.sitebricks.routing.PageBookImplTest.fireGetMethodOnPageToDefaultHandler()'><b>fireGetMethodOnPageToDefaultHandler</b><br>Test class: com.google.sitebricks.routing.PageBookImplTest</td>
<td></td>
<td>0</td>
<td>com.google.sitebricks.routing.PageBookImplTest@4ce66f56</td></tr>
<tr>
<td title='com.google.sitebricks.routing.PageBookImplTest.fireGetMethodWithArgsOnPage()'><b>fireGetMethodWithArgsOnPage</b><br>Test class: com.google.sitebricks.routing.PageBookImplTest</td>
<td></td>
<td>0</td>
<td>com.google.sitebricks.routing.PageBookImplTest@4ce66f56</td></tr>
<tr>
<td title='com.google.sitebricks.routing.PageBookImplTest.fireGetMethodWithPrimitiveArgsOnPage()'><b>fireGetMethodWithPrimitiveArgsOnPage</b><br>Test class: com.google.sitebricks.routing.PageBookImplTest</td>
<td></td>
<td>0</td>
<td>com.google.sitebricks.routing.PageBookImplTest@4ce66f56</td></tr>
<tr>
<td title='com.google.sitebricks.routing.PageBookImplTest.firePostMethodOnPage()'><b>firePostMethodOnPage</b><br>Test class: com.google.sitebricks.routing.PageBookImplTest</td>
<td></td>
<td>0</td>
<td>com.google.sitebricks.routing.PageBookImplTest@4ce66f56</td></tr>
<tr>
<td title='com.google.sitebricks.routing.PageBookImplTest.firePostMethodOnPageAndRedirectToURL()'><b>firePostMethodOnPageAndRedirectToURL</b><br>Test class: com.google.sitebricks.routing.PageBookImplTest</td>
<td></td>
<td>0</td>
<td>com.google.sitebricks.routing.PageBookImplTest@4ce66f56</td></tr>
<tr>
<td title='com.google.sitebricks.routing.PageBookImplTest.firePostMethodOnPageToCorrectHandler()'><b>firePostMethodOnPageToCorrectHandler</b><br>Test class: com.google.sitebricks.routing.PageBookImplTest</td>
<td></td>
<td>0</td>
<td>com.google.sitebricks.routing.PageBookImplTest@4ce66f56</td></tr>
<tr>
<td title='com.google.sitebricks.routing.PageBookImplTest.firePostMethodOnPageToCorrectHandlerOnlyOnce()'><b>firePostMethodOnPageToCorrectHandlerOnlyOnce</b><br>Test class: com.google.sitebricks.routing.PageBookImplTest</td>
<td></td>
<td>0</td>
<td>com.google.sitebricks.routing.PageBookImplTest@4ce66f56</td></tr>
<tr>
<td title='com.google.sitebricks.routing.PageBookImplTest.firePostMethodOnPageToDefaultHandler()'><b>firePostMethodOnPageToDefaultHandler</b><br>Test class: com.google.sitebricks.routing.PageBookImplTest</td>
<td></td>
<td>0</td>
<td>com.google.sitebricks.routing.PageBookImplTest@4ce66f56</td></tr>
<tr>
<td title='com.google.sitebricks.routing.PageBookImplTest.firePostMethodWithArgsOnPage()'><b>firePostMethodWithArgsOnPage</b><br>Test class: com.google.sitebricks.routing.PageBookImplTest</td>
<td></td>
<td>0</td>
<td>com.google.sitebricks.routing.PageBookImplTest@4ce66f56</td></tr>
<tr>
<td title='com.google.sitebricks.routing.PageBookImplTest.firstPathElement()'><b>firstPathElement</b><br>Test class: com.google.sitebricks.routing.PageBookImplTest<br>Parameters: /wiki/:title, wiki</td>
<td></td>
<td>0</td>
<td>com.google.sitebricks.routing.PageBookImplTest@4ce66f56</td></tr>
<tr>
<td title='com.google.sitebricks.routing.PageBookImplTest.firstPathElement()'><b>firstPathElement</b><br>Test class: com.google.sitebricks.routing.PageBookImplTest<br>Parameters: /wiki/:title/:thing, wiki</td>
<td></td>
<td>0</td>
<td>com.google.sitebricks.routing.PageBookImplTest@4ce66f56</td></tr>
<tr>
<td title='com.google.sitebricks.routing.PageBookImplTest.firstPathElement()'><b>firstPathElement</b><br>Test class: com.google.sitebricks.routing.PageBookImplTest<br>Parameters: /wiki/other/thing/dude, wiki</td>
<td></td>
<td>0</td>
<td>com.google.sitebricks.routing.PageBookImplTest@4ce66f56</td></tr>
<tr>
<td title='com.google.sitebricks.routing.PageBookImplTest.firstPathElement()'><b>firstPathElement</b><br>Test class: com.google.sitebricks.routing.PageBookImplTest<br>Parameters: /wiki, wiki</td>
<td></td>
<td>0</td>
<td>com.google.sitebricks.routing.PageBookImplTest@4ce66f56</td></tr>
<tr>
<td title='com.google.sitebricks.routing.PageBookImplTest.firstPathElement()'><b>firstPathElement</b><br>Test class: com.google.sitebricks.routing.PageBookImplTest<br>Parameters: /wiki/, wiki</td>
<td></td>
<td>0</td>
<td>com.google.sitebricks.routing.PageBookImplTest@4ce66f56</td></tr>
<tr>
<td title='com.google.sitebricks.routing.PageBookImplTest.firstPathElement()'><b>firstPathElement</b><br>Test class: com.google.sitebricks.routing.PageBookImplTest<br>Parameters: /, </td>
<td></td>
<td>0</td>
<td>com.google.sitebricks.routing.PageBookImplTest@4ce66f56</td></tr>
<tr>
<td title='com.google.sitebricks.rendering.control.ShowIfWidgetTest.hideChildren()'><b>hideChildren</b><br>Test class: com.google.sitebricks.rendering.control.ShowIfWidgetTest<br>Parameters: visible, true</td>
<td></td>
<td>0</td>
<td>com.google.sitebricks.rendering.control.ShowIfWidgetTest@4c53ab04</td></tr>
<tr>
<td title='com.google.sitebricks.rendering.control.ShowIfWidgetTest.hideChildren()'><b>hideChildren</b><br>Test class: com.google.sitebricks.rendering.control.ShowIfWidgetTest<br>Parameters: !visible, false</td>
<td></td>
<td>0</td>
<td>com.google.sitebricks.rendering.control.ShowIfWidgetTest@4c53ab04</td></tr>
<tr>
<td title='com.google.sitebricks.rendering.control.ShowIfWidgetTest.hideChildren()'><b>hideChildren</b><br>Test class: com.google.sitebricks.rendering.control.ShowIfWidgetTest<br>Parameters: true, true</td>
<td></td>
<td>0</td>
<td>com.google.sitebricks.rendering.control.ShowIfWidgetTest@4c53ab04</td></tr>
<tr>
<td title='com.google.sitebricks.rendering.control.ShowIfWidgetTest.hideChildren()'><b>hideChildren</b><br>Test class: com.google.sitebricks.rendering.control.ShowIfWidgetTest<br>Parameters: false, false</td>
<td></td>
<td>0</td>
<td>com.google.sitebricks.rendering.control.ShowIfWidgetTest@4c53ab04</td></tr>
<tr>
<td title='com.google.sitebricks.rendering.ParsingTest.isXmlTemplateOrNot()'><b>isXmlTemplateOrNot</b><br>Test class: com.google.sitebricks.rendering.ParsingTest<br>Parameters:    @Meta() Hello world!, false</td>
<td></td>
<td>0</td>
<td>com.google.sitebricks.rendering.ParsingTest@2a0ab444</td></tr>
<tr>
<td title='com.google.sitebricks.rendering.ParsingTest.isXmlTemplateOrNot()'><b>isXmlTemplateOrNot</b><br>Test class: com.google.sitebricks.rendering.ParsingTest<br>Parameters:    <xml>@Meta() Hello world!</xml>, true</td>
<td></td>
<td>0</td>
<td>com.google.sitebricks.rendering.ParsingTest@2a0ab444</td></tr>
<tr>
<td title='com.google.sitebricks.rendering.ParsingTest.isXmlTemplateOrNot()'><b>isXmlTemplateOrNot</b><br>Test class: com.google.sitebricks.rendering.ParsingTest<br>Parameters:    @Meta() <Hello> world!</Hello>, false</td>
<td></td>
<td>0</td>
<td>com.google.sitebricks.rendering.ParsingTest@2a0ab444</td></tr>
<tr>
<td title='com.google.sitebricks.rendering.ParsingTest.isXmlTemplateOrNot()'><b>isXmlTemplateOrNot</b><br>Test class: com.google.sitebricks.rendering.ParsingTest<br>Parameters:  <X  @Meta() Hello world!, true</td>
<td></td>
<td>0</td>
<td>com.google.sitebricks.rendering.ParsingTest@2a0ab444</td></tr>
<tr>
<td title='com.google.sitebricks.rendering.ParsingTest.isXmlTemplateOrNot()'><b>isXmlTemplateOrNot</b><br>Test class: com.google.sitebricks.rendering.ParsingTest<br>Parameters:   


 @Meta() Hello world!, false</td>
<td></td>
<td>0</td>
<td>com.google.sitebricks.rendering.ParsingTest@2a0ab444</td></tr>
<tr>
<td title='com.google.sitebricks.rendering.ParsingTest.isXmlTemplateOrNot()'><b>isXmlTemplateOrNot</b><br>Test class: com.google.sitebricks.rendering.ParsingTest<br>Parameters:   


 @Meta() Hello world!, false</td>
<td></td>
<td>0</td>
<td>com.google.sitebricks.rendering.ParsingTest@2a0ab444</td></tr>
<tr>
<td title='com.google.sitebricks.rendering.ParsingTest.isXmlTemplateOrNot()'><b>isXmlTemplateOrNot</b><br>Test class: com.google.sitebricks.rendering.ParsingTest<br>Parameters:   
	 @Meta() Hello world!, false</td>
<td></td>
<td>0</td>
<td>com.google.sitebricks.rendering.ParsingTest@2a0ab444</td></tr>
<tr>
<td title='com.google.sitebricks.rendering.ParsingTest.isXmlTemplateOrNot()'><b>isXmlTemplateOrNot</b><br>Test class: com.google.sitebricks.rendering.ParsingTest<br>Parameters:   
 @Meta() Hello world!, false</td>
<td></td>
<td>0</td>
<td>com.google.sitebricks.rendering.ParsingTest@2a0ab444</td></tr>
<tr>
<td title='com.google.sitebricks.rendering.ParsingTest.isXmlTemplateOrNot()'><b>isXmlTemplateOrNot</b><br>Test class: com.google.sitebricks.rendering.ParsingTest<br>Parameters:   
 @Metas() Hello world!, true</td>
<td></td>
<td>0</td>
<td>com.google.sitebricks.rendering.ParsingTest@2a0ab444</td></tr>
<tr>
<td title='com.google.sitebricks.rendering.ParsingTest.isXmlTemplateOrNot()'><b>isXmlTemplateOrNot</b><br>Test class: com.google.sitebricks.rendering.ParsingTest<br>Parameters:  	 
 @Meta) Hello world!, true</td>
<td></td>
<td>0</td>
<td>com.google.sitebricks.rendering.ParsingTest@2a0ab444</td></tr>
<tr>
<td title='com.google.sitebricks.rendering.ParsingTest.isXmlTemplateOrNot()'><b>isXmlTemplateOrNot</b><br>Test class: com.google.sitebricks.rendering.ParsingTest<br>Parameters:  	 
 @Meta@Meta Hello world!, true</td>
<td></td>
<td>0</td>
<td>com.google.sitebricks.rendering.ParsingTest@2a0ab444</td></tr>
<tr>
<td title='com.google.sitebricks.rendering.ParsingTest.isXmlTemplateOrNot()'><b>isXmlTemplateOrNot</b><br>Test class: com.google.sitebricks.rendering.ParsingTest<br>Parameters:  	 
 @@Meta Hello world!, true</td>
<td></td>
<td>0</td>
<td>com.google.sitebricks.rendering.ParsingTest@2a0ab444</td></tr>
<tr>
<td title='com.google.sitebricks.rendering.ParsingTest.isXmlTemplateOrNot()'><b>isXmlTemplateOrNot</b><br>Test class: com.google.sitebricks.rendering.ParsingTest<br>Parameters:  	 
 @
@Meta Hello world!, true</td>
<td></td>
<td>0</td>
<td>com.google.sitebricks.rendering.ParsingTest@2a0ab444</td></tr>
<tr>
<td title='com.google.sitebricks.rendering.ParsingTest.isXmlTemplateOrNot()'><b>isXmlTemplateOrNot</b><br>Test class: com.google.sitebricks.rendering.ParsingTest<br>Parameters:       
 @Meta Hello world!, false</td>
<td></td>
<td>0</td>
<td>com.google.sitebricks.rendering.ParsingTest@2a0ab444</td></tr>
<tr>
<td title='com.google.sitebricks.headless.HeadlessReplyTest.jsonReply()'><b>jsonReply</b><br>Test class: com.google.sitebricks.headless.HeadlessReplyTest</td>
<td></td>
<td>0</td>
<td>com.google.sitebricks.headless.HeadlessReplyTest@24c0f1ec</td></tr>
<tr>
<td title='com.google.sitebricks.TemplateLoaderTest.loadExplicitXmlTemplate()'><b>loadExplicitXmlTemplate</b><br>Test class: com.google.sitebricks.TemplateLoaderTest<br>Parameters: class com.google.sitebricks.TemplateLoaderTest$MyXmlPage</td>
<td></td>
<td>0</td>
<td>com.google.sitebricks.TemplateLoaderTest@66941db6</td></tr>
<tr>
<td title='com.google.sitebricks.TemplateLoaderTest.loadExplicitXmlTemplate()'><b>loadExplicitXmlTemplate</b><br>Test class: com.google.sitebricks.TemplateLoaderTest<br>Parameters: class com.google.sitebricks.TemplateLoaderTest$My</td>
<td></td>
<td>0</td>
<td>com.google.sitebricks.TemplateLoaderTest@66941db6</td></tr>
<tr>
<td title='com.google.sitebricks.TemplateLoaderTest.loadExplicitXmlTemplate()'><b>loadExplicitXmlTemplate</b><br>Test class: com.google.sitebricks.TemplateLoaderTest<br>Parameters: class com.google.sitebricks.TemplateLoaderTest$MyXhtml</td>
<td></td>
<td>0</td>
<td>com.google.sitebricks.TemplateLoaderTest@66941db6</td></tr>
<tr>
<td title='com.google.sitebricks.TemplateLoaderTest.loadExplicitXmlTemplate()'><b>loadExplicitXmlTemplate</b><br>Test class: com.google.sitebricks.TemplateLoaderTest<br>Parameters: class com.google.sitebricks.TemplateLoaderTest$MyHtml</td>
<td></td>
<td>0</td>
<td>com.google.sitebricks.TemplateLoaderTest@66941db6</td></tr>
<tr>
<td title='com.google.sitebricks.routing.PathMatcherTest.matchExactUriPath()'><b>matchExactUriPath</b><br>Test class: com.google.sitebricks.routing.PathMatcherTest<br>Parameters: /wiki, /wiki</td>
<td></td>
<td>0</td>
<td>com.google.sitebricks.routing.PathMatcherTest@22a98932</td></tr>
<tr>
<td title='com.google.sitebricks.routing.PathMatcherTest.matchExactUriPath()'><b>matchExactUriPath</b><br>Test class: com.google.sitebricks.routing.PathMatcherTest<br>Parameters: /wiki/pensylvania, /wiki/pensylvania</td>
<td></td>
<td>0</td>
<td>com.google.sitebricks.routing.PathMatcherTest@22a98932</td></tr>
<tr>
<td title='com.google.sitebricks.routing.PathMatcherTest.matchExactUriPath()'><b>matchExactUriPath</b><br>Test class: com.google.sitebricks.routing.PathMatcherTest<br>Parameters: /12, /12</td>
<td></td>
<td>0</td>
<td>com.google.sitebricks.routing.PathMatcherTest@22a98932</td></tr>
<tr>
<td title='com.google.sitebricks.routing.PathMatcherTest.matchExactUriPath()'><b>matchExactUriPath</b><br>Test class: com.google.sitebricks.routing.PathMatcherTest<br>Parameters: /, /</td>
<td></td>
<td>0</td>
<td>com.google.sitebricks.routing.PathMatcherTest@22a98932</td></tr>
<tr>
<td title='com.google.sitebricks.routing.PathMatcherTest.matchGreedy()'><b>matchGreedy</b><br>Test class: com.google.sitebricks.routing.PathMatcherTest<br>Parameters: /wiki, /wiki</td>
<td></td>
<td>0</td>
<td>com.google.sitebricks.routing.PathMatcherTest@22a98932</td></tr>
<tr>
<td title='com.google.sitebricks.routing.PathMatcherTest.matchGreedy()'><b>matchGreedy</b><br>Test class: com.google.sitebricks.routing.PathMatcherTest<br>Parameters: /wiki/pensylvania, /wiki/pensylvania</td>
<td></td>
<td>0</td>
<td>com.google.sitebricks.routing.PathMatcherTest@22a98932</td></tr>
<tr>
<td title='com.google.sitebricks.routing.PathMatcherTest.matchGreedy()'><b>matchGreedy</b><br>Test class: com.google.sitebricks.routing.PathMatcherTest<br>Parameters: /12, /12</td>
<td></td>
<td>0</td>
<td>com.google.sitebricks.routing.PathMatcherTest@22a98932</td></tr>
<tr>
<td title='com.google.sitebricks.routing.PathMatcherTest.matchGreedy()'><b>matchGreedy</b><br>Test class: com.google.sitebricks.routing.PathMatcherTest<br>Parameters: /, /</td>
<td></td>
<td>0</td>
<td>com.google.sitebricks.routing.PathMatcherTest@22a98932</td></tr>
<tr>
<td title='com.google.sitebricks.routing.PageBookImplTest.matchPageByUriTemplate()'><b>matchPageByUriTemplate</b><br>Test class: com.google.sitebricks.routing.PageBookImplTest<br>Parameters: /wiki/:title, /wiki/HelloPage</td>
<td></td>
<td>0</td>
<td>com.google.sitebricks.routing.PageBookImplTest@4ce66f56</td></tr>
<tr>
<td title='com.google.sitebricks.routing.PageBookImplTest.matchPageByUriTemplate()'><b>matchPageByUriTemplate</b><br>Test class: com.google.sitebricks.routing.PageBookImplTest<br>Parameters: /wiki/:title, /wiki/HelloPage%20</td>
<td></td>
<td>0</td>
<td>com.google.sitebricks.routing.PageBookImplTest@4ce66f56</td></tr>
<tr>
<td title='com.google.sitebricks.routing.PageBookImplTest.matchPageByUriTemplate()'><b>matchPageByUriTemplate</b><br>Test class: com.google.sitebricks.routing.PageBookImplTest<br>Parameters: /wiki/:title/dude, /wiki/HelloPage/dude</td>
<td></td>
<td>0</td>
<td>com.google.sitebricks.routing.PageBookImplTest@4ce66f56</td></tr>
<tr>
<td title='com.google.sitebricks.routing.PageBookImplTest.matchPageByUriTemplate()'><b>matchPageByUriTemplate</b><br>Test class: com.google.sitebricks.routing.PageBookImplTest<br>Parameters: /:title/thing, /wiki/thing</td>
<td></td>
<td>0</td>
<td>com.google.sitebricks.routing.PageBookImplTest@4ce66f56</td></tr>
<tr>
<td title='com.google.sitebricks.routing.PageBookImplTest.matchPageByUriTemplate()'><b>matchPageByUriTemplate</b><br>Test class: com.google.sitebricks.routing.PageBookImplTest<br>Parameters: /:title, /aposkdapoksd</td>
<td></td>
<td>0</td>
<td>com.google.sitebricks.routing.PageBookImplTest@4ce66f56</td></tr>
<tr>
<td title='com.google.sitebricks.routing.PathMatcherTest.matchPathTemplate()'><b>matchPathTemplate</b><br>Test class: com.google.sitebricks.routing.PathMatcherTest<br>Parameters: /wiki/:title, /wiki/hello</td>
<td></td>
<td>0</td>
<td>com.google.sitebricks.routing.PathMatcherTest@22a98932</td></tr>
<tr>
<td title='com.google.sitebricks.routing.PathMatcherTest.matchPathTemplate()'><b>matchPathTemplate</b><br>Test class: com.google.sitebricks.routing.PathMatcherTest<br>Parameters: /wiki/:title, /wiki/ashello</td>
<td></td>
<td>0</td>
<td>com.google.sitebricks.routing.PathMatcherTest@22a98932</td></tr>
<tr>
<td title='com.google.sitebricks.routing.PathMatcherTest.matchPathTemplate()'><b>matchPathTemplate</b><br>Test class: com.google.sitebricks.routing.PathMatcherTest<br>Parameters: /wiki/:title, /wiki/hoolig An+*</td>
<td></td>
<td>0</td>
<td>com.google.sitebricks.routing.PathMatcherTest@22a98932</td></tr>
<tr>
<td title='com.google.sitebricks.routing.PathMatcherTest.matchPathTemplate()'><b>matchPathTemplate</b><br>Test class: com.google.sitebricks.routing.PathMatcherTest<br>Parameters: /wiki/:title/page/:id, /wiki/hello/page/12</td>
<td></td>
<td>0</td>
<td>com.google.sitebricks.routing.PathMatcherTest@22a98932</td></tr>
<tr>
<td title='com.google.sitebricks.routing.PathMatcherTest.matchPathTemplate()'><b>matchPathTemplate</b><br>Test class: com.google.sitebricks.routing.PathMatcherTest<br>Parameters: /wiki/:title/page/:id, /wiki/couwdury/page/12424</td>
<td></td>
<td>0</td>
<td>com.google.sitebricks.routing.PathMatcherTest@22a98932</td></tr>
<tr>
<td title='com.google.sitebricks.routing.PathMatcherTest.matchPathTemplate()'><b>matchPathTemplate</b><br>Test class: com.google.sitebricks.routing.PathMatcherTest<br>Parameters: /wiki/:title/page/:id, /wiki/sokdoasd/page/aoskpaokda</td>
<td></td>
<td>0</td>
<td>com.google.sitebricks.routing.PathMatcherTest@22a98932</td></tr>
<tr>
<td title='com.google.sitebricks.routing.PathMatcherTest.matchPathTemplate()'><b>matchPathTemplate</b><br>Test class: com.google.sitebricks.routing.PathMatcherTest<br>Parameters: /wiki, /wiki/</td>
<td></td>
<td>0</td>
<td>com.google.sitebricks.routing.PathMatcherTest@22a98932</td></tr>
<tr>
<td title='com.google.sitebricks.routing.PathMatcherTest.matchPathTemplate()'><b>matchPathTemplate</b><br>Test class: com.google.sitebricks.routing.PathMatcherTest<br>Parameters: /wiki/:title, /wiki/hello/</td>
<td></td>
<td>0</td>
<td>com.google.sitebricks.routing.PathMatcherTest@22a98932</td></tr>
<tr>
<td title='com.google.sitebricks.rendering.resource.MimeTypesRegexIntegrationTest.mimeTypeMatching()'><b>mimeTypeMatching</b><br>Test class: com.google.sitebricks.rendering.resource.MimeTypesRegexIntegrationTest<br>Parameters: /thing/holy.js, text/javascript</td>
<td></td>
<td>0</td>
<td>com.google.sitebricks.rendering.resource.MimeTypesRegexIntegrationTest@286e4365</td></tr>
<tr>
<td title='com.google.sitebricks.rendering.resource.MimeTypesRegexIntegrationTest.mimeTypeMatching()'><b>mimeTypeMatching</b><br>Test class: com.google.sitebricks.rendering.resource.MimeTypesRegexIntegrationTest<br>Parameters: /thing/%20blah.thingaly.xml, text/xml</td>
<td></td>
<td>0</td>
<td>com.google.sitebricks.rendering.resource.MimeTypesRegexIntegrationTest@286e4365</td></tr>
<tr>
<td title='com.google.sitebricks.rendering.resource.MimeTypesRegexIntegrationTest.mimeTypeMatching()'><b>mimeTypeMatching</b><br>Test class: com.google.sitebricks.rendering.resource.MimeTypesRegexIntegrationTest<br>Parameters: /thing/%20blah.thingalyxml, text/plain</td>
<td></td>
<td>0</td>
<td>com.google.sitebricks.rendering.resource.MimeTypesRegexIntegrationTest@286e4365</td></tr>
<tr>
<td title='com.google.sitebricks.rendering.resource.MimeTypesRegexIntegrationTest.mimeTypeMatching()'><b>mimeTypeMatching</b><br>Test class: com.google.sitebricks.rendering.resource.MimeTypesRegexIntegrationTest<br>Parameters: /thing/holy.js/nekkid.png, image/png</td>
<td></td>
<td>0</td>
<td>com.google.sitebricks.rendering.resource.MimeTypesRegexIntegrationTest@286e4365</td></tr>
<tr>
<td title='com.google.sitebricks.routing.PathMatcherTest.notFindMatchVariables()'><b>notFindMatchVariables</b><br>Test class: com.google.sitebricks.routing.PathMatcherTest<br>Parameters: /wiki/:title, /wiki/hello, {title=hellol}</td>
<td><div><pre>java.lang.AssertionError
	at com.google.sitebricks.routing.PathMatcherTest.notFindMatchVariables(PathMatcherTest.java:122)
	at sun.reflect.NativeMethodAccessorImpl.invoke0(Native Method)
	at sun.reflect.NativeMethodAccessorImpl.invoke(NativeMethodAccessorImpl.java:39)
	at sun.reflect.DelegatingMethodAccessorImpl.invoke(DelegatingMethodAccessorImpl.java:25)
	at java.lang.reflect.Method.invoke(Method.java:597)
	at org.testng.internal.MethodInvocationHelper.invokeMethod(MethodInvocationHelper.java:80)
	at org.testng.internal.Invoker.invokeMethod(Invoker.java:701)
	at org.testng.internal.Invoker.invokeTestMethod(Invoker.java:893)
	at org.testng.internal.Invoker.invokeTestMethods(Invoker.java:1218)
	at org.testng.internal.TestMethodWorker.invokeTestMethods(TestMethodWorker.java:127)
	at org.testng.internal.TestMethodWorker.run(TestMethodWorker.java:111)
	at org.testng.TestRunner.privateRun(TestRunner.java:768)
	at org.testng.TestRunner.run(TestRunner.java:617)
	at org.testng.SuiteRunner.runTest(SuiteRunner.java:334)
	at org.testng.SuiteRunner.runSequentially(SuiteRunner.java:329)
	at org.testng.SuiteRunner.privateRun(SuiteRunner.java:291)
	at org.testng.SuiteRunner.run(SuiteRunner.java:240)
	at org.testng.SuiteRunnerWorker.runSuite(SuiteRunnerWorker.java:53)
	at org.testng.SuiteRunnerWorker.run(SuiteRunnerWorker.java:87)
	at org.testng.TestNG.runSuitesSequentially(TestNG.java:1185)
	at org.testng.TestNG.runSuitesLocally(TestNG.java:1110)
	at org.testng.TestNG.run(TestNG.java:1022)
	at org.testng.remote.RemoteTestNG.run(RemoteTestNG.java:109)
	at org.testng.remote.RemoteTestNG.initAndRun(RemoteTestNG.java:202)
	at org.testng.remote.RemoteTestNG.main(RemoteTestNG.java:173)
</pre></div><a href='#' onClick='toggleBox("stack-trace1343563331", this, "Click to show all stack frames", "Click to hide stack frames")'>Click to show all stack frames</a>
<div class='stack-trace' id='stack-trace1343563331'><pre>java.lang.AssertionError
	at com.google.sitebricks.routing.PathMatcherTest.notFindMatchVariables(PathMatcherTest.java:122)
	at sun.reflect.NativeMethodAccessorImpl.invoke0(Native Method)
	at sun.reflect.NativeMethodAccessorImpl.invoke(NativeMethodAccessorImpl.java:39)
	at sun.reflect.DelegatingMethodAccessorImpl.invoke(DelegatingMethodAccessorImpl.java:25)
	at java.lang.reflect.Method.invoke(Method.java:597)
	at org.testng.internal.MethodInvocationHelper.invokeMethod(MethodInvocationHelper.java:80)
	at org.testng.internal.Invoker.invokeMethod(Invoker.java:701)
	at org.testng.internal.Invoker.invokeTestMethod(Invoker.java:893)
	at org.testng.internal.Invoker.invokeTestMethods(Invoker.java:1218)
	at org.testng.internal.TestMethodWorker.invokeTestMethods(TestMethodWorker.java:127)
	at org.testng.internal.TestMethodWorker.run(TestMethodWorker.java:111)
	at org.testng.TestRunner.privateRun(TestRunner.java:768)
	at org.testng.TestRunner.run(TestRunner.java:617)
	at org.testng.SuiteRunner.runTest(SuiteRunner.java:334)
	at org.testng.SuiteRunner.runSequentially(SuiteRunner.java:329)
	at org.testng.SuiteRunner.privateRun(SuiteRunner.java:291)
	at org.testng.SuiteRunner.run(SuiteRunner.java:240)
	at org.testng.SuiteRunnerWorker.runSuite(SuiteRunnerWorker.java:53)
	at org.testng.SuiteRunnerWorker.run(SuiteRunnerWorker.java:87)
	at org.testng.TestNG.runSuitesSequentially(TestNG.java:1185)
	at org.testng.TestNG.runSuitesLocally(TestNG.java:1110)
	at org.testng.TestNG.run(TestNG.java:1022)
	at org.testng.remote.RemoteTestNG.run(RemoteTestNG.java:109)
	at org.testng.remote.RemoteTestNG.initAndRun(RemoteTestNG.java:202)
	at org.testng.remote.RemoteTestNG.main(RemoteTestNG.java:173)
</pre></div></td>
<td>0</td>
<td>com.google.sitebricks.routing.PathMatcherTest@22a98932</td></tr>
<tr>
<td title='com.google.sitebricks.routing.PathMatcherTest.notFindMatchVariables()'><b>notFindMatchVariables</b><br>Test class: com.google.sitebricks.routing.PathMatcherTest<br>Parameters: /wiki/:title/:page/:id, /wiki/hello/page/12, {id=12, title=hello}</td>
<td><div><pre>java.lang.AssertionError
	at com.google.sitebricks.routing.PathMatcherTest.notFindMatchVariables(PathMatcherTest.java:119)
	at sun.reflect.NativeMethodAccessorImpl.invoke0(Native Method)
	at sun.reflect.NativeMethodAccessorImpl.invoke(NativeMethodAccessorImpl.java:39)
	at sun.reflect.DelegatingMethodAccessorImpl.invoke(DelegatingMethodAccessorImpl.java:25)
	at java.lang.reflect.Method.invoke(Method.java:597)
	at org.testng.internal.MethodInvocationHelper.invokeMethod(MethodInvocationHelper.java:80)
	at org.testng.internal.Invoker.invokeMethod(Invoker.java:701)
	at org.testng.internal.Invoker.invokeTestMethod(Invoker.java:893)
	at org.testng.internal.Invoker.invokeTestMethods(Invoker.java:1218)
	at org.testng.internal.TestMethodWorker.invokeTestMethods(TestMethodWorker.java:127)
	at org.testng.internal.TestMethodWorker.run(TestMethodWorker.java:111)
	at org.testng.TestRunner.privateRun(TestRunner.java:768)
	at org.testng.TestRunner.run(TestRunner.java:617)
	at org.testng.SuiteRunner.runTest(SuiteRunner.java:334)
	at org.testng.SuiteRunner.runSequentially(SuiteRunner.java:329)
	at org.testng.SuiteRunner.privateRun(SuiteRunner.java:291)
	at org.testng.SuiteRunner.run(SuiteRunner.java:240)
	at org.testng.SuiteRunnerWorker.runSuite(SuiteRunnerWorker.java:53)
	at org.testng.SuiteRunnerWorker.run(SuiteRunnerWorker.java:87)
	at org.testng.TestNG.runSuitesSequentially(TestNG.java:1185)
	at org.testng.TestNG.runSuitesLocally(TestNG.java:1110)
	at org.testng.TestNG.run(TestNG.java:1022)
	at org.testng.remote.RemoteTestNG.run(RemoteTestNG.java:109)
	at org.testng.remote.RemoteTestNG.initAndRun(RemoteTestNG.java:202)
	at org.testng.remote.RemoteTestNG.main(RemoteTestNG.java:173)
</pre></div><a href='#' onClick='toggleBox("stack-trace1572590979", this, "Click to show all stack frames", "Click to hide stack frames")'>Click to show all stack frames</a>
<div class='stack-trace' id='stack-trace1572590979'><pre>java.lang.AssertionError
	at com.google.sitebricks.routing.PathMatcherTest.notFindMatchVariables(PathMatcherTest.java:119)
	at sun.reflect.NativeMethodAccessorImpl.invoke0(Native Method)
	at sun.reflect.NativeMethodAccessorImpl.invoke(NativeMethodAccessorImpl.java:39)
	at sun.reflect.DelegatingMethodAccessorImpl.invoke(DelegatingMethodAccessorImpl.java:25)
	at java.lang.reflect.Method.invoke(Method.java:597)
	at org.testng.internal.MethodInvocationHelper.invokeMethod(MethodInvocationHelper.java:80)
	at org.testng.internal.Invoker.invokeMethod(Invoker.java:701)
	at org.testng.internal.Invoker.invokeTestMethod(Invoker.java:893)
	at org.testng.internal.Invoker.invokeTestMethods(Invoker.java:1218)
	at org.testng.internal.TestMethodWorker.invokeTestMethods(TestMethodWorker.java:127)
	at org.testng.internal.TestMethodWorker.run(TestMethodWorker.java:111)
	at org.testng.TestRunner.privateRun(TestRunner.java:768)
	at org.testng.TestRunner.run(TestRunner.java:617)
	at org.testng.SuiteRunner.runTest(SuiteRunner.java:334)
	at org.testng.SuiteRunner.runSequentially(SuiteRunner.java:329)
	at org.testng.SuiteRunner.privateRun(SuiteRunner.java:291)
	at org.testng.SuiteRunner.run(SuiteRunner.java:240)
	at org.testng.SuiteRunnerWorker.runSuite(SuiteRunnerWorker.java:53)
	at org.testng.SuiteRunnerWorker.run(SuiteRunnerWorker.java:87)
	at org.testng.TestNG.runSuitesSequentially(TestNG.java:1185)
	at org.testng.TestNG.runSuitesLocally(TestNG.java:1110)
	at org.testng.TestNG.run(TestNG.java:1022)
	at org.testng.remote.RemoteTestNG.run(RemoteTestNG.java:109)
	at org.testng.remote.RemoteTestNG.initAndRun(RemoteTestNG.java:202)
	at org.testng.remote.RemoteTestNG.main(RemoteTestNG.java:173)
</pre></div></td>
<td>0</td>
<td>com.google.sitebricks.routing.PathMatcherTest@22a98932</td></tr>
<tr>
<td title='com.google.sitebricks.routing.PathMatcherTest.notFindMatchVariables()'><b>notFindMatchVariables</b><br>Test class: com.google.sitebricks.routing.PathMatcherTest<br>Parameters: /wiki/:title/page/:id, /wiki/sokdoasd/page/aoskpaokda, {id=aoskpaokda, title=sokdoasd, pid=aoskpaokda}</td>
<td><div><pre>java.lang.AssertionError
	at com.google.sitebricks.routing.PathMatcherTest.notFindMatchVariables(PathMatcherTest.java:119)
	at sun.reflect.NativeMethodAccessorImpl.invoke0(Native Method)
	at sun.reflect.NativeMethodAccessorImpl.invoke(NativeMethodAccessorImpl.java:39)
	at sun.reflect.DelegatingMethodAccessorImpl.invoke(DelegatingMethodAccessorImpl.java:25)
	at java.lang.reflect.Method.invoke(Method.java:597)
	at org.testng.internal.MethodInvocationHelper.invokeMethod(MethodInvocationHelper.java:80)
	at org.testng.internal.Invoker.invokeMethod(Invoker.java:701)
	at org.testng.internal.Invoker.invokeTestMethod(Invoker.java:893)
	at org.testng.internal.Invoker.invokeTestMethods(Invoker.java:1218)
	at org.testng.internal.TestMethodWorker.invokeTestMethods(TestMethodWorker.java:127)
	at org.testng.internal.TestMethodWorker.run(TestMethodWorker.java:111)
	at org.testng.TestRunner.privateRun(TestRunner.java:768)
	at org.testng.TestRunner.run(TestRunner.java:617)
	at org.testng.SuiteRunner.runTest(SuiteRunner.java:334)
	at org.testng.SuiteRunner.runSequentially(SuiteRunner.java:329)
	at org.testng.SuiteRunner.privateRun(SuiteRunner.java:291)
	at org.testng.SuiteRunner.run(SuiteRunner.java:240)
	at org.testng.SuiteRunnerWorker.runSuite(SuiteRunnerWorker.java:53)
	at org.testng.SuiteRunnerWorker.run(SuiteRunnerWorker.java:87)
	at org.testng.TestNG.runSuitesSequentially(TestNG.java:1185)
	at org.testng.TestNG.runSuitesLocally(TestNG.java:1110)
	at org.testng.TestNG.run(TestNG.java:1022)
	at org.testng.remote.RemoteTestNG.run(RemoteTestNG.java:109)
	at org.testng.remote.RemoteTestNG.initAndRun(RemoteTestNG.java:202)
	at org.testng.remote.RemoteTestNG.main(RemoteTestNG.java:173)
</pre></div><a href='#' onClick='toggleBox("stack-trace626917559", this, "Click to show all stack frames", "Click to hide stack frames")'>Click to show all stack frames</a>
<div class='stack-trace' id='stack-trace626917559'><pre>java.lang.AssertionError
	at com.google.sitebricks.routing.PathMatcherTest.notFindMatchVariables(PathMatcherTest.java:119)
	at sun.reflect.NativeMethodAccessorImpl.invoke0(Native Method)
	at sun.reflect.NativeMethodAccessorImpl.invoke(NativeMethodAccessorImpl.java:39)
	at sun.reflect.DelegatingMethodAccessorImpl.invoke(DelegatingMethodAccessorImpl.java:25)
	at java.lang.reflect.Method.invoke(Method.java:597)
	at org.testng.internal.MethodInvocationHelper.invokeMethod(MethodInvocationHelper.java:80)
	at org.testng.internal.Invoker.invokeMethod(Invoker.java:701)
	at org.testng.internal.Invoker.invokeTestMethod(Invoker.java:893)
	at org.testng.internal.Invoker.invokeTestMethods(Invoker.java:1218)
	at org.testng.internal.TestMethodWorker.invokeTestMethods(TestMethodWorker.java:127)
	at org.testng.internal.TestMethodWorker.run(TestMethodWorker.java:111)
	at org.testng.TestRunner.privateRun(TestRunner.java:768)
	at org.testng.TestRunner.run(TestRunner.java:617)
	at org.testng.SuiteRunner.runTest(SuiteRunner.java:334)
	at org.testng.SuiteRunner.runSequentially(SuiteRunner.java:329)
	at org.testng.SuiteRunner.privateRun(SuiteRunner.java:291)
	at org.testng.SuiteRunner.run(SuiteRunner.java:240)
	at org.testng.SuiteRunnerWorker.runSuite(SuiteRunnerWorker.java:53)
	at org.testng.SuiteRunnerWorker.run(SuiteRunnerWorker.java:87)
	at org.testng.TestNG.runSuitesSequentially(TestNG.java:1185)
	at org.testng.TestNG.runSuitesLocally(TestNG.java:1110)
	at org.testng.TestNG.run(TestNG.java:1022)
	at org.testng.remote.RemoteTestNG.run(RemoteTestNG.java:109)
	at org.testng.remote.RemoteTestNG.initAndRun(RemoteTestNG.java:202)
	at org.testng.remote.RemoteTestNG.main(RemoteTestNG.java:173)
</pre></div></td>
<td>0</td>
<td>com.google.sitebricks.routing.PathMatcherTest@22a98932</td></tr>
<tr>
<td title='com.google.sitebricks.routing.PageBookImplTest.notMatchPageByUriTemplate()'><b>notMatchPageByUriTemplate</b><br>Test class: com.google.sitebricks.routing.PageBookImplTest<br>Parameters: /wiki/:title, /tiki/HelloPage</td>
<td></td>
<td>0</td>
<td>com.google.sitebricks.routing.PageBookImplTest@4ce66f56</td></tr>
<tr>
<td title='com.google.sitebricks.routing.PageBookImplTest.notMatchPageByUriTemplate()'><b>notMatchPageByUriTemplate</b><br>Test class: com.google.sitebricks.routing.PageBookImplTest<br>Parameters: /wiki/:title, /wiki/HelloPage%20/didle</td>
<td></td>
<td>0</td>
<td>com.google.sitebricks.routing.PageBookImplTest@4ce66f56</td></tr>
<tr>
<td title='com.google.sitebricks.routing.PageBookImplTest.notMatchPageByUriTemplate()'><b>notMatchPageByUriTemplate</b><br>Test class: com.google.sitebricks.routing.PageBookImplTest<br>Parameters: /wiki/:title/dude, /wiki/HelloPage</td>
<td></td>
<td>0</td>
<td>com.google.sitebricks.routing.PageBookImplTest@4ce66f56</td></tr>
<tr>
<td title='com.google.sitebricks.routing.PageBookImplTest.notMatchPageByUriTemplate()'><b>notMatchPageByUriTemplate</b><br>Test class: com.google.sitebricks.routing.PageBookImplTest<br>Parameters: /:title/thing, /wiki/thing/thingaling</td>
<td></td>
<td>0</td>
<td>com.google.sitebricks.routing.PageBookImplTest@4ce66f56</td></tr>
<tr>
<td title='com.google.sitebricks.routing.PageBookImplTest.notMatchPageByUriTemplate()'><b>notMatchPageByUriTemplate</b><br>Test class: com.google.sitebricks.routing.PageBookImplTest<br>Parameters: /:title, /aposkdapoksd/12</td>
<td></td>
<td>0</td>
<td>com.google.sitebricks.routing.PageBookImplTest@4ce66f56</td></tr>
<tr>
<td title='com.google.sitebricks.routing.PathMatcherTest.notMatchPathTemplate()'><b>notMatchPathTemplate</b><br>Test class: com.google.sitebricks.routing.PathMatcherTest<br>Parameters: /wiki/:title, /clicky/hello</td>
<td></td>
<td>0</td>
<td>com.google.sitebricks.routing.PathMatcherTest@22a98932</td></tr>
<tr>
<td title='com.google.sitebricks.routing.PathMatcherTest.notMatchPathTemplate()'><b>notMatchPathTemplate</b><br>Test class: com.google.sitebricks.routing.PathMatcherTest<br>Parameters: /wiki/:title/page/:id, /wiki/hello/dago/12</td>
<td></td>
<td>0</td>
<td>com.google.sitebricks.routing.PathMatcherTest@22a98932</td></tr>
<tr>
<td title='com.google.sitebricks.routing.PathMatcherTest.notMatchPathTemplate()'><b>notMatchPathTemplate</b><br>Test class: com.google.sitebricks.routing.PathMatcherTest<br>Parameters: /wiki/:title/page/:id, /wiki/couwdury/1/12424</td>
<td></td>
<td>0</td>
<td>com.google.sitebricks.routing.PathMatcherTest@22a98932</td></tr>
<tr>
<td title='com.google.sitebricks.routing.PathMatcherTest.notMatchPathTemplate()'><b>notMatchPathTemplate</b><br>Test class: com.google.sitebricks.routing.PathMatcherTest<br>Parameters: /wiki/:title/page/:id, /wikit/sokdoasd/page/aoskpaokda</td>
<td></td>
<td>0</td>
<td>com.google.sitebricks.routing.PathMatcherTest@22a98932</td></tr>
<tr>
<td title='com.google.sitebricks.routing.PathMatcherTest.notMatchPathTemplate()'><b>notMatchPathTemplate</b><br>Test class: com.google.sitebricks.routing.PathMatcherTest<br>Parameters: /wiki/:title, /wikia</td>
<td></td>
<td>0</td>
<td>com.google.sitebricks.routing.PathMatcherTest@22a98932</td></tr>
<tr>
<td title='com.google.sitebricks.routing.PathMatcherTest.notMatchPathTemplate()'><b>notMatchPathTemplate</b><br>Test class: com.google.sitebricks.routing.PathMatcherTest<br>Parameters: /wiki, /</td>
<td></td>
<td>0</td>
<td>com.google.sitebricks.routing.PathMatcherTest@22a98932</td></tr>
<tr>
<td title='com.google.sitebricks.routing.PathMatcherTest.notMatchPathTemplate()'><b>notMatchPathTemplate</b><br>Test class: com.google.sitebricks.routing.PathMatcherTest<br>Parameters: /wiki/fencepost, /</td>
<td></td>
<td>0</td>
<td>com.google.sitebricks.routing.PathMatcherTest@22a98932</td></tr>
<tr>
<td title='com.google.sitebricks.routing.PathMatcherTest.notMatchPathTemplate()'><b>notMatchPathTemplate</b><br>Test class: com.google.sitebricks.routing.PathMatcherTest<br>Parameters: /wiki/fencepost/stupid, /</td>
<td></td>
<td>0</td>
<td>com.google.sitebricks.routing.PathMatcherTest@22a98932</td></tr>
<tr>
<td title='com.google.sitebricks.routing.PathMatcherTest.notMatchPathTemplate()'><b>notMatchPathTemplate</b><br>Test class: com.google.sitebricks.routing.PathMatcherTest<br>Parameters: /wiki/hicki, /wiki</td>
<td></td>
<td>0</td>
<td>com.google.sitebricks.routing.PathMatcherTest@22a98932</td></tr>
<tr>
<td title='com.google.sitebricks.routing.PathMatcherTest.notMatchPathTemplate()'><b>notMatchPathTemplate</b><br>Test class: com.google.sitebricks.routing.PathMatcherTest<br>Parameters: /wiki/:title, /wiki/</td>
<td></td>
<td>0</td>
<td>com.google.sitebricks.routing.PathMatcherTest@22a98932</td></tr>
<tr>
<td title='com.google.sitebricks.routing.PathMatcherTest.notMatchPathTemplate()'><b>notMatchPathTemplate</b><br>Test class: com.google.sitebricks.routing.PathMatcherTest<br>Parameters: /wiki/:hickory/dickory, /wiki/dickory</td>
<td></td>
<td>0</td>
<td>com.google.sitebricks.routing.PathMatcherTest@22a98932</td></tr>
<tr>
<td title='com.google.sitebricks.routing.PathMatcherTest.notMatchPathTemplate()'><b>notMatchPathTemplate</b><br>Test class: com.google.sitebricks.routing.PathMatcherTest<br>Parameters: /wiki/:title, /wiki/hello/bye</td>
<td></td>
<td>0</td>
<td>com.google.sitebricks.routing.PathMatcherTest@22a98932</td></tr>
<tr>
<td title='com.google.sitebricks.rendering.control.EmbedWidgetTest.pageEmbeddingAndBinding()'><b>pageEmbeddingAndBinding</b><br>Test class: com.google.sitebricks.rendering.control.EmbedWidgetTest<br>Parameters: MyEmbeddedPage, aString, message=pass</td>
<td></td>
<td>0</td>
<td>com.google.sitebricks.rendering.control.EmbedWidgetTest@50059a34</td></tr>
<tr>
<td title='com.google.sitebricks.rendering.control.EmbedWidgetTest.pageEmbeddingAndBinding()'><b>pageEmbeddingAndBinding</b><br>Test class: com.google.sitebricks.rendering.control.EmbedWidgetTest<br>Parameters: YourPage, anotherString, message=pass</td>
<td></td>
<td>0</td>
<td>com.google.sitebricks.rendering.control.EmbedWidgetTest@50059a34</td></tr>
<tr>
<td title='com.google.sitebricks.rendering.control.EmbedWidgetTest.pageEmbeddingAndBinding()'><b>pageEmbeddingAndBinding</b><br>Test class: com.google.sitebricks.rendering.control.EmbedWidgetTest<br>Parameters: YourPage2, aaaa, message='aaaa'</td>
<td></td>
<td>0</td>
<td>com.google.sitebricks.rendering.control.EmbedWidgetTest@50059a34</td></tr>
<tr>
<td title='com.google.sitebricks.rendering.control.EmbedWidgetTest.pageEmbeddingAndBinding()'><b>pageEmbeddingAndBinding</b><br>Test class: com.google.sitebricks.rendering.control.EmbedWidgetTest<br>Parameters: YourPage3, aaaa, message="aaaa"</td>
<td></td>
<td>0</td>
<td>com.google.sitebricks.rendering.control.EmbedWidgetTest@50059a34</td></tr>
<tr>
<td title='com.google.sitebricks.rendering.control.EmbedWidgetTest.pageEmbeddingAndBinding()'><b>pageEmbeddingAndBinding</b><br>Test class: com.google.sitebricks.rendering.control.EmbedWidgetTest<br>Parameters: YourPage4, bbbb, message="aaaa", message='bb' + 'bb'</td>
<td></td>
<td>0</td>
<td>com.google.sitebricks.rendering.control.EmbedWidgetTest@50059a34</td></tr>
<tr>
<td title='com.google.sitebricks.rendering.control.EmbedWidgetTest.pageEmbeddingAndBinding()'><b>pageEmbeddingAndBinding</b><br>Test class: com.google.sitebricks.rendering.control.EmbedWidgetTest<br>Parameters: YourPage5, cccc, message="aaaa", message='bb' + 'bb', message = getPass()</td>
<td></td>
<td>0</td>
<td>com.google.sitebricks.rendering.control.EmbedWidgetTest@50059a34</td></tr>
<tr>
<td title='com.google.sitebricks.rendering.control.EmbedWidgetTest.pageEmbeddingChainsToEmbeddedWidget()'><b>pageEmbeddingChainsToEmbeddedWidget</b><br>Test class: com.google.sitebricks.rendering.control.EmbedWidgetTest<br>Parameters: MyEmbeddedPage, aString, message=pass</td>
<td></td>
<td>0</td>
<td>com.google.sitebricks.rendering.control.EmbedWidgetTest@50059a34</td></tr>
<tr>
<td title='com.google.sitebricks.rendering.control.EmbedWidgetTest.pageEmbeddingChainsToEmbeddedWidget()'><b>pageEmbeddingChainsToEmbeddedWidget</b><br>Test class: com.google.sitebricks.rendering.control.EmbedWidgetTest<br>Parameters: YourPage, anotherString, message=pass</td>
<td></td>
<td>0</td>
<td>com.google.sitebricks.rendering.control.EmbedWidgetTest@50059a34</td></tr>
<tr>
<td title='com.google.sitebricks.rendering.control.EmbedWidgetTest.pageEmbeddingChainsToEmbeddedWidget()'><b>pageEmbeddingChainsToEmbeddedWidget</b><br>Test class: com.google.sitebricks.rendering.control.EmbedWidgetTest<br>Parameters: YourPage2, aaaa, message='aaaa'</td>
<td></td>
<td>0</td>
<td>com.google.sitebricks.rendering.control.EmbedWidgetTest@50059a34</td></tr>
<tr>
<td title='com.google.sitebricks.rendering.control.EmbedWidgetTest.pageEmbeddingChainsToEmbeddedWidget()'><b>pageEmbeddingChainsToEmbeddedWidget</b><br>Test class: com.google.sitebricks.rendering.control.EmbedWidgetTest<br>Parameters: YourPage3, aaaa, message="aaaa"</td>
<td></td>
<td>0</td>
<td>com.google.sitebricks.rendering.control.EmbedWidgetTest@50059a34</td></tr>
<tr>
<td title='com.google.sitebricks.rendering.control.EmbedWidgetTest.pageEmbeddingChainsToEmbeddedWidget()'><b>pageEmbeddingChainsToEmbeddedWidget</b><br>Test class: com.google.sitebricks.rendering.control.EmbedWidgetTest<br>Parameters: YourPage4, bbbb, message="aaaa", message='bb' + 'bb'</td>
<td></td>
<td>0</td>
<td>com.google.sitebricks.rendering.control.EmbedWidgetTest@50059a34</td></tr>
<tr>
<td title='com.google.sitebricks.rendering.control.EmbedWidgetTest.pageEmbeddingChainsToEmbeddedWidget()'><b>pageEmbeddingChainsToEmbeddedWidget</b><br>Test class: com.google.sitebricks.rendering.control.EmbedWidgetTest<br>Parameters: YourPage5, cccc, message="aaaa", message='bb' + 'bb', message = getPass()</td>
<td></td>
<td>0</td>
<td>com.google.sitebricks.rendering.control.EmbedWidgetTest@50059a34</td></tr>
<tr>
<td title='com.google.sitebricks.rendering.control.EmbedWidgetTest.pageEmbeddingChainsToEmbeddedWidgetBehavior()'><b>pageEmbeddingChainsToEmbeddedWidgetBehavior</b><br>Test class: com.google.sitebricks.rendering.control.EmbedWidgetTest<br>Parameters: MyEmbeddedPage, aString, message=pass</td>
<td></td>
<td>0</td>
<td>com.google.sitebricks.rendering.control.EmbedWidgetTest@50059a34</td></tr>
<tr>
<td title='com.google.sitebricks.rendering.control.EmbedWidgetTest.pageEmbeddingChainsToEmbeddedWidgetBehavior()'><b>pageEmbeddingChainsToEmbeddedWidgetBehavior</b><br>Test class: com.google.sitebricks.rendering.control.EmbedWidgetTest<br>Parameters: YourPage, anotherString, message=pass</td>
<td></td>
<td>0</td>
<td>com.google.sitebricks.rendering.control.EmbedWidgetTest@50059a34</td></tr>
<tr>
<td title='com.google.sitebricks.rendering.control.EmbedWidgetTest.pageEmbeddingChainsToEmbeddedWidgetBehavior()'><b>pageEmbeddingChainsToEmbeddedWidgetBehavior</b><br>Test class: com.google.sitebricks.rendering.control.EmbedWidgetTest<br>Parameters: YourPage2, aaaa, message='aaaa'</td>
<td></td>
<td>0</td>
<td>com.google.sitebricks.rendering.control.EmbedWidgetTest@50059a34</td></tr>
<tr>
<td title='com.google.sitebricks.rendering.control.EmbedWidgetTest.pageEmbeddingChainsToEmbeddedWidgetBehavior()'><b>pageEmbeddingChainsToEmbeddedWidgetBehavior</b><br>Test class: com.google.sitebricks.rendering.control.EmbedWidgetTest<br>Parameters: YourPage3, aaaa, message="aaaa"</td>
<td></td>
<td>0</td>
<td>com.google.sitebricks.rendering.control.EmbedWidgetTest@50059a34</td></tr>
<tr>
<td title='com.google.sitebricks.rendering.control.EmbedWidgetTest.pageEmbeddingChainsToEmbeddedWidgetBehavior()'><b>pageEmbeddingChainsToEmbeddedWidgetBehavior</b><br>Test class: com.google.sitebricks.rendering.control.EmbedWidgetTest<br>Parameters: YourPage4, bbbb, message="aaaa", message='bb' + 'bb'</td>
<td></td>
<td>0</td>
<td>com.google.sitebricks.rendering.control.EmbedWidgetTest@50059a34</td></tr>
<tr>
<td title='com.google.sitebricks.rendering.control.EmbedWidgetTest.pageEmbeddingChainsToEmbeddedWidgetBehavior()'><b>pageEmbeddingChainsToEmbeddedWidgetBehavior</b><br>Test class: com.google.sitebricks.rendering.control.EmbedWidgetTest<br>Parameters: YourPage5, cccc, message="aaaa", message='bb' + 'bb', message = getPass()</td>
<td></td>
<td>0</td>
<td>com.google.sitebricks.rendering.control.EmbedWidgetTest@50059a34</td></tr>
<tr>
<td title='com.google.sitebricks.rendering.control.EmbedWidgetTest.pageEmbeddingChainsToEmbeddedWidgetWithArgs()'><b>pageEmbeddingChainsToEmbeddedWidgetWithArgs</b><br>Test class: com.google.sitebricks.rendering.control.EmbedWidgetTest<br>Parameters: MyEmbeddedPage, aString, message=pass</td>
<td></td>
<td>0</td>
<td>com.google.sitebricks.rendering.control.EmbedWidgetTest@50059a34</td></tr>
<tr>
<td title='com.google.sitebricks.rendering.control.EmbedWidgetTest.pageEmbeddingChainsToEmbeddedWidgetWithArgs()'><b>pageEmbeddingChainsToEmbeddedWidgetWithArgs</b><br>Test class: com.google.sitebricks.rendering.control.EmbedWidgetTest<br>Parameters: YourPage, anotherString, message=pass</td>
<td></td>
<td>0</td>
<td>com.google.sitebricks.rendering.control.EmbedWidgetTest@50059a34</td></tr>
<tr>
<td title='com.google.sitebricks.rendering.control.EmbedWidgetTest.pageEmbeddingChainsToEmbeddedWidgetWithArgs()'><b>pageEmbeddingChainsToEmbeddedWidgetWithArgs</b><br>Test class: com.google.sitebricks.rendering.control.EmbedWidgetTest<br>Parameters: YourPage2, aaaa, message='aaaa'</td>
<td></td>
<td>0</td>
<td>com.google.sitebricks.rendering.control.EmbedWidgetTest@50059a34</td></tr>
<tr>
<td title='com.google.sitebricks.rendering.control.EmbedWidgetTest.pageEmbeddingChainsToEmbeddedWidgetWithArgs()'><b>pageEmbeddingChainsToEmbeddedWidgetWithArgs</b><br>Test class: com.google.sitebricks.rendering.control.EmbedWidgetTest<br>Parameters: YourPage3, aaaa, message="aaaa"</td>
<td></td>
<td>0</td>
<td>com.google.sitebricks.rendering.control.EmbedWidgetTest@50059a34</td></tr>
<tr>
<td title='com.google.sitebricks.rendering.control.EmbedWidgetTest.pageEmbeddingChainsToEmbeddedWidgetWithArgs()'><b>pageEmbeddingChainsToEmbeddedWidgetWithArgs</b><br>Test class: com.google.sitebricks.rendering.control.EmbedWidgetTest<br>Parameters: YourPage4, bbbb, message="aaaa", message='bb' + 'bb'</td>
<td></td>
<td>0</td>
<td>com.google.sitebricks.rendering.control.EmbedWidgetTest@50059a34</td></tr>
<tr>
<td title='com.google.sitebricks.rendering.control.EmbedWidgetTest.pageEmbeddingChainsToEmbeddedWidgetWithArgs()'><b>pageEmbeddingChainsToEmbeddedWidgetWithArgs</b><br>Test class: com.google.sitebricks.rendering.control.EmbedWidgetTest<br>Parameters: YourPage5, cccc, message="aaaa", message='bb' + 'bb', message = getPass()</td>
<td></td>
<td>0</td>
<td>com.google.sitebricks.rendering.control.EmbedWidgetTest@50059a34</td></tr>
<tr>
<td title='com.google.sitebricks.rendering.control.EmbedWidgetTest.pageEmbeddingSupressesNormalWidgetChain()'><b>pageEmbeddingSupressesNormalWidgetChain</b><br>Test class: com.google.sitebricks.rendering.control.EmbedWidgetTest<br>Parameters: MyEmbeddedPage, aString, message=pass</td>
<td></td>
<td>0</td>
<td>com.google.sitebricks.rendering.control.EmbedWidgetTest@50059a34</td></tr>
<tr>
<td title='com.google.sitebricks.rendering.control.EmbedWidgetTest.pageEmbeddingSupressesNormalWidgetChain()'><b>pageEmbeddingSupressesNormalWidgetChain</b><br>Test class: com.google.sitebricks.rendering.control.EmbedWidgetTest<br>Parameters: YourPage, anotherString, message=pass</td>
<td></td>
<td>0</td>
<td>com.google.sitebricks.rendering.control.EmbedWidgetTest@50059a34</td></tr>
<tr>
<td title='com.google.sitebricks.rendering.control.EmbedWidgetTest.pageEmbeddingSupressesNormalWidgetChain()'><b>pageEmbeddingSupressesNormalWidgetChain</b><br>Test class: com.google.sitebricks.rendering.control.EmbedWidgetTest<br>Parameters: YourPage2, aaaa, message='aaaa'</td>
<td></td>
<td>0</td>
<td>com.google.sitebricks.rendering.control.EmbedWidgetTest@50059a34</td></tr>
<tr>
<td title='com.google.sitebricks.rendering.control.EmbedWidgetTest.pageEmbeddingSupressesNormalWidgetChain()'><b>pageEmbeddingSupressesNormalWidgetChain</b><br>Test class: com.google.sitebricks.rendering.control.EmbedWidgetTest<br>Parameters: YourPage3, aaaa, message="aaaa"</td>
<td></td>
<td>0</td>
<td>com.google.sitebricks.rendering.control.EmbedWidgetTest@50059a34</td></tr>
<tr>
<td title='com.google.sitebricks.rendering.control.EmbedWidgetTest.pageEmbeddingSupressesNormalWidgetChain()'><b>pageEmbeddingSupressesNormalWidgetChain</b><br>Test class: com.google.sitebricks.rendering.control.EmbedWidgetTest<br>Parameters: YourPage4, bbbb, message="aaaa", message='bb' + 'bb'</td>
<td></td>
<td>0</td>
<td>com.google.sitebricks.rendering.control.EmbedWidgetTest@50059a34</td></tr>
<tr>
<td title='com.google.sitebricks.rendering.control.EmbedWidgetTest.pageEmbeddingSupressesNormalWidgetChain()'><b>pageEmbeddingSupressesNormalWidgetChain</b><br>Test class: com.google.sitebricks.rendering.control.EmbedWidgetTest<br>Parameters: YourPage5, cccc, message="aaaa", message='bb' + 'bb', message = getPass()</td>
<td></td>
<td>0</td>
<td>com.google.sitebricks.rendering.control.EmbedWidgetTest@50059a34</td></tr>
<tr>
<td title='com.google.sitebricks.LocalizationTest.parameterizedLocalizeBrokenTemplate()'><b>parameterizedLocalizeBrokenTemplate</b><br>Test class: com.google.sitebricks.LocalizationTest</td>
<td><div><pre>com.google.inject.CreationException: Guice creation errors:

1) Compile error in i18n message template: 
  (1,1) error in expression ${named}

  ...in: 
  at com.google.sitebricks.LocalizationTest$LocalizedBrokenTemplate.hello()

  at com.google.sitebricks.Localizer.check(Localizer.java:237)

1 error
	at com.google.inject.internal.Errors.throwCreationExceptionIfErrorsExist(Errors.java:435)
	at com.google.inject.internal.InternalInjectorCreator.initializeStatically(InternalInjectorCreator.java:154)
	at com.google.inject.internal.InternalInjectorCreator.build(InternalInjectorCreator.java:106)
	at com.google.inject.Guice.createInjector(Guice.java:95)
	at com.google.inject.Guice.createInjector(Guice.java:72)
	at com.google.inject.Guice.createInjector(Guice.java:62)
	at com.google.sitebricks.LocalizationTest.parameterizedLocalizeBrokenTemplate(LocalizationTest.java:145)
	at sun.reflect.NativeMethodAccessorImpl.invoke0(Native Method)
	at sun.reflect.NativeMethodAccessorImpl.invoke(NativeMethodAccessorImpl.java:39)
	at sun.reflect.DelegatingMethodAccessorImpl.invoke(DelegatingMethodAccessorImpl.java:25)
	at java.lang.reflect.Method.invoke(Method.java:597)
	at org.testng.internal.MethodInvocationHelper.invokeMethod(MethodInvocationHelper.java:80)
	at org.testng.internal.Invoker.invokeMethod(Invoker.java:701)
	at org.testng.internal.Invoker.invokeTestMethod(Invoker.java:893)
	at org.testng.internal.Invoker.invokeTestMethods(Invoker.java:1218)
	at org.testng.internal.TestMethodWorker.invokeTestMethods(TestMethodWorker.java:127)
	at org.testng.internal.TestMethodWorker.run(TestMethodWorker.java:111)
	at org.testng.TestRunner.privateRun(TestRunner.java:768)
	at org.testng.TestRunner.run(TestRunner.java:617)
	at org.testng.SuiteRunner.runTest(SuiteRunner.java:334)
	at org.testng.SuiteRunner.runSequentially(SuiteRunner.java:329)
	at org.testng.SuiteRunner.privateRun(SuiteRunner.java:291)
	at org.testng.SuiteRunner.run(SuiteRunner.java:240)
	at org.testng.SuiteRunnerWorker.runSuite(SuiteRunnerWorker.java:53)
	at org.testng.SuiteRunnerWorker.run(SuiteRunnerWorker.java:87)
	at org.testng.TestNG.runSuitesSequentially(TestNG.java:1185)
	at org.testng.TestNG.runSuitesLocally(TestNG.java:1110)
	at org.testng.TestNG.run(TestNG.java:1022)
	at org.testng.remote.RemoteTestNG.run(RemoteTestNG.java:109)
	at org.testng.remote.RemoteTestNG.initAndRun(RemoteTestNG.java:202)
	at org.testng.remote.RemoteTestNG.main(RemoteTestNG.java:173)
</pre></div><a href='#' onClick='toggleBox("stack-trace1739580512", this, "Click to show all stack frames", "Click to hide stack frames")'>Click to show all stack frames</a>
<div class='stack-trace' id='stack-trace1739580512'><pre>com.google.inject.CreationException: Guice creation errors:

1) Compile error in i18n message template: 
  (1,1) error in expression ${named}

  ...in: 
  at com.google.sitebricks.LocalizationTest$LocalizedBrokenTemplate.hello()

  at com.google.sitebricks.Localizer.check(Localizer.java:237)

1 error
	at com.google.inject.internal.Errors.throwCreationExceptionIfErrorsExist(Errors.java:435)
	at com.google.inject.internal.InternalInjectorCreator.initializeStatically(InternalInjectorCreator.java:154)
	at com.google.inject.internal.InternalInjectorCreator.build(InternalInjectorCreator.java:106)
	at com.google.inject.Guice.createInjector(Guice.java:95)
	at com.google.inject.Guice.createInjector(Guice.java:72)
	at com.google.inject.Guice.createInjector(Guice.java:62)
	at com.google.sitebricks.LocalizationTest.parameterizedLocalizeBrokenTemplate(LocalizationTest.java:145)
	at sun.reflect.NativeMethodAccessorImpl.invoke0(Native Method)
	at sun.reflect.NativeMethodAccessorImpl.invoke(NativeMethodAccessorImpl.java:39)
	at sun.reflect.DelegatingMethodAccessorImpl.invoke(DelegatingMethodAccessorImpl.java:25)
	at java.lang.reflect.Method.invoke(Method.java:597)
	at org.testng.internal.MethodInvocationHelper.invokeMethod(MethodInvocationHelper.java:80)
	at org.testng.internal.Invoker.invokeMethod(Invoker.java:701)
	at org.testng.internal.Invoker.invokeTestMethod(Invoker.java:893)
	at org.testng.internal.Invoker.invokeTestMethods(Invoker.java:1218)
	at org.testng.internal.TestMethodWorker.invokeTestMethods(TestMethodWorker.java:127)
	at org.testng.internal.TestMethodWorker.run(TestMethodWorker.java:111)
	at org.testng.TestRunner.privateRun(TestRunner.java:768)
	at org.testng.TestRunner.run(TestRunner.java:617)
	at org.testng.SuiteRunner.runTest(SuiteRunner.java:334)
	at org.testng.SuiteRunner.runSequentially(SuiteRunner.java:329)
	at org.testng.SuiteRunner.privateRun(SuiteRunner.java:291)
	at org.testng.SuiteRunner.run(SuiteRunner.java:240)
	at org.testng.SuiteRunnerWorker.runSuite(SuiteRunnerWorker.java:53)
	at org.testng.SuiteRunnerWorker.run(SuiteRunnerWorker.java:87)
	at org.testng.TestNG.runSuitesSequentially(TestNG.java:1185)
	at org.testng.TestNG.runSuitesLocally(TestNG.java:1110)
	at org.testng.TestNG.run(TestNG.java:1022)
	at org.testng.remote.RemoteTestNG.run(RemoteTestNG.java:109)
	at org.testng.remote.RemoteTestNG.initAndRun(RemoteTestNG.java:202)
	at org.testng.remote.RemoteTestNG.main(RemoteTestNG.java:173)
</pre></div></td>
<td>0</td>
<td>com.google.sitebricks.LocalizationTest@28ab54eb</td></tr>
<tr>
<td title='com.google.sitebricks.LocalizationTest.parameterizedLocalizeTemplate()'><b>parameterizedLocalizeTemplate</b><br>Test class: com.google.sitebricks.LocalizationTest</td>
<td></td>
<td>0</td>
<td>com.google.sitebricks.LocalizationTest@28ab54eb</td></tr>
<tr>
<td title='com.google.sitebricks.LocalizationTest.parameterizedLocalizeTemplateMultipleLocales()'><b>parameterizedLocalizeTemplateMultipleLocales</b><br>Test class: com.google.sitebricks.LocalizationTest</td>
<td></td>
<td>0</td>
<td>com.google.sitebricks.LocalizationTest@28ab54eb</td></tr>
<tr>
<td title='com.google.sitebricks.LocalizationTest.parameterizedLocalizeWrongArgAnnotation()'><b>parameterizedLocalizeWrongArgAnnotation</b><br>Test class: com.google.sitebricks.LocalizationTest</td>
<td><div><pre>com.google.inject.CreationException: Guice creation errors:

1) Only @Named annotations are allowed on i18n method arguments: 
  at com.google.sitebricks.LocalizationTest$LocalizedWrongArgAnnotation.hello()

  at com.google.sitebricks.Localizer.check(Localizer.java:237)

1 error
	at com.google.inject.internal.Errors.throwCreationExceptionIfErrorsExist(Errors.java:435)
	at com.google.inject.internal.InternalInjectorCreator.initializeStatically(InternalInjectorCreator.java:154)
	at com.google.inject.internal.InternalInjectorCreator.build(InternalInjectorCreator.java:106)
	at com.google.inject.Guice.createInjector(Guice.java:95)
	at com.google.inject.Guice.createInjector(Guice.java:72)
	at com.google.inject.Guice.createInjector(Guice.java:62)
	at com.google.sitebricks.LocalizationTest.parameterizedLocalizeWrongArgAnnotation(LocalizationTest.java:125)
	at sun.reflect.NativeMethodAccessorImpl.invoke0(Native Method)
	at sun.reflect.NativeMethodAccessorImpl.invoke(NativeMethodAccessorImpl.java:39)
	at sun.reflect.DelegatingMethodAccessorImpl.invoke(DelegatingMethodAccessorImpl.java:25)
	at java.lang.reflect.Method.invoke(Method.java:597)
	at org.testng.internal.MethodInvocationHelper.invokeMethod(MethodInvocationHelper.java:80)
	at org.testng.internal.Invoker.invokeMethod(Invoker.java:701)
	at org.testng.internal.Invoker.invokeTestMethod(Invoker.java:893)
	at org.testng.internal.Invoker.invokeTestMethods(Invoker.java:1218)
	at org.testng.internal.TestMethodWorker.invokeTestMethods(TestMethodWorker.java:127)
	at org.testng.internal.TestMethodWorker.run(TestMethodWorker.java:111)
	at org.testng.TestRunner.privateRun(TestRunner.java:768)
	at org.testng.TestRunner.run(TestRunner.java:617)
	at org.testng.SuiteRunner.runTest(SuiteRunner.java:334)
	at org.testng.SuiteRunner.runSequentially(SuiteRunner.java:329)
	at org.testng.SuiteRunner.privateRun(SuiteRunner.java:291)
	at org.testng.SuiteRunner.run(SuiteRunner.java:240)
	at org.testng.SuiteRunnerWorker.runSuite(SuiteRunnerWorker.java:53)
	at org.testng.SuiteRunnerWorker.run(SuiteRunnerWorker.java:87)
	at org.testng.TestNG.runSuitesSequentially(TestNG.java:1185)
	at org.testng.TestNG.runSuitesLocally(TestNG.java:1110)
	at org.testng.TestNG.run(TestNG.java:1022)
	at org.testng.remote.RemoteTestNG.run(RemoteTestNG.java:109)
	at org.testng.remote.RemoteTestNG.initAndRun(RemoteTestNG.java:202)
	at org.testng.remote.RemoteTestNG.main(RemoteTestNG.java:173)
</pre></div><a href='#' onClick='toggleBox("stack-trace302276918", this, "Click to show all stack frames", "Click to hide stack frames")'>Click to show all stack frames</a>
<div class='stack-trace' id='stack-trace302276918'><pre>com.google.inject.CreationException: Guice creation errors:

1) Only @Named annotations are allowed on i18n method arguments: 
  at com.google.sitebricks.LocalizationTest$LocalizedWrongArgAnnotation.hello()

  at com.google.sitebricks.Localizer.check(Localizer.java:237)

1 error
	at com.google.inject.internal.Errors.throwCreationExceptionIfErrorsExist(Errors.java:435)
	at com.google.inject.internal.InternalInjectorCreator.initializeStatically(InternalInjectorCreator.java:154)
	at com.google.inject.internal.InternalInjectorCreator.build(InternalInjectorCreator.java:106)
	at com.google.inject.Guice.createInjector(Guice.java:95)
	at com.google.inject.Guice.createInjector(Guice.java:72)
	at com.google.inject.Guice.createInjector(Guice.java:62)
	at com.google.sitebricks.LocalizationTest.parameterizedLocalizeWrongArgAnnotation(LocalizationTest.java:125)
	at sun.reflect.NativeMethodAccessorImpl.invoke0(Native Method)
	at sun.reflect.NativeMethodAccessorImpl.invoke(NativeMethodAccessorImpl.java:39)
	at sun.reflect.DelegatingMethodAccessorImpl.invoke(DelegatingMethodAccessorImpl.java:25)
	at java.lang.reflect.Method.invoke(Method.java:597)
	at org.testng.internal.MethodInvocationHelper.invokeMethod(MethodInvocationHelper.java:80)
	at org.testng.internal.Invoker.invokeMethod(Invoker.java:701)
	at org.testng.internal.Invoker.invokeTestMethod(Invoker.java:893)
	at org.testng.internal.Invoker.invokeTestMethods(Invoker.java:1218)
	at org.testng.internal.TestMethodWorker.invokeTestMethods(TestMethodWorker.java:127)
	at org.testng.internal.TestMethodWorker.run(TestMethodWorker.java:111)
	at org.testng.TestRunner.privateRun(TestRunner.java:768)
	at org.testng.TestRunner.run(TestRunner.java:617)
	at org.testng.SuiteRunner.runTest(SuiteRunner.java:334)
	at org.testng.SuiteRunner.runSequentially(SuiteRunner.java:329)
	at org.testng.SuiteRunner.privateRun(SuiteRunner.java:291)
	at org.testng.SuiteRunner.run(SuiteRunner.java:240)
	at org.testng.SuiteRunnerWorker.runSuite(SuiteRunnerWorker.java:53)
	at org.testng.SuiteRunnerWorker.run(SuiteRunnerWorker.java:87)
	at org.testng.TestNG.runSuitesSequentially(TestNG.java:1185)
	at org.testng.TestNG.runSuitesLocally(TestNG.java:1110)
	at org.testng.TestNG.run(TestNG.java:1022)
	at org.testng.remote.RemoteTestNG.run(RemoteTestNG.java:109)
	at org.testng.remote.RemoteTestNG.initAndRun(RemoteTestNG.java:202)
	at org.testng.remote.RemoteTestNG.main(RemoteTestNG.java:173)
</pre></div></td>
<td>0</td>
<td>com.google.sitebricks.LocalizationTest@28ab54eb</td></tr>
<tr>
<td title='com.google.sitebricks.LocalizationTest.parameterizedWithNoExternalBundle()'><b>parameterizedWithNoExternalBundle</b><br>Test class: com.google.sitebricks.LocalizationTest</td>
<td></td>
<td>0</td>
<td>com.google.sitebricks.LocalizationTest@28ab54eb</td></tr>
<tr>
<td title='com.google.sitebricks.compiler.XmlTemplateCompilerTest.readAWidgetWithVariousExpressions()'><b>readAWidgetWithVariousExpressions</b><br>Test class: com.google.sitebricks.compiler.XmlTemplateCompilerTest<br>Parameters: true</td>
<td></td>
<td>0</td>
<td>com.google.sitebricks.compiler.XmlTemplateCompilerTest@5f0ab09f</td></tr>
<tr>
<td title='com.google.sitebricks.compiler.XmlTemplateCompilerTest.readAWidgetWithVariousExpressions()'><b>readAWidgetWithVariousExpressions</b><br>Test class: com.google.sitebricks.compiler.XmlTemplateCompilerTest<br>Parameters: java.lang.Boolean.TRUE</td>
<td></td>
<td>0</td>
<td>com.google.sitebricks.compiler.XmlTemplateCompilerTest@5f0ab09f</td></tr>
<tr>
<td title='com.google.sitebricks.compiler.XmlTemplateCompilerTest.readAWidgetWithVariousExpressions()'><b>readAWidgetWithVariousExpressions</b><br>Test class: com.google.sitebricks.compiler.XmlTemplateCompilerTest<br>Parameters: java.lang.Boolean.valueOf('true')</td>
<td></td>
<td>0</td>
<td>com.google.sitebricks.compiler.XmlTemplateCompilerTest@5f0ab09f</td></tr>
<tr>
<td title='com.google.sitebricks.compiler.XmlTemplateCompilerTest.readAWidgetWithVariousExpressions()'><b>readAWidgetWithVariousExpressions</b><br>Test class: com.google.sitebricks.compiler.XmlTemplateCompilerTest<br>Parameters: 'x' == 'x'</td>
<td></td>
<td>0</td>
<td>com.google.sitebricks.compiler.XmlTemplateCompilerTest@5f0ab09f</td></tr>
<tr>
<td title='com.google.sitebricks.compiler.XmlTemplateCompilerTest.readAWidgetWithVariousExpressions()'><b>readAWidgetWithVariousExpressions</b><br>Test class: com.google.sitebricks.compiler.XmlTemplateCompilerTest<br>Parameters: "x" == "x"</td>
<td></td>
<td>0</td>
<td>com.google.sitebricks.compiler.XmlTemplateCompilerTest@5f0ab09f</td></tr>
<tr>
<td title='com.google.sitebricks.compiler.XmlTemplateCompilerTest.readAWidgetWithVariousExpressions()'><b>readAWidgetWithVariousExpressions</b><br>Test class: com.google.sitebricks.compiler.XmlTemplateCompilerTest<br>Parameters: 'hello' instanceof java.io.Serializable</td>
<td></td>
<td>0</td>
<td>com.google.sitebricks.compiler.XmlTemplateCompilerTest@5f0ab09f</td></tr>
<tr>
<td title='com.google.sitebricks.compiler.XmlTemplateCompilerTest.readAWidgetWithVariousExpressions()'><b>readAWidgetWithVariousExpressions</b><br>Test class: com.google.sitebricks.compiler.XmlTemplateCompilerTest<br>Parameters: true; return true</td>
<td></td>
<td>0</td>
<td>com.google.sitebricks.compiler.XmlTemplateCompilerTest@5f0ab09f</td></tr>
<tr>
<td title='com.google.sitebricks.compiler.XmlTemplateCompilerTest.readAWidgetWithVariousExpressions()'><b>readAWidgetWithVariousExpressions</b><br>Test class: com.google.sitebricks.compiler.XmlTemplateCompilerTest<br>Parameters:  5 >= 2 </td>
<td></td>
<td>0</td>
<td>com.google.sitebricks.compiler.XmlTemplateCompilerTest@5f0ab09f</td></tr>
<tr>
<td title='com.google.sitebricks.compiler.HtmlTemplateCompilerTest.readAWidgetWithVariousExpressions()'><b>readAWidgetWithVariousExpressions</b><br>Test class: com.google.sitebricks.compiler.HtmlTemplateCompilerTest<br>Parameters: true</td>
<td></td>
<td>0</td>
<td>com.google.sitebricks.compiler.HtmlTemplateCompilerTest@63b0bdc8</td></tr>
<tr>
<td title='com.google.sitebricks.compiler.HtmlTemplateCompilerTest.readAWidgetWithVariousExpressions()'><b>readAWidgetWithVariousExpressions</b><br>Test class: com.google.sitebricks.compiler.HtmlTemplateCompilerTest<br>Parameters: java.lang.Boolean.TRUE</td>
<td></td>
<td>0</td>
<td>com.google.sitebricks.compiler.HtmlTemplateCompilerTest@63b0bdc8</td></tr>
<tr>
<td title='com.google.sitebricks.compiler.HtmlTemplateCompilerTest.readAWidgetWithVariousExpressions()'><b>readAWidgetWithVariousExpressions</b><br>Test class: com.google.sitebricks.compiler.HtmlTemplateCompilerTest<br>Parameters: java.lang.Boolean.valueOf('true')</td>
<td></td>
<td>0</td>
<td>com.google.sitebricks.compiler.HtmlTemplateCompilerTest@63b0bdc8</td></tr>
<tr>
<td title='com.google.sitebricks.compiler.HtmlTemplateCompilerTest.readAWidgetWithVariousExpressions()'><b>readAWidgetWithVariousExpressions</b><br>Test class: com.google.sitebricks.compiler.HtmlTemplateCompilerTest<br>Parameters: 'x' == 'x'</td>
<td></td>
<td>0</td>
<td>com.google.sitebricks.compiler.HtmlTemplateCompilerTest@63b0bdc8</td></tr>
<tr>
<td title='com.google.sitebricks.compiler.HtmlTemplateCompilerTest.readAWidgetWithVariousExpressions()'><b>readAWidgetWithVariousExpressions</b><br>Test class: com.google.sitebricks.compiler.HtmlTemplateCompilerTest<br>Parameters: "x" == "x"</td>
<td></td>
<td>0</td>
<td>com.google.sitebricks.compiler.HtmlTemplateCompilerTest@63b0bdc8</td></tr>
<tr>
<td title='com.google.sitebricks.compiler.HtmlTemplateCompilerTest.readAWidgetWithVariousExpressions()'><b>readAWidgetWithVariousExpressions</b><br>Test class: com.google.sitebricks.compiler.HtmlTemplateCompilerTest<br>Parameters: 'hello' instanceof java.io.Serializable</td>
<td></td>
<td>0</td>
<td>com.google.sitebricks.compiler.HtmlTemplateCompilerTest@63b0bdc8</td></tr>
<tr>
<td title='com.google.sitebricks.compiler.HtmlTemplateCompilerTest.readAWidgetWithVariousExpressions()'><b>readAWidgetWithVariousExpressions</b><br>Test class: com.google.sitebricks.compiler.HtmlTemplateCompilerTest<br>Parameters: true; return true</td>
<td></td>
<td>0</td>
<td>com.google.sitebricks.compiler.HtmlTemplateCompilerTest@63b0bdc8</td></tr>
<tr>
<td title='com.google.sitebricks.compiler.HtmlTemplateCompilerTest.readAWidgetWithVariousExpressions()'><b>readAWidgetWithVariousExpressions</b><br>Test class: com.google.sitebricks.compiler.HtmlTemplateCompilerTest<br>Parameters:  5 >= 2 </td>
<td></td>
<td>0</td>
<td>com.google.sitebricks.compiler.HtmlTemplateCompilerTest@63b0bdc8</td></tr>
<tr>
<td title='com.google.sitebricks.compiler.FreemarkerTemplateCompilerTest.readAWidgetWithVariousExpressions()'><b>readAWidgetWithVariousExpressions</b><br>Test class: com.google.sitebricks.compiler.FreemarkerTemplateCompilerTest<br>Parameters: true</td>
<td></td>
<td>0</td>
<td>com.google.sitebricks.compiler.FreemarkerTemplateCompilerTest@16aeea66</td></tr>
<tr>
<td title='com.google.sitebricks.compiler.FreemarkerTemplateCompilerTest.readAWidgetWithVariousExpressions()'><b>readAWidgetWithVariousExpressions</b><br>Test class: com.google.sitebricks.compiler.FreemarkerTemplateCompilerTest<br>Parameters: 'x' == 'x'</td>
<td></td>
<td>0</td>
<td>com.google.sitebricks.compiler.FreemarkerTemplateCompilerTest@16aeea66</td></tr>
<tr>
<td title='com.google.sitebricks.compiler.FreemarkerTemplateCompilerTest.readAWidgetWithVariousExpressions()'><b>readAWidgetWithVariousExpressions</b><br>Test class: com.google.sitebricks.compiler.FreemarkerTemplateCompilerTest<br>Parameters: "x" == "x"</td>
<td></td>
<td>0</td>
<td>com.google.sitebricks.compiler.FreemarkerTemplateCompilerTest@16aeea66</td></tr>
<tr>
<td title='com.google.sitebricks.compiler.HtmlTemplateCompilerTest.readAndRenderRequireWidget()'><b>readAndRenderRequireWidget</b><br>Test class: com.google.sitebricks.compiler.HtmlTemplateCompilerTest</td>
<td></td>
<td>0</td>
<td>com.google.sitebricks.compiler.HtmlTemplateCompilerTest@63b0bdc8</td></tr>
<tr>
<td title='com.google.sitebricks.compiler.FreemarkerTemplateCompilerTest.readHtmlWidget()'><b>readHtmlWidget</b><br>Test class: com.google.sitebricks.compiler.FreemarkerTemplateCompilerTest</td>
<td></td>
<td>0</td>
<td>com.google.sitebricks.compiler.FreemarkerTemplateCompilerTest@16aeea66</td></tr>
<tr>
<td title='com.google.sitebricks.compiler.FreemarkerTemplateCompilerTest.readHtmlWidgetWithChildren()'><b>readHtmlWidgetWithChildren</b><br>Test class: com.google.sitebricks.compiler.FreemarkerTemplateCompilerTest</td>
<td></td>
<td>0</td>
<td>com.google.sitebricks.compiler.FreemarkerTemplateCompilerTest@16aeea66</td></tr>
<tr>
<td title='com.google.sitebricks.compiler.XmlTemplateCompilerTest.readShowIfWidgetFalse()'><b>readShowIfWidgetFalse</b><br>Test class: com.google.sitebricks.compiler.XmlTemplateCompilerTest</td>
<td></td>
<td>0</td>
<td>com.google.sitebricks.compiler.XmlTemplateCompilerTest@5f0ab09f</td></tr>
<tr>
<td title='com.google.sitebricks.compiler.HtmlTemplateCompilerTest.readShowIfWidgetFalse()'><b>readShowIfWidgetFalse</b><br>Test class: com.google.sitebricks.compiler.HtmlTemplateCompilerTest</td>
<td></td>
<td>0</td>
<td>com.google.sitebricks.compiler.HtmlTemplateCompilerTest@63b0bdc8</td></tr>
<tr>
<td title='com.google.sitebricks.compiler.FreemarkerTemplateCompilerTest.readShowIfWidgetFalse()'><b>readShowIfWidgetFalse</b><br>Test class: com.google.sitebricks.compiler.FreemarkerTemplateCompilerTest</td>
<td></td>
<td>0</td>
<td>com.google.sitebricks.compiler.FreemarkerTemplateCompilerTest@16aeea66</td></tr>
<tr>
<td title='com.google.sitebricks.compiler.XmlTemplateCompilerTest.readShowIfWidgetTrue()'><b>readShowIfWidgetTrue</b><br>Test class: com.google.sitebricks.compiler.XmlTemplateCompilerTest</td>
<td></td>
<td>0</td>
<td>com.google.sitebricks.compiler.XmlTemplateCompilerTest@5f0ab09f</td></tr>
<tr>
<td title='com.google.sitebricks.compiler.HtmlTemplateCompilerTest.readShowIfWidgetTrue()'><b>readShowIfWidgetTrue</b><br>Test class: com.google.sitebricks.compiler.HtmlTemplateCompilerTest</td>
<td></td>
<td>0</td>
<td>com.google.sitebricks.compiler.HtmlTemplateCompilerTest@63b0bdc8</td></tr>
<tr>
<td title='com.google.sitebricks.compiler.FreemarkerTemplateCompilerTest.readShowIfWidgetTrue()'><b>readShowIfWidgetTrue</b><br>Test class: com.google.sitebricks.compiler.FreemarkerTemplateCompilerTest</td>
<td></td>
<td>0</td>
<td>com.google.sitebricks.compiler.FreemarkerTemplateCompilerTest@16aeea66</td></tr>
<tr>
<td title='com.google.sitebricks.compiler.FreemarkerTemplateCompilerTest.readTextWidgetValues()'><b>readTextWidgetValues</b><br>Test class: com.google.sitebricks.compiler.FreemarkerTemplateCompilerTest</td>
<td></td>
<td>0</td>
<td>com.google.sitebricks.compiler.FreemarkerTemplateCompilerTest@16aeea66</td></tr>
<tr>
<td title='com.google.sitebricks.rendering.control.TextWidgetTest.renderATemplateWithObject()'><b>renderATemplateWithObject</b><br>Test class: com.google.sitebricks.rendering.control.TextWidgetTest<br>Parameters: Dhanji</td>
<td></td>
<td>0</td>
<td>com.google.sitebricks.rendering.control.TextWidgetTest@635aed57</td></tr>
<tr>
<td title='com.google.sitebricks.rendering.control.TextWidgetTest.renderATemplateWithObject()'><b>renderATemplateWithObject</b><br>Test class: com.google.sitebricks.rendering.control.TextWidgetTest<br>Parameters: Joe</td>
<td></td>
<td>0</td>
<td>com.google.sitebricks.rendering.control.TextWidgetTest@635aed57</td></tr>
<tr>
<td title='com.google.sitebricks.rendering.control.TextWidgetTest.renderATemplateWithObject()'><b>renderATemplateWithObject</b><br>Test class: com.google.sitebricks.rendering.control.TextWidgetTest<br>Parameters: Josh</td>
<td></td>
<td>0</td>
<td>com.google.sitebricks.rendering.control.TextWidgetTest@635aed57</td></tr>
<tr>
<td title='com.google.sitebricks.rendering.control.TextWidgetTest.renderATemplateWithObjectGraph()'><b>renderATemplateWithObjectGraph</b><br>Test class: com.google.sitebricks.rendering.control.TextWidgetTest<br>Parameters: com.google.sitebricks.rendering.control.TextWidgetTest$TestBackingType@1497b7b1, Dhanji</td>
<td></td>
<td>0</td>
<td>com.google.sitebricks.rendering.control.TextWidgetTest@635aed57</td></tr>
<tr>
<td title='com.google.sitebricks.rendering.control.TextWidgetTest.renderATemplateWithObjectGraph()'><b>renderATemplateWithObjectGraph</b><br>Test class: com.google.sitebricks.rendering.control.TextWidgetTest<br>Parameters: com.google.sitebricks.rendering.control.TextWidgetTest$TestBackingType@44c8422, Joei</td>
<td></td>
<td>0</td>
<td>com.google.sitebricks.rendering.control.TextWidgetTest@635aed57</td></tr>
<tr>
<td title='com.google.sitebricks.rendering.control.TextWidgetTest.renderATemplateWithObjectGraph()'><b>renderATemplateWithObjectGraph</b><br>Test class: com.google.sitebricks.rendering.control.TextWidgetTest<br>Parameters: com.google.sitebricks.rendering.control.TextWidgetTest$TestBackingType@5a74b10b, Jill</td>
<td></td>
<td>0</td>
<td>com.google.sitebricks.rendering.control.TextWidgetTest@635aed57</td></tr>
<tr>
<td title='com.google.sitebricks.rendering.control.HeaderWidgetTest.renderHeader()'><b>renderHeader</b><br>Test class: com.google.sitebricks.rendering.control.HeaderWidgetTest</td>
<td></td>
<td>0</td>
<td>com.google.sitebricks.rendering.control.HeaderWidgetTest@ee51b2c</td></tr>
<tr>
<td title='com.google.sitebricks.rendering.control.HeaderWidgetTest.renderHeaderWithContent()'><b>renderHeaderWithContent</b><br>Test class: com.google.sitebricks.rendering.control.HeaderWidgetTest</td>
<td></td>
<td>0</td>
<td>com.google.sitebricks.rendering.control.HeaderWidgetTest@ee51b2c</td></tr>
<tr>
<td title='com.google.sitebricks.rendering.control.RepeatWidgetTest.repeatNumberOfTimes()'><b>repeatNumberOfTimes</b><br>Test class: com.google.sitebricks.rendering.control.RepeatWidgetTest<br>Parameters: 5, [1, 2, 3, 4, 4]</td>
<td></td>
<td>0</td>
<td>com.google.sitebricks.rendering.control.RepeatWidgetTest@359eda2c</td></tr>
<tr>
<td title='com.google.sitebricks.rendering.control.RepeatWidgetTest.repeatNumberOfTimes()'><b>repeatNumberOfTimes</b><br>Test class: com.google.sitebricks.rendering.control.RepeatWidgetTest<br>Parameters: 4, [1, 2, 3, 4]</td>
<td></td>
<td>0</td>
<td>com.google.sitebricks.rendering.control.RepeatWidgetTest@359eda2c</td></tr>
<tr>
<td title='com.google.sitebricks.rendering.control.RepeatWidgetTest.repeatNumberOfTimes()'><b>repeatNumberOfTimes</b><br>Test class: com.google.sitebricks.rendering.control.RepeatWidgetTest<br>Parameters: 16, [1, 2, 3, 2, 2, 2, 2, 1, 2, 1, 2, 1, 2, 1, 2, 2]</td>
<td></td>
<td>0</td>
<td>com.google.sitebricks.rendering.control.RepeatWidgetTest@359eda2c</td></tr>
<tr>
<td title='com.google.sitebricks.rendering.control.RepeatWidgetTest.repeatNumberOfTimes()'><b>repeatNumberOfTimes</b><br>Test class: com.google.sitebricks.rendering.control.RepeatWidgetTest<br>Parameters: 0, []</td>
<td></td>
<td>0</td>
<td>com.google.sitebricks.rendering.control.RepeatWidgetTest@359eda2c</td></tr>
<tr>
<td title='com.google.sitebricks.headless.ReplyEdslTest.replies()'><b>replies</b><br>Test class: com.google.sitebricks.headless.ReplyEdslTest</td>
<td></td>
<td>0</td>
<td>com.google.sitebricks.headless.ReplyEdslTest@27b62aab</td></tr>
<tr>
<td title='com.google.sitebricks.rendering.control.RequireWidgetTest.requireWidgetsRenderToHeadTag()'><b>requireWidgetsRenderToHeadTag</b><br>Test class: com.google.sitebricks.rendering.control.RequireWidgetTest<br>Parameters: <link rel='thing.css'/></td>
<td></td>
<td>0</td>
<td>com.google.sitebricks.rendering.control.RequireWidgetTest@687bc899</td></tr>
<tr>
<td title='com.google.sitebricks.rendering.control.RequireWidgetTest.requireWidgetsRenderToHeadTag()'><b>requireWidgetsRenderToHeadTag</b><br>Test class: com.google.sitebricks.rendering.control.RequireWidgetTest<br>Parameters: <script type="text/javascript"/> @import 'thing.css' javascript dude bleod </script></td>
<td></td>
<td>0</td>
<td>com.google.sitebricks.rendering.control.RequireWidgetTest@687bc899</td></tr>
<tr>
<td title='com.google.sitebricks.RespondTest.respondWriteNull()'><b>respondWriteNull</b><br>Test class: com.google.sitebricks.RespondTest</td>
<td></td>
<td>0</td>
<td>com.google.sitebricks.RespondTest@5090d8ea</td></tr>
<tr>
<td title='com.google.sitebricks.RespondTest.respondWriteStringCharAndChew()'><b>respondWriteStringCharAndChew</b><br>Test class: com.google.sitebricks.RespondTest</td>
<td></td>
<td>0</td>
<td>com.google.sitebricks.RespondTest@5090d8ea</td></tr>
<tr>
<td title='com.google.sitebricks.LocalizationTest.simpleLocalize()'><b>simpleLocalize</b><br>Test class: com.google.sitebricks.LocalizationTest</td>
<td></td>
<td>0</td>
<td>com.google.sitebricks.LocalizationTest@28ab54eb</td></tr>
<tr>
<td title='com.google.sitebricks.LocalizationTest.simpleLocalizeMissingAnnotation()'><b>simpleLocalizeMissingAnnotation</b><br>Test class: com.google.sitebricks.LocalizationTest</td>
<td><div><pre>com.google.inject.CreationException: Guice creation errors:

1) Found an i18n interface method missing @Message annotation: 
  at com.google.sitebricks.LocalizationTest$LocalizedMissingAnnotation.hello()

  at com.google.sitebricks.Localizer.check(Localizer.java:237)

1 error
	at com.google.inject.internal.Errors.throwCreationExceptionIfErrorsExist(Errors.java:435)
	at com.google.inject.internal.InternalInjectorCreator.initializeStatically(InternalInjectorCreator.java:154)
	at com.google.inject.internal.InternalInjectorCreator.build(InternalInjectorCreator.java:106)
	at com.google.inject.Guice.createInjector(Guice.java:95)
	at com.google.inject.Guice.createInjector(Guice.java:72)
	at com.google.inject.Guice.createInjector(Guice.java:62)
	at com.google.sitebricks.LocalizationTest.simpleLocalizeMissingAnnotation(LocalizationTest.java:88)
	at sun.reflect.NativeMethodAccessorImpl.invoke0(Native Method)
	at sun.reflect.NativeMethodAccessorImpl.invoke(NativeMethodAccessorImpl.java:39)
	at sun.reflect.DelegatingMethodAccessorImpl.invoke(DelegatingMethodAccessorImpl.java:25)
	at java.lang.reflect.Method.invoke(Method.java:597)
	at org.testng.internal.MethodInvocationHelper.invokeMethod(MethodInvocationHelper.java:80)
	at org.testng.internal.Invoker.invokeMethod(Invoker.java:701)
	at org.testng.internal.Invoker.invokeTestMethod(Invoker.java:893)
	at org.testng.internal.Invoker.invokeTestMethods(Invoker.java:1218)
	at org.testng.internal.TestMethodWorker.invokeTestMethods(TestMethodWorker.java:127)
	at org.testng.internal.TestMethodWorker.run(TestMethodWorker.java:111)
	at org.testng.TestRunner.privateRun(TestRunner.java:768)
	at org.testng.TestRunner.run(TestRunner.java:617)
	at org.testng.SuiteRunner.runTest(SuiteRunner.java:334)
	at org.testng.SuiteRunner.runSequentially(SuiteRunner.java:329)
	at org.testng.SuiteRunner.privateRun(SuiteRunner.java:291)
	at org.testng.SuiteRunner.run(SuiteRunner.java:240)
	at org.testng.SuiteRunnerWorker.runSuite(SuiteRunnerWorker.java:53)
	at org.testng.SuiteRunnerWorker.run(SuiteRunnerWorker.java:87)
	at org.testng.TestNG.runSuitesSequentially(TestNG.java:1185)
	at org.testng.TestNG.runSuitesLocally(TestNG.java:1110)
	at org.testng.TestNG.run(TestNG.java:1022)
	at org.testng.remote.RemoteTestNG.run(RemoteTestNG.java:109)
	at org.testng.remote.RemoteTestNG.initAndRun(RemoteTestNG.java:202)
	at org.testng.remote.RemoteTestNG.main(RemoteTestNG.java:173)
</pre></div><a href='#' onClick='toggleBox("stack-trace1460845908", this, "Click to show all stack frames", "Click to hide stack frames")'>Click to show all stack frames</a>
<div class='stack-trace' id='stack-trace1460845908'><pre>com.google.inject.CreationException: Guice creation errors:

1) Found an i18n interface method missing @Message annotation: 
  at com.google.sitebricks.LocalizationTest$LocalizedMissingAnnotation.hello()

  at com.google.sitebricks.Localizer.check(Localizer.java:237)

1 error
	at com.google.inject.internal.Errors.throwCreationExceptionIfErrorsExist(Errors.java:435)
	at com.google.inject.internal.InternalInjectorCreator.initializeStatically(InternalInjectorCreator.java:154)
	at com.google.inject.internal.InternalInjectorCreator.build(InternalInjectorCreator.java:106)
	at com.google.inject.Guice.createInjector(Guice.java:95)
	at com.google.inject.Guice.createInjector(Guice.java:72)
	at com.google.inject.Guice.createInjector(Guice.java:62)
	at com.google.sitebricks.LocalizationTest.simpleLocalizeMissingAnnotation(LocalizationTest.java:88)
	at sun.reflect.NativeMethodAccessorImpl.invoke0(Native Method)
	at sun.reflect.NativeMethodAccessorImpl.invoke(NativeMethodAccessorImpl.java:39)
	at sun.reflect.DelegatingMethodAccessorImpl.invoke(DelegatingMethodAccessorImpl.java:25)
	at java.lang.reflect.Method.invoke(Method.java:597)
	at org.testng.internal.MethodInvocationHelper.invokeMethod(MethodInvocationHelper.java:80)
	at org.testng.internal.Invoker.invokeMethod(Invoker.java:701)
	at org.testng.internal.Invoker.invokeTestMethod(Invoker.java:893)
	at org.testng.internal.Invoker.invokeTestMethods(Invoker.java:1218)
	at org.testng.internal.TestMethodWorker.invokeTestMethods(TestMethodWorker.java:127)
	at org.testng.internal.TestMethodWorker.run(TestMethodWorker.java:111)
	at org.testng.TestRunner.privateRun(TestRunner.java:768)
	at org.testng.TestRunner.run(TestRunner.java:617)
	at org.testng.SuiteRunner.runTest(SuiteRunner.java:334)
	at org.testng.SuiteRunner.runSequentially(SuiteRunner.java:329)
	at org.testng.SuiteRunner.privateRun(SuiteRunner.java:291)
	at org.testng.SuiteRunner.run(SuiteRunner.java:240)
	at org.testng.SuiteRunnerWorker.runSuite(SuiteRunnerWorker.java:53)
	at org.testng.SuiteRunnerWorker.run(SuiteRunnerWorker.java:87)
	at org.testng.TestNG.runSuitesSequentially(TestNG.java:1185)
	at org.testng.TestNG.runSuitesLocally(TestNG.java:1110)
	at org.testng.TestNG.run(TestNG.java:1022)
	at org.testng.remote.RemoteTestNG.run(RemoteTestNG.java:109)
	at org.testng.remote.RemoteTestNG.initAndRun(RemoteTestNG.java:202)
	at org.testng.remote.RemoteTestNG.main(RemoteTestNG.java:173)
</pre></div></td>
<td>0</td>
<td>com.google.sitebricks.LocalizationTest@28ab54eb</td></tr>
<tr>
<td title='com.google.sitebricks.LocalizationTest.simpleLocalizeMissingEntry()'><b>simpleLocalizeMissingEntry</b><br>Test class: com.google.sitebricks.LocalizationTest</td>
<td><div><pre>com.google.inject.CreationException: Guice creation errors:

1) Provided resource bundle does not contain a localization for message: 
  at com.google.sitebricks.LocalizationTest$Localized.hello()

  at com.google.sitebricks.Localizer.check(Localizer.java:237)

1 error
	at com.google.inject.internal.Errors.throwCreationExceptionIfErrorsExist(Errors.java:435)
	at com.google.inject.internal.InternalInjectorCreator.initializeStatically(InternalInjectorCreator.java:154)
	at com.google.inject.internal.InternalInjectorCreator.build(InternalInjectorCreator.java:106)
	at com.google.inject.Guice.createInjector(Guice.java:95)
	at com.google.inject.Guice.createInjector(Guice.java:72)
	at com.google.inject.Guice.createInjector(Guice.java:62)
	at com.google.sitebricks.LocalizationTest.simpleLocalizeMissingEntry(LocalizationTest.java:70)
	at sun.reflect.NativeMethodAccessorImpl.invoke0(Native Method)
	at sun.reflect.NativeMethodAccessorImpl.invoke(NativeMethodAccessorImpl.java:39)
	at sun.reflect.DelegatingMethodAccessorImpl.invoke(DelegatingMethodAccessorImpl.java:25)
	at java.lang.reflect.Method.invoke(Method.java:597)
	at org.testng.internal.MethodInvocationHelper.invokeMethod(MethodInvocationHelper.java:80)
	at org.testng.internal.Invoker.invokeMethod(Invoker.java:701)
	at org.testng.internal.Invoker.invokeTestMethod(Invoker.java:893)
	at org.testng.internal.Invoker.invokeTestMethods(Invoker.java:1218)
	at org.testng.internal.TestMethodWorker.invokeTestMethods(TestMethodWorker.java:127)
	at org.testng.internal.TestMethodWorker.run(TestMethodWorker.java:111)
	at org.testng.TestRunner.privateRun(TestRunner.java:768)
	at org.testng.TestRunner.run(TestRunner.java:617)
	at org.testng.SuiteRunner.runTest(SuiteRunner.java:334)
	at org.testng.SuiteRunner.runSequentially(SuiteRunner.java:329)
	at org.testng.SuiteRunner.privateRun(SuiteRunner.java:291)
	at org.testng.SuiteRunner.run(SuiteRunner.java:240)
	at org.testng.SuiteRunnerWorker.runSuite(SuiteRunnerWorker.java:53)
	at org.testng.SuiteRunnerWorker.run(SuiteRunnerWorker.java:87)
	at org.testng.TestNG.runSuitesSequentially(TestNG.java:1185)
	at org.testng.TestNG.runSuitesLocally(TestNG.java:1110)
	at org.testng.TestNG.run(TestNG.java:1022)
	at org.testng.remote.RemoteTestNG.run(RemoteTestNG.java:109)
	at org.testng.remote.RemoteTestNG.initAndRun(RemoteTestNG.java:202)
	at org.testng.remote.RemoteTestNG.main(RemoteTestNG.java:173)
</pre></div><a href='#' onClick='toggleBox("stack-trace1933768451", this, "Click to show all stack frames", "Click to hide stack frames")'>Click to show all stack frames</a>
<div class='stack-trace' id='stack-trace1933768451'><pre>com.google.inject.CreationException: Guice creation errors:

1) Provided resource bundle does not contain a localization for message: 
  at com.google.sitebricks.LocalizationTest$Localized.hello()

  at com.google.sitebricks.Localizer.check(Localizer.java:237)

1 error
	at com.google.inject.internal.Errors.throwCreationExceptionIfErrorsExist(Errors.java:435)
	at com.google.inject.internal.InternalInjectorCreator.initializeStatically(InternalInjectorCreator.java:154)
	at com.google.inject.internal.InternalInjectorCreator.build(InternalInjectorCreator.java:106)
	at com.google.inject.Guice.createInjector(Guice.java:95)
	at com.google.inject.Guice.createInjector(Guice.java:72)
	at com.google.inject.Guice.createInjector(Guice.java:62)
	at com.google.sitebricks.LocalizationTest.simpleLocalizeMissingEntry(LocalizationTest.java:70)
	at sun.reflect.NativeMethodAccessorImpl.invoke0(Native Method)
	at sun.reflect.NativeMethodAccessorImpl.invoke(NativeMethodAccessorImpl.java:39)
	at sun.reflect.DelegatingMethodAccessorImpl.invoke(DelegatingMethodAccessorImpl.java:25)
	at java.lang.reflect.Method.invoke(Method.java:597)
	at org.testng.internal.MethodInvocationHelper.invokeMethod(MethodInvocationHelper.java:80)
	at org.testng.internal.Invoker.invokeMethod(Invoker.java:701)
	at org.testng.internal.Invoker.invokeTestMethod(Invoker.java:893)
	at org.testng.internal.Invoker.invokeTestMethods(Invoker.java:1218)
	at org.testng.internal.TestMethodWorker.invokeTestMethods(TestMethodWorker.java:127)
	at org.testng.internal.TestMethodWorker.run(TestMethodWorker.java:111)
	at org.testng.TestRunner.privateRun(TestRunner.java:768)
	at org.testng.TestRunner.run(TestRunner.java:617)
	at org.testng.SuiteRunner.runTest(SuiteRunner.java:334)
	at org.testng.SuiteRunner.runSequentially(SuiteRunner.java:329)
	at org.testng.SuiteRunner.privateRun(SuiteRunner.java:291)
	at org.testng.SuiteRunner.run(SuiteRunner.java:240)
	at org.testng.SuiteRunnerWorker.runSuite(SuiteRunnerWorker.java:53)
	at org.testng.SuiteRunnerWorker.run(SuiteRunnerWorker.java:87)
	at org.testng.TestNG.runSuitesSequentially(TestNG.java:1185)
	at org.testng.TestNG.runSuitesLocally(TestNG.java:1110)
	at org.testng.TestNG.run(TestNG.java:1022)
	at org.testng.remote.RemoteTestNG.run(RemoteTestNG.java:109)
	at org.testng.remote.RemoteTestNG.initAndRun(RemoteTestNG.java:202)
	at org.testng.remote.RemoteTestNG.main(RemoteTestNG.java:173)
</pre></div></td>
<td>0</td>
<td>com.google.sitebricks.LocalizationTest@28ab54eb</td></tr>
<tr>
<td title='com.google.sitebricks.LocalizationTest.simpleLocalizeWrongReturnType()'><b>simpleLocalizeWrongReturnType</b><br>Test class: com.google.sitebricks.LocalizationTest</td>
<td><div><pre>com.google.inject.CreationException: Guice creation errors:

1) All i18n interface methods MUST return String: 
  at com.google.sitebricks.LocalizationTest$LocalizedWrongReturnType.hello()

  at com.google.sitebricks.Localizer.check(Localizer.java:237)

1 error
	at com.google.inject.internal.Errors.throwCreationExceptionIfErrorsExist(Errors.java:435)
	at com.google.inject.internal.InternalInjectorCreator.initializeStatically(InternalInjectorCreator.java:154)
	at com.google.inject.internal.InternalInjectorCreator.build(InternalInjectorCreator.java:106)
	at com.google.inject.Guice.createInjector(Guice.java:95)
	at com.google.inject.Guice.createInjector(Guice.java:72)
	at com.google.inject.Guice.createInjector(Guice.java:62)
	at com.google.sitebricks.LocalizationTest.simpleLocalizeWrongReturnType(LocalizationTest.java:106)
	at sun.reflect.NativeMethodAccessorImpl.invoke0(Native Method)
	at sun.reflect.NativeMethodAccessorImpl.invoke(NativeMethodAccessorImpl.java:39)
	at sun.reflect.DelegatingMethodAccessorImpl.invoke(DelegatingMethodAccessorImpl.java:25)
	at java.lang.reflect.Method.invoke(Method.java:597)
	at org.testng.internal.MethodInvocationHelper.invokeMethod(MethodInvocationHelper.java:80)
	at org.testng.internal.Invoker.invokeMethod(Invoker.java:701)
	at org.testng.internal.Invoker.invokeTestMethod(Invoker.java:893)
	at org.testng.internal.Invoker.invokeTestMethods(Invoker.java:1218)
	at org.testng.internal.TestMethodWorker.invokeTestMethods(TestMethodWorker.java:127)
	at org.testng.internal.TestMethodWorker.run(TestMethodWorker.java:111)
	at org.testng.TestRunner.privateRun(TestRunner.java:768)
	at org.testng.TestRunner.run(TestRunner.java:617)
	at org.testng.SuiteRunner.runTest(SuiteRunner.java:334)
	at org.testng.SuiteRunner.runSequentially(SuiteRunner.java:329)
	at org.testng.SuiteRunner.privateRun(SuiteRunner.java:291)
	at org.testng.SuiteRunner.run(SuiteRunner.java:240)
	at org.testng.SuiteRunnerWorker.runSuite(SuiteRunnerWorker.java:53)
	at org.testng.SuiteRunnerWorker.run(SuiteRunnerWorker.java:87)
	at org.testng.TestNG.runSuitesSequentially(TestNG.java:1185)
	at org.testng.TestNG.runSuitesLocally(TestNG.java:1110)
	at org.testng.TestNG.run(TestNG.java:1022)
	at org.testng.remote.RemoteTestNG.run(RemoteTestNG.java:109)
	at org.testng.remote.RemoteTestNG.initAndRun(RemoteTestNG.java:202)
	at org.testng.remote.RemoteTestNG.main(RemoteTestNG.java:173)
</pre></div><a href='#' onClick='toggleBox("stack-trace1342263456", this, "Click to show all stack frames", "Click to hide stack frames")'>Click to show all stack frames</a>
<div class='stack-trace' id='stack-trace1342263456'><pre>com.google.inject.CreationException: Guice creation errors:

1) All i18n interface methods MUST return String: 
  at com.google.sitebricks.LocalizationTest$LocalizedWrongReturnType.hello()

  at com.google.sitebricks.Localizer.check(Localizer.java:237)

1 error
	at com.google.inject.internal.Errors.throwCreationExceptionIfErrorsExist(Errors.java:435)
	at com.google.inject.internal.InternalInjectorCreator.initializeStatically(InternalInjectorCreator.java:154)
	at com.google.inject.internal.InternalInjectorCreator.build(InternalInjectorCreator.java:106)
	at com.google.inject.Guice.createInjector(Guice.java:95)
	at com.google.inject.Guice.createInjector(Guice.java:72)
	at com.google.inject.Guice.createInjector(Guice.java:62)
	at com.google.sitebricks.LocalizationTest.simpleLocalizeWrongReturnType(LocalizationTest.java:106)
	at sun.reflect.NativeMethodAccessorImpl.invoke0(Native Method)
	at sun.reflect.NativeMethodAccessorImpl.invoke(NativeMethodAccessorImpl.java:39)
	at sun.reflect.DelegatingMethodAccessorImpl.invoke(DelegatingMethodAccessorImpl.java:25)
	at java.lang.reflect.Method.invoke(Method.java:597)
	at org.testng.internal.MethodInvocationHelper.invokeMethod(MethodInvocationHelper.java:80)
	at org.testng.internal.Invoker.invokeMethod(Invoker.java:701)
	at org.testng.internal.Invoker.invokeTestMethod(Invoker.java:893)
	at org.testng.internal.Invoker.invokeTestMethods(Invoker.java:1218)
	at org.testng.internal.TestMethodWorker.invokeTestMethods(TestMethodWorker.java:127)
	at org.testng.internal.TestMethodWorker.run(TestMethodWorker.java:111)
	at org.testng.TestRunner.privateRun(TestRunner.java:768)
	at org.testng.TestRunner.run(TestRunner.java:617)
	at org.testng.SuiteRunner.runTest(SuiteRunner.java:334)
	at org.testng.SuiteRunner.runSequentially(SuiteRunner.java:329)
	at org.testng.SuiteRunner.privateRun(SuiteRunner.java:291)
	at org.testng.SuiteRunner.run(SuiteRunner.java:240)
	at org.testng.SuiteRunnerWorker.runSuite(SuiteRunnerWorker.java:53)
	at org.testng.SuiteRunnerWorker.run(SuiteRunnerWorker.java:87)
	at org.testng.TestNG.runSuitesSequentially(TestNG.java:1185)
	at org.testng.TestNG.runSuitesLocally(TestNG.java:1110)
	at org.testng.TestNG.run(TestNG.java:1022)
	at org.testng.remote.RemoteTestNG.run(RemoteTestNG.java:109)
	at org.testng.remote.RemoteTestNG.initAndRun(RemoteTestNG.java:202)
	at org.testng.remote.RemoteTestNG.main(RemoteTestNG.java:173)
</pre></div></td>
<td>0</td>
<td>com.google.sitebricks.LocalizationTest@28ab54eb</td></tr>
<tr>
<td title='com.google.sitebricks.routing.PageBookImplTest.storeAndRetrievePageInstance()'><b>storeAndRetrievePageInstance</b><br>Test class: com.google.sitebricks.routing.PageBookImplTest</td>
<td></td>
<td>0</td>
<td>com.google.sitebricks.routing.PageBookImplTest@4ce66f56</td></tr>
<tr>
<td title='com.google.sitebricks.rendering.control.WidgetRegistryTest.storeRetrieveWidgets()'><b>storeRetrieveWidgets</b><br>Test class: com.google.sitebricks.rendering.control.WidgetRegistryTest<br>Parameters: twidg, class com.google.sitebricks.rendering.control.TextFieldWidget</td>
<td></td>
<td>0</td>
<td>com.google.sitebricks.rendering.control.WidgetRegistryTest@36d1c778</td></tr>
<tr>
<td title='com.google.sitebricks.rendering.control.WidgetRegistryTest.storeRetrieveWidgets()'><b>storeRetrieveWidgets</b><br>Test class: com.google.sitebricks.rendering.control.WidgetRegistryTest<br>Parameters: teasdasxt, class com.google.sitebricks.rendering.control.RepeatWidget</td>
<td></td>
<td>0</td>
<td>com.google.sitebricks.rendering.control.WidgetRegistryTest@36d1c778</td></tr>
<tr>
<td title='com.google.sitebricks.rendering.control.WidgetRegistryTest.storeRetrieveWidgets()'><b>storeRetrieveWidgets</b><br>Test class: com.google.sitebricks.rendering.control.WidgetRegistryTest<br>Parameters: sastext, class com.google.sitebricks.rendering.control.ShowIfWidget</td>
<td></td>
<td>0</td>
<td>com.google.sitebricks.rendering.control.WidgetRegistryTest@36d1c778</td></tr>
<tr>
<td title='com.google.sitebricks.rendering.ParsingTest.testIsValidURI()'><b>testIsValidURI</b><br>Test class: com.google.sitebricks.rendering.ParsingTest</td>
<td></td>
<td>0</td>
<td>com.google.sitebricks.rendering.ParsingTest@2a0ab444</td></tr>
<tr>
<td title='com.google.sitebricks.TemplateLoaderTest.testItShouldLoadShowValueFromWebInf()'><b>testItShouldLoadShowValueFromWebInf</b><br>Test class: com.google.sitebricks.TemplateLoaderTest</td>
<td></td>
<td>0</td>
<td>com.google.sitebricks.TemplateLoaderTest@66941db6</td></tr>
<tr>
<td title='com.google.sitebricks.util.TextToolsTest.testTokenize()'><b>testTokenize</b><br>Test class: com.google.sitebricks.util.TextToolsTest<br>Parameters: [Ljava.lang.String;@64626fd2</td>
<td></td>
<td>0</td>
<td>com.google.sitebricks.util.TextToolsTest@774acfcd</td></tr>
<tr>
<td title='com.google.sitebricks.util.TextToolsTest.testTokenize()'><b>testTokenize</b><br>Test class: com.google.sitebricks.util.TextToolsTest<br>Parameters: [Ljava.lang.String;@1029f93b</td>
<td></td>
<td>0</td>
<td>com.google.sitebricks.util.TextToolsTest@774acfcd</td></tr>
<tr>
<td title='com.google.sitebricks.util.TextToolsTest.testTokenize()'><b>testTokenize</b><br>Test class: com.google.sitebricks.util.TextToolsTest<br>Parameters: [Ljava.lang.String;@2a6c9ec6</td>
<td></td>
<td>0</td>
<td>com.google.sitebricks.util.TextToolsTest@774acfcd</td></tr>
<tr>
<td title='com.google.sitebricks.headless.HeadlessReplyTest.textReply()'><b>textReply</b><br>Test class: com.google.sitebricks.headless.HeadlessReplyTest</td>
<td></td>
<td>0</td>
<td>com.google.sitebricks.headless.HeadlessReplyTest@24c0f1ec</td></tr>
<tr>
<td title='com.google.sitebricks.http.negotiate.ExactMatchNegotiatorTest.variousHeadersAndNegotiations()'><b>variousHeadersAndNegotiations</b><br>Test class: com.google.sitebricks.http.negotiate.ExactMatchNegotiatorTest<br>Parameters: {}, {}, true</td>
<td></td>
<td>0</td>
<td>com.google.sitebricks.http.negotiate.ExactMatchNegotiatorTest@6833f0de</td></tr>
<tr>
<td title='com.google.sitebricks.http.negotiate.ExactMatchNegotiatorTest.variousHeadersAndNegotiations()'><b>variousHeadersAndNegotiations</b><br>Test class: com.google.sitebricks.http.negotiate.ExactMatchNegotiatorTest<br>Parameters: {Accept=thing}, {}, false</td>
<td></td>
<td>0</td>
<td>com.google.sitebricks.http.negotiate.ExactMatchNegotiatorTest@6833f0de</td></tr>
<tr>
<td title='com.google.sitebricks.http.negotiate.ExactMatchNegotiatorTest.variousHeadersAndNegotiations()'><b>variousHeadersAndNegotiations</b><br>Test class: com.google.sitebricks.http.negotiate.ExactMatchNegotiatorTest<br>Parameters: {}, {Accept=[image/png]}, true</td>
<td></td>
<td>0</td>
<td>com.google.sitebricks.http.negotiate.ExactMatchNegotiatorTest@6833f0de</td></tr>
<tr>
<td title='com.google.sitebricks.http.negotiate.ExactMatchNegotiatorTest.variousHeadersAndNegotiations()'><b>variousHeadersAndNegotiations</b><br>Test class: com.google.sitebricks.http.negotiate.ExactMatchNegotiatorTest<br>Parameters: {Accept=thing}, {Content-Accept=[image/png]}, false</td>
<td></td>
<td>0</td>
<td>com.google.sitebricks.http.negotiate.ExactMatchNegotiatorTest@6833f0de</td></tr>
<tr>
<td title='com.google.sitebricks.http.negotiate.ExactMatchNegotiatorTest.variousHeadersAndNegotiations()'><b>variousHeadersAndNegotiations</b><br>Test class: com.google.sitebricks.http.negotiate.ExactMatchNegotiatorTest<br>Parameters: {Accept=thing}, {Accept=[image/png]}, false</td>
<td></td>
<td>0</td>
<td>com.google.sitebricks.http.negotiate.ExactMatchNegotiatorTest@6833f0de</td></tr>
<tr>
<td title='com.google.sitebricks.http.negotiate.ExactMatchNegotiatorTest.variousHeadersAndNegotiations()'><b>variousHeadersAndNegotiations</b><br>Test class: com.google.sitebricks.http.negotiate.ExactMatchNegotiatorTest<br>Parameters: {Accept=thing}, {Accept=[thing]}, true</td>
<td></td>
<td>0</td>
<td>com.google.sitebricks.http.negotiate.ExactMatchNegotiatorTest@6833f0de</td></tr>
<tr>
<td title='com.google.sitebricks.http.negotiate.ExactMatchNegotiatorTest.variousHeadersAndNegotiations()'><b>variousHeadersAndNegotiations</b><br>Test class: com.google.sitebricks.http.negotiate.ExactMatchNegotiatorTest<br>Parameters: {Accept=thing}, {Accept=[THING]}, false</td>
<td></td>
<td>0</td>
<td>com.google.sitebricks.http.negotiate.ExactMatchNegotiatorTest@6833f0de</td></tr>
<tr>
<td title='com.google.sitebricks.http.negotiate.ExactMatchNegotiatorTest.variousHeadersAndNegotiations()'><b>variousHeadersAndNegotiations</b><br>Test class: com.google.sitebricks.http.negotiate.ExactMatchNegotiatorTest<br>Parameters: {Accept=thing}, {Accept=[nonthing, thing]}, true</td>
<td></td>
<td>0</td>
<td>com.google.sitebricks.http.negotiate.ExactMatchNegotiatorTest@6833f0de</td></tr>
<tr>
<td title='com.google.sitebricks.http.negotiate.ExactMatchNegotiatorTest.variousHeadersAndNegotiations()'><b>variousHeadersAndNegotiations</b><br>Test class: com.google.sitebricks.http.negotiate.ExactMatchNegotiatorTest<br>Parameters: {Accept=thing}, {Accept=[thing, hno, asdo]}, true</td>
<td></td>
<td>0</td>
<td>com.google.sitebricks.http.negotiate.ExactMatchNegotiatorTest@6833f0de</td></tr>
<tr>
<td title='com.google.sitebricks.http.negotiate.ExactMatchNegotiatorTest.variousHeadersAndNegotiations()'><b>variousHeadersAndNegotiations</b><br>Test class: com.google.sitebricks.http.negotiate.ExactMatchNegotiatorTest<br>Parameters: {Accept=thing, Content-Accept=nothing}, {Accept=[thing, hno, asdo]}, false</td>
<td></td>
<td>0</td>
<td>com.google.sitebricks.http.negotiate.ExactMatchNegotiatorTest@6833f0de</td></tr>
<tr>
<td title='com.google.sitebricks.http.negotiate.ExactMatchNegotiatorTest.variousHeadersAndNegotiations()'><b>variousHeadersAndNegotiations</b><br>Test class: com.google.sitebricks.http.negotiate.ExactMatchNegotiatorTest<br>Parameters: {Accept=thing, Content-Accept=nothing}, {Accept=[thing, hno, asdo], Content-Accept=[aisdjf, nothing, aiosjdf]}, true</td>
<td></td>
<td>0</td>
<td>com.google.sitebricks.http.negotiate.ExactMatchNegotiatorTest@6833f0de</td></tr>
<tr>
<td title='com.google.sitebricks.http.negotiate.WildcardNegotiatorTest.variousHeadersAndNegotiations()'><b>variousHeadersAndNegotiations</b><br>Test class: com.google.sitebricks.http.negotiate.WildcardNegotiatorTest<br>Parameters: {}, {}, true</td>
<td></td>
<td>0</td>
<td>com.google.sitebricks.http.negotiate.WildcardNegotiatorTest@8542529</td></tr>
<tr>
<td title='com.google.sitebricks.http.negotiate.WildcardNegotiatorTest.variousHeadersAndNegotiations()'><b>variousHeadersAndNegotiations</b><br>Test class: com.google.sitebricks.http.negotiate.WildcardNegotiatorTest<br>Parameters: {Accept=thing}, {}, false</td>
<td></td>
<td>0</td>
<td>com.google.sitebricks.http.negotiate.WildcardNegotiatorTest@8542529</td></tr>
<tr>
<td title='com.google.sitebricks.http.negotiate.WildcardNegotiatorTest.variousHeadersAndNegotiations()'><b>variousHeadersAndNegotiations</b><br>Test class: com.google.sitebricks.http.negotiate.WildcardNegotiatorTest<br>Parameters: {Accept=thing, other-thing}, {}, false</td>
<td></td>
<td>0</td>
<td>com.google.sitebricks.http.negotiate.WildcardNegotiatorTest@8542529</td></tr>
<tr>
<td title='com.google.sitebricks.http.negotiate.WildcardNegotiatorTest.variousHeadersAndNegotiations()'><b>variousHeadersAndNegotiations</b><br>Test class: com.google.sitebricks.http.negotiate.WildcardNegotiatorTest<br>Parameters: {}, {Accept=[image/png]}, true</td>
<td></td>
<td>0</td>
<td>com.google.sitebricks.http.negotiate.WildcardNegotiatorTest@8542529</td></tr>
<tr>
<td title='com.google.sitebricks.http.negotiate.WildcardNegotiatorTest.variousHeadersAndNegotiations()'><b>variousHeadersAndNegotiations</b><br>Test class: com.google.sitebricks.http.negotiate.WildcardNegotiatorTest<br>Parameters: {Accept=thing}, {Content-Accept=[image/png]}, false</td>
<td></td>
<td>0</td>
<td>com.google.sitebricks.http.negotiate.WildcardNegotiatorTest@8542529</td></tr>
<tr>
<td title='com.google.sitebricks.http.negotiate.WildcardNegotiatorTest.variousHeadersAndNegotiations()'><b>variousHeadersAndNegotiations</b><br>Test class: com.google.sitebricks.http.negotiate.WildcardNegotiatorTest<br>Parameters: {Accept=thing, text/something, image/gif}, {Content-Accept=[image/png]}, false</td>
<td></td>
<td>0</td>
<td>com.google.sitebricks.http.negotiate.WildcardNegotiatorTest@8542529</td></tr>
<tr>
<td title='com.google.sitebricks.http.negotiate.WildcardNegotiatorTest.variousHeadersAndNegotiations()'><b>variousHeadersAndNegotiations</b><br>Test class: com.google.sitebricks.http.negotiate.WildcardNegotiatorTest<br>Parameters: {Accept=thing}, {Accept=[image/png]}, false</td>
<td></td>
<td>0</td>
<td>com.google.sitebricks.http.negotiate.WildcardNegotiatorTest@8542529</td></tr>
<tr>
<td title='com.google.sitebricks.http.negotiate.WildcardNegotiatorTest.variousHeadersAndNegotiations()'><b>variousHeadersAndNegotiations</b><br>Test class: com.google.sitebricks.http.negotiate.WildcardNegotiatorTest<br>Parameters: {Accept=thing, text/something, image/gif}, {Accept=[image/png]}, false</td>
<td></td>
<td>0</td>
<td>com.google.sitebricks.http.negotiate.WildcardNegotiatorTest@8542529</td></tr>
<tr>
<td title='com.google.sitebricks.http.negotiate.WildcardNegotiatorTest.variousHeadersAndNegotiations()'><b>variousHeadersAndNegotiations</b><br>Test class: com.google.sitebricks.http.negotiate.WildcardNegotiatorTest<br>Parameters: {Accept=thing}, {Accept=[thing]}, true</td>
<td></td>
<td>0</td>
<td>com.google.sitebricks.http.negotiate.WildcardNegotiatorTest@8542529</td></tr>
<tr>
<td title='com.google.sitebricks.http.negotiate.WildcardNegotiatorTest.variousHeadersAndNegotiations()'><b>variousHeadersAndNegotiations</b><br>Test class: com.google.sitebricks.http.negotiate.WildcardNegotiatorTest<br>Parameters: {Accept=thing, other-thing}, {Accept=[thing]}, true</td>
<td></td>
<td>0</td>
<td>com.google.sitebricks.http.negotiate.WildcardNegotiatorTest@8542529</td></tr>
<tr>
<td title='com.google.sitebricks.http.negotiate.WildcardNegotiatorTest.variousHeadersAndNegotiations()'><b>variousHeadersAndNegotiations</b><br>Test class: com.google.sitebricks.http.negotiate.WildcardNegotiatorTest<br>Parameters: {Accept=thing, image/*}, {Accept=[thing, image/tiff]}, true</td>
<td></td>
<td>0</td>
<td>com.google.sitebricks.http.negotiate.WildcardNegotiatorTest@8542529</td></tr>
<tr>
<td title='com.google.sitebricks.http.negotiate.WildcardNegotiatorTest.variousHeadersAndNegotiations()'><b>variousHeadersAndNegotiations</b><br>Test class: com.google.sitebricks.http.negotiate.WildcardNegotiatorTest<br>Parameters: {Accept=thing, other-thing, image/tiff}, {Accept=[thing, image/*]}, true</td>
<td></td>
<td>0</td>
<td>com.google.sitebricks.http.negotiate.WildcardNegotiatorTest@8542529</td></tr>
<tr>
<td title='com.google.sitebricks.http.negotiate.WildcardNegotiatorTest.variousHeadersAndNegotiations()'><b>variousHeadersAndNegotiations</b><br>Test class: com.google.sitebricks.http.negotiate.WildcardNegotiatorTest<br>Parameters: {Accept=thing}, {Accept=[THING]}, false</td>
<td></td>
<td>0</td>
<td>com.google.sitebricks.http.negotiate.WildcardNegotiatorTest@8542529</td></tr>
<tr>
<td title='com.google.sitebricks.http.negotiate.WildcardNegotiatorTest.variousHeadersAndNegotiations()'><b>variousHeadersAndNegotiations</b><br>Test class: com.google.sitebricks.http.negotiate.WildcardNegotiatorTest<br>Parameters: {Accept=thing, other-thing}, {Accept=[THING, OTHER-THING]}, false</td>
<td></td>
<td>0</td>
<td>com.google.sitebricks.http.negotiate.WildcardNegotiatorTest@8542529</td></tr>
<tr>
<td title='com.google.sitebricks.http.negotiate.WildcardNegotiatorTest.variousHeadersAndNegotiations()'><b>variousHeadersAndNegotiations</b><br>Test class: com.google.sitebricks.http.negotiate.WildcardNegotiatorTest<br>Parameters: {Accept=thing, text/WhAtEveR, FOo/bar}, {Accept=[THING, OTHER-THING, text/whatever, foo/bar]}, true</td>
<td></td>
<td>0</td>
<td>com.google.sitebricks.http.negotiate.WildcardNegotiatorTest@8542529</td></tr>
<tr>
<td title='com.google.sitebricks.http.negotiate.WildcardNegotiatorTest.variousHeadersAndNegotiations()'><b>variousHeadersAndNegotiations</b><br>Test class: com.google.sitebricks.http.negotiate.WildcardNegotiatorTest<br>Parameters: {Accept=this/THAT, FOO/bar, whoa/*}, {Accept=[NOTHING, whoa/PLAIN, THIS/that, foo/BAR]}, true</td>
<td></td>
<td>0</td>
<td>com.google.sitebricks.http.negotiate.WildcardNegotiatorTest@8542529</td></tr>
<tr>
<td title='com.google.sitebricks.http.negotiate.WildcardNegotiatorTest.variousHeadersAndNegotiations()'><b>variousHeadersAndNegotiations</b><br>Test class: com.google.sitebricks.http.negotiate.WildcardNegotiatorTest<br>Parameters: {Accept=thing}, {Accept=[nonthing, thing]}, true</td>
<td></td>
<td>0</td>
<td>com.google.sitebricks.http.negotiate.WildcardNegotiatorTest@8542529</td></tr>
<tr>
<td title='com.google.sitebricks.http.negotiate.WildcardNegotiatorTest.variousHeadersAndNegotiations()'><b>variousHeadersAndNegotiations</b><br>Test class: com.google.sitebricks.http.negotiate.WildcardNegotiatorTest<br>Parameters: {Accept=thing, other-thing}, {Accept=[nonthing, thing]}, true</td>
<td></td>
<td>0</td>
<td>com.google.sitebricks.http.negotiate.WildcardNegotiatorTest@8542529</td></tr>
<tr>
<td title='com.google.sitebricks.http.negotiate.WildcardNegotiatorTest.variousHeadersAndNegotiations()'><b>variousHeadersAndNegotiations</b><br>Test class: com.google.sitebricks.http.negotiate.WildcardNegotiatorTest<br>Parameters: {Accept=thing, text/*}, {Accept=[nonthing, thing]}, true</td>
<td></td>
<td>0</td>
<td>com.google.sitebricks.http.negotiate.WildcardNegotiatorTest@8542529</td></tr>
<tr>
<td title='com.google.sitebricks.http.negotiate.WildcardNegotiatorTest.variousHeadersAndNegotiations()'><b>variousHeadersAndNegotiations</b><br>Test class: com.google.sitebricks.http.negotiate.WildcardNegotiatorTest<br>Parameters: {Accept=thing, nonthing}, {Accept=[text/*, nonthing]}, true</td>
<td></td>
<td>0</td>
<td>com.google.sitebricks.http.negotiate.WildcardNegotiatorTest@8542529</td></tr>
<tr>
<td title='com.google.sitebricks.http.negotiate.WildcardNegotiatorTest.variousHeadersAndNegotiations()'><b>variousHeadersAndNegotiations</b><br>Test class: com.google.sitebricks.http.negotiate.WildcardNegotiatorTest<br>Parameters: {Accept=thing}, {Accept=[thing, hno, asdo]}, true</td>
<td></td>
<td>0</td>
<td>com.google.sitebricks.http.negotiate.WildcardNegotiatorTest@8542529</td></tr>
<tr>
<td title='com.google.sitebricks.http.negotiate.WildcardNegotiatorTest.variousHeadersAndNegotiations()'><b>variousHeadersAndNegotiations</b><br>Test class: com.google.sitebricks.http.negotiate.WildcardNegotiatorTest<br>Parameters: {Accept=another-thing, thing}, {Accept=[thing, hno, asdo]}, true</td>
<td></td>
<td>0</td>
<td>com.google.sitebricks.http.negotiate.WildcardNegotiatorTest@8542529</td></tr>
<tr>
<td title='com.google.sitebricks.http.negotiate.WildcardNegotiatorTest.variousHeadersAndNegotiations()'><b>variousHeadersAndNegotiations</b><br>Test class: com.google.sitebricks.http.negotiate.WildcardNegotiatorTest<br>Parameters: {Accept=thing, Content-Accept=nothing}, {Accept=[thing, hno, asdo]}, false</td>
<td></td>
<td>0</td>
<td>com.google.sitebricks.http.negotiate.WildcardNegotiatorTest@8542529</td></tr>
<tr>
<td title='com.google.sitebricks.http.negotiate.WildcardNegotiatorTest.variousHeadersAndNegotiations()'><b>variousHeadersAndNegotiations</b><br>Test class: com.google.sitebricks.http.negotiate.WildcardNegotiatorTest<br>Parameters: {Accept=thing, another-thing/coming, Content-Accept=nothing}, {Accept=[thing, hno, asdo]}, false</td>
<td></td>
<td>0</td>
<td>com.google.sitebricks.http.negotiate.WildcardNegotiatorTest@8542529</td></tr>
<tr>
<td title='com.google.sitebricks.http.negotiate.WildcardNegotiatorTest.variousHeadersAndNegotiations()'><b>variousHeadersAndNegotiations</b><br>Test class: com.google.sitebricks.http.negotiate.WildcardNegotiatorTest<br>Parameters: {Accept=thing, Content-Accept=nothing}, {Accept=[thing, hno, asdo]}, false</td>
<td></td>
<td>0</td>
<td>com.google.sitebricks.http.negotiate.WildcardNegotiatorTest@8542529</td></tr>
<tr>
<td title='com.google.sitebricks.http.negotiate.WildcardNegotiatorTest.variousHeadersAndNegotiations()'><b>variousHeadersAndNegotiations</b><br>Test class: com.google.sitebricks.http.negotiate.WildcardNegotiatorTest<br>Parameters: {Accept=thing, text/*, another-thing/coming, Content-Accept=nothing}, {Accept=[thing, image/*, hno, asdo]}, false</td>
<td></td>
<td>0</td>
<td>com.google.sitebricks.http.negotiate.WildcardNegotiatorTest@8542529</td></tr>
<tr>
<td title='com.google.sitebricks.http.negotiate.WildcardNegotiatorTest.variousHeadersAndNegotiations()'><b>variousHeadersAndNegotiations</b><br>Test class: com.google.sitebricks.http.negotiate.WildcardNegotiatorTest<br>Parameters: {Accept=thing, Content-Accept=nothing}, {Accept=[thing, hno, asdo], Content-Accept=[aisdjf, nothing, aiosjdf]}, true</td>
<td></td>
<td>0</td>
<td>com.google.sitebricks.http.negotiate.WildcardNegotiatorTest@8542529</td></tr>
<tr>
<td title='com.google.sitebricks.http.negotiate.WildcardNegotiatorTest.variousHeadersAndNegotiations()'><b>variousHeadersAndNegotiations</b><br>Test class: com.google.sitebricks.http.negotiate.WildcardNegotiatorTest<br>Parameters: {Accept=thing, another-thing, something, Content-Accept=nothing, kaupthing, clothing}, {Accept=[thing, hno, asdo], Content-Accept=[aisdjf, nothing, aiosjdf]}, true</td>
<td></td>
<td>0</td>
<td>com.google.sitebricks.http.negotiate.WildcardNegotiatorTest@8542529</td></tr>
<tr>
<td title='com.google.sitebricks.http.negotiate.WildcardNegotiatorTest.variousHeadersAndNegotiations()'><b>variousHeadersAndNegotiations</b><br>Test class: com.google.sitebricks.http.negotiate.WildcardNegotiatorTest<br>Parameters: {Accept=thing, text/foo, text/*}, {Accept=[nonthing, text/plain]}, true</td>
<td></td>
<td>0</td>
<td>com.google.sitebricks.http.negotiate.WildcardNegotiatorTest@8542529</td></tr>
<tr>
<td title='com.google.sitebricks.http.negotiate.WildcardNegotiatorTest.variousHeadersAndNegotiations()'><b>variousHeadersAndNegotiations</b><br>Test class: com.google.sitebricks.http.negotiate.WildcardNegotiatorTest<br>Parameters: {Accept=image/*, text/plain, text/*}, {Accept=[nonthing, text/html, image/tiff]}, true</td>
<td></td>
<td>0</td>
<td>com.google.sitebricks.http.negotiate.WildcardNegotiatorTest@8542529</td></tr>
<tr>
<td title='com.google.sitebricks.http.negotiate.WildcardNegotiatorTest.variousHeadersAndNegotiations()'><b>variousHeadersAndNegotiations</b><br>Test class: com.google.sitebricks.http.negotiate.WildcardNegotiatorTest<br>Parameters: {Accept=thing, text/foo, text/plain}, {Accept=[nonthing, text/*]}, true</td>
<td></td>
<td>0</td>
<td>com.google.sitebricks.http.negotiate.WildcardNegotiatorTest@8542529</td></tr>
<tr>
<td title='com.google.sitebricks.http.negotiate.WildcardNegotiatorTest.variousHeadersAndNegotiations()'><b>variousHeadersAndNegotiations</b><br>Test class: com.google.sitebricks.http.negotiate.WildcardNegotiatorTest<br>Parameters: {Accept=image/png, text/plain, text/ual}, {Accept=[nonthing, text/html, image/*]}, true</td>
<td></td>
<td>0</td>
<td>com.google.sitebricks.http.negotiate.WildcardNegotiatorTest@8542529</td></tr>
<tr>
<td title='com.google.sitebricks.http.negotiate.WildcardNegotiatorTest.variousHeadersAndNegotiations()'><b>variousHeadersAndNegotiations</b><br>Test class: com.google.sitebricks.http.negotiate.WildcardNegotiatorTest<br>Parameters: {Accept=text/html}, {Accept=[text/*;q=0.3, text/html;q=0.7, text/html;level=1, text/html;level=2;q=0.4, */*;q=0.5]}, true</td>
<td></td>
<td>0</td>
<td>com.google.sitebricks.http.negotiate.WildcardNegotiatorTest@8542529</td></tr>
<tr>
<td title='com.google.sitebricks.http.negotiate.WildcardNegotiatorTest.variousHeadersAndNegotiations()'><b>variousHeadersAndNegotiations</b><br>Test class: com.google.sitebricks.http.negotiate.WildcardNegotiatorTest<br>Parameters: {Accept=application/xhtml+xml, application/xml}, {Accept=[text/html,application/xhtml+xml,application/xml;q=0.9,*/*;q=0.8]}, true</td>
<td></td>
<td>0</td>
<td>com.google.sitebricks.http.negotiate.WildcardNegotiatorTest@8542529</td></tr>
<tr>
<td title='com.google.sitebricks.http.negotiate.WildcardNegotiatorTest.variousHeadersAndNegotiations()'><b>variousHeadersAndNegotiations</b><br>Test class: com.google.sitebricks.http.negotiate.WildcardNegotiatorTest<br>Parameters: {Accept=application/xhtml+xml, application/xml}, {Accept=[text/html,application/xhtml+xml,application/xml;q=0.9,*/*;q=0.8]}, true</td>
<td></td>
<td>0</td>
<td>com.google.sitebricks.http.negotiate.WildcardNegotiatorTest@8542529</td></tr>
<tr>
<td title='com.google.sitebricks.http.negotiate.WildcardNegotiatorTest.variousHeadersAndNegotiations()'><b>variousHeadersAndNegotiations</b><br>Test class: com.google.sitebricks.http.negotiate.WildcardNegotiatorTest<br>Parameters: {Accept=application/xhtml+xml, application/xml}, {Accept=[application/xml,application/xhtml+xml,text/html;q=0.9, text/plain;q=0.8,image/png,*/*;q=0.5]}, true</td>
<td></td>
<td>0</td>
<td>com.google.sitebricks.http.negotiate.WildcardNegotiatorTest@8542529</td></tr>
<tr>
<td title='com.google.sitebricks.http.negotiate.WildcardNegotiatorTest.variousHeadersAndNegotiations()'><b>variousHeadersAndNegotiations</b><br>Test class: com.google.sitebricks.http.negotiate.WildcardNegotiatorTest<br>Parameters: {Accept=application/x-silverlight, application/ho-ho-ho}, {Accept=[image/gif, image/jpeg, image/pjpeg, application/x-ms-application, application/msword, application/vnd.ms-xpsdocument, application/xaml+xml, application/x-ms-xbap, application/x-shockwave-flash, application/x-silverlight-2-b2, application/x-silverlight, application/vnd.ms-excel, application/vnd.ms-powerpoint, */*]}, true</td>
<td></td>
<td>0</td>
<td>com.google.sitebricks.http.negotiate.WildcardNegotiatorTest@8542529</td></tr>
<tr>
<td title='com.google.sitebricks.http.negotiate.RegexNegotiatorTest.variousHeadersAndNegotiations()'><b>variousHeadersAndNegotiations</b><br>Test class: com.google.sitebricks.http.negotiate.RegexNegotiatorTest<br>Parameters: {}, {}, true</td>
<td></td>
<td>0</td>
<td>com.google.sitebricks.http.negotiate.RegexNegotiatorTest@4c349471</td></tr>
<tr>
<td title='com.google.sitebricks.http.negotiate.RegexNegotiatorTest.variousHeadersAndNegotiations()'><b>variousHeadersAndNegotiations</b><br>Test class: com.google.sitebricks.http.negotiate.RegexNegotiatorTest<br>Parameters: {Accept=thing}, {}, false</td>
<td></td>
<td>0</td>
<td>com.google.sitebricks.http.negotiate.RegexNegotiatorTest@4c349471</td></tr>
<tr>
<td title='com.google.sitebricks.http.negotiate.RegexNegotiatorTest.variousHeadersAndNegotiations()'><b>variousHeadersAndNegotiations</b><br>Test class: com.google.sitebricks.http.negotiate.RegexNegotiatorTest<br>Parameters: {Accept=thing, other-thing}, {}, false</td>
<td></td>
<td>0</td>
<td>com.google.sitebricks.http.negotiate.RegexNegotiatorTest@4c349471</td></tr>
<tr>
<td title='com.google.sitebricks.http.negotiate.RegexNegotiatorTest.variousHeadersAndNegotiations()'><b>variousHeadersAndNegotiations</b><br>Test class: com.google.sitebricks.http.negotiate.RegexNegotiatorTest<br>Parameters: {}, {Accept=[image/png]}, true</td>
<td></td>
<td>0</td>
<td>com.google.sitebricks.http.negotiate.RegexNegotiatorTest@4c349471</td></tr>
<tr>
<td title='com.google.sitebricks.http.negotiate.RegexNegotiatorTest.variousHeadersAndNegotiations()'><b>variousHeadersAndNegotiations</b><br>Test class: com.google.sitebricks.http.negotiate.RegexNegotiatorTest<br>Parameters: {Accept=thing}, {Content-Accept=[image/png]}, false</td>
<td></td>
<td>0</td>
<td>com.google.sitebricks.http.negotiate.RegexNegotiatorTest@4c349471</td></tr>
<tr>
<td title='com.google.sitebricks.http.negotiate.RegexNegotiatorTest.variousHeadersAndNegotiations()'><b>variousHeadersAndNegotiations</b><br>Test class: com.google.sitebricks.http.negotiate.RegexNegotiatorTest<br>Parameters: {Accept=.*thing.*}, {Content-Accept=[image/png]}, false</td>
<td></td>
<td>0</td>
<td>com.google.sitebricks.http.negotiate.RegexNegotiatorTest@4c349471</td></tr>
<tr>
<td title='com.google.sitebricks.http.negotiate.RegexNegotiatorTest.variousHeadersAndNegotiations()'><b>variousHeadersAndNegotiations</b><br>Test class: com.google.sitebricks.http.negotiate.RegexNegotiatorTest<br>Parameters: {Accept=.*thing.*}, {Accept=[image/png]}, false</td>
<td></td>
<td>0</td>
<td>com.google.sitebricks.http.negotiate.RegexNegotiatorTest@4c349471</td></tr>
<tr>
<td title='com.google.sitebricks.http.negotiate.RegexNegotiatorTest.variousHeadersAndNegotiations()'><b>variousHeadersAndNegotiations</b><br>Test class: com.google.sitebricks.http.negotiate.RegexNegotiatorTest<br>Parameters: {Accept=.*thing.*}, {Accept=[thing]}, true</td>
<td></td>
<td>0</td>
<td>com.google.sitebricks.http.negotiate.RegexNegotiatorTest@4c349471</td></tr>
<tr>
<td title='com.google.sitebricks.http.negotiate.RegexNegotiatorTest.variousHeadersAndNegotiations()'><b>variousHeadersAndNegotiations</b><br>Test class: com.google.sitebricks.http.negotiate.RegexNegotiatorTest<br>Parameters: {Accept=.*thing.*}, {Accept=[THING]}, false</td>
<td></td>
<td>0</td>
<td>com.google.sitebricks.http.negotiate.RegexNegotiatorTest@4c349471</td></tr>
<tr>
<td title='com.google.sitebricks.http.negotiate.RegexNegotiatorTest.variousHeadersAndNegotiations()'><b>variousHeadersAndNegotiations</b><br>Test class: com.google.sitebricks.http.negotiate.RegexNegotiatorTest<br>Parameters: {Accept=.*thing.*}, {Accept=[nonthing, thing]}, true</td>
<td></td>
<td>0</td>
<td>com.google.sitebricks.http.negotiate.RegexNegotiatorTest@4c349471</td></tr>
<tr>
<td title='com.google.sitebricks.http.negotiate.RegexNegotiatorTest.variousHeadersAndNegotiations()'><b>variousHeadersAndNegotiations</b><br>Test class: com.google.sitebricks.http.negotiate.RegexNegotiatorTest<br>Parameters: {Referer=.*(google|yahoo|bing)\.com.*}, {Accept=[text/*, nonthing], Referer=[http://google.com/]}, true</td>
<td></td>
<td>0</td>
<td>com.google.sitebricks.http.negotiate.RegexNegotiatorTest@4c349471</td></tr>
<tr>
<td title='com.google.sitebricks.http.negotiate.RegexNegotiatorTest.variousHeadersAndNegotiations()'><b>variousHeadersAndNegotiations</b><br>Test class: com.google.sitebricks.http.negotiate.RegexNegotiatorTest<br>Parameters: {Accept=.*text/.*}, {Accept=[nonthing, text/plain], Referer=[http://google.com/]}, true</td>
<td></td>
<td>0</td>
<td>com.google.sitebricks.http.negotiate.RegexNegotiatorTest@4c349471</td></tr>
<tr>
<td title='com.google.sitebricks.http.negotiate.RegexNegotiatorTest.variousHeadersAndNegotiations()'><b>variousHeadersAndNegotiations</b><br>Test class: com.google.sitebricks.http.negotiate.RegexNegotiatorTest<br>Parameters: {Accept=.*thing.*}, {Accept=[thing, hno, asdo]}, true</td>
<td></td>
<td>0</td>
<td>com.google.sitebricks.http.negotiate.RegexNegotiatorTest@4c349471</td></tr>
<tr>
<td title='com.google.sitebricks.http.negotiate.RegexNegotiatorTest.variousHeadersAndNegotiations()'><b>variousHeadersAndNegotiations</b><br>Test class: com.google.sitebricks.http.negotiate.RegexNegotiatorTest<br>Parameters: {Accept=thing, Content-Accept=nothing}, {Accept=[thing, hno, asdo]}, false</td>
<td></td>
<td>0</td>
<td>com.google.sitebricks.http.negotiate.RegexNegotiatorTest@4c349471</td></tr>
<tr>
<td title='com.google.sitebricks.http.negotiate.RegexNegotiatorTest.variousHeadersAndNegotiations()'><b>variousHeadersAndNegotiations</b><br>Test class: com.google.sitebricks.http.negotiate.RegexNegotiatorTest<br>Parameters: {Accept=.*thing.*, Content-Accept=.*nothing.*}, {Accept=[thing, hno, asdo], Content-Accept=[aisdjf, nothing, aiosjdf]}, true</td>
<td></td>
<td>0</td>
<td>com.google.sitebricks.http.negotiate.RegexNegotiatorTest@4c349471</td></tr>
<tr>
<td title='com.google.sitebricks.http.negotiate.RegexNegotiatorTest.variousHeadersAndNegotiations()'><b>variousHeadersAndNegotiations</b><br>Test class: com.google.sitebricks.http.negotiate.RegexNegotiatorTest<br>Parameters: {Accept=.*text/(\*|html).*}, {Accept=[text/*;q=0.3, text/html;q=0.7, text/html;level=1, text/html;level=2;q=0.4, */*;q=0.5]}, true</td>
<td></td>
<td>0</td>
<td>com.google.sitebricks.http.negotiate.RegexNegotiatorTest@4c349471</td></tr>
<tr>
<td title='com.google.sitebricks.http.negotiate.RegexNegotiatorTest.variousHeadersAndNegotiations()'><b>variousHeadersAndNegotiations</b><br>Test class: com.google.sitebricks.http.negotiate.RegexNegotiatorTest<br>Parameters: {Accept=.*/xml.*}, {Accept=[text/html,application/xhtml+xml,application/xml;q=0.9,*/*;q=0.8]}, true</td>
<td></td>
<td>0</td>
<td>com.google.sitebricks.http.negotiate.RegexNegotiatorTest@4c349471</td></tr>
<tr>
<td title='com.google.sitebricks.http.negotiate.RegexNegotiatorTest.variousHeadersAndNegotiations()'><b>variousHeadersAndNegotiations</b><br>Test class: com.google.sitebricks.http.negotiate.RegexNegotiatorTest<br>Parameters: {Accept=.*(application|text)/.*xml.*}, {Accept=[text/html,application/xhtml+xml,application/xml;q=0.9,*/*;q=0.8]}, true</td>
<td></td>
<td>0</td>
<td>com.google.sitebricks.http.negotiate.RegexNegotiatorTest@4c349471</td></tr>
<tr>
<td title='com.google.sitebricks.http.negotiate.RegexNegotiatorTest.variousHeadersAndNegotiations()'><b>variousHeadersAndNegotiations</b><br>Test class: com.google.sitebricks.http.negotiate.RegexNegotiatorTest<br>Parameters: {Accept=.*(application|text)/.*xml.*}, {Accept=[application/xml,application/xhtml+xml,text/html;q=0.9, text/plain;q=0.8,image/png,*/*;q=0.5]}, true</td>
<td></td>
<td>0</td>
<td>com.google.sitebricks.http.negotiate.RegexNegotiatorTest@4c349471</td></tr>
<tr>
<td title='com.google.sitebricks.http.negotiate.RegexNegotiatorTest.variousHeadersAndNegotiations()'><b>variousHeadersAndNegotiations</b><br>Test class: com.google.sitebricks.http.negotiate.RegexNegotiatorTest<br>Parameters: {Accept=.*application/.*(silverlight|flash|shockwave).*}, {Accept=[image/gif, image/jpeg, image/pjpeg, application/x-ms-application, application/msword, application/vnd.ms-xpsdocument, application/xaml+xml, application/x-ms-xbap, application/x-shockwave-flash, application/x-silverlight-2-b2, application/x-silverlight, application/vnd.ms-excel, application/vnd.ms-powerpoint, */*]}, true</td>
<td></td>
<td>0</td>
<td>com.google.sitebricks.http.negotiate.RegexNegotiatorTest@4c349471</td></tr>
<tr>
<td title='com.google.sitebricks.headless.HeadlessReplyTest.xmlReplyWithHeaders()'><b>xmlReplyWithHeaders</b><br>Test class: com.google.sitebricks.headless.HeadlessReplyTest</td>
<td></td>
<td>0</td>
<td>com.google.sitebricks.headless.HeadlessReplyTest@24c0f1ec</td></tr>
</table><p>
</body>
</html>