<?xml version="1.0" encoding="UTF-8"?>
<!-- Generated by org.testng.reporters.JUnitXMLReporter -->
<testsuite hostname="JVZ2.local" name="Default test" tests="311" failures="11" timestamp="26 Feb 2012 03:12:59 GMT" time="1.839" errors="0">
  <testcase name="annotationKeyExtraction" time="0.0040" classname="com.google.sitebricks.compiler.XmlTemplateCompilerTest"/>
  <testcase name="readAWidgetWithVariousExpressions" time="0.108" classname="com.google.sitebricks.compiler.XmlTemplateCompilerTest"/>
  <testcase name="readAWidgetWithVariousExpressions" time="0.024" classname="com.google.sitebricks.compiler.XmlTemplateCompilerTest"/>
  <testcase name="readAWidgetWithVariousExpressions" time="0.0050" classname="com.google.sitebricks.compiler.XmlTemplateCompilerTest"/>
  <testcase name="readAWidgetWithVariousExpressions" time="0.0050" classname="com.google.sitebricks.compiler.XmlTemplateCompilerTest"/>
  <testcase name="readAWidgetWithVariousExpressions" time="0.0020" classname="com.google.sitebricks.compiler.XmlTemplateCompilerTest"/>
  <testcase name="readAWidgetWithVariousExpressions" time="0.0030" classname="com.google.sitebricks.compiler.XmlTemplateCompilerTest"/>
  <testcase name="readAWidgetWithVariousExpressions" time="0.0030" classname="com.google.sitebricks.compiler.XmlTemplateCompilerTest"/>
  <testcase name="readAWidgetWithVariousExpressions" time="0.0030" classname="com.google.sitebricks.compiler.XmlTemplateCompilerTest"/>
  <testcase name="readAndRenderRequireWidget" time="0.018" classname="com.google.sitebricks.compiler.XmlTemplateCompilerTest">
    <failure type="com.google.sitebricks.compiler.TemplateCompileException" message="Compilation errors in template for java.lang.Object

1) error

0: 2) error

0: 3) error

0: 
Total errors: 3

4) /people/${id}

0: 
Total warnings: 1

">
      <![CDATA[com.google.sitebricks.compiler.TemplateCompileException: Compilation errors in template for java.lang.Object

1) error

0: 2) error

0: 3) error

0: 
Total errors: 3

4) /people/${id}

0: 
Total warnings: 1


	at com.google.sitebricks.compiler.XmlTemplateCompiler.compile(XmlTemplateCompiler.java:115)
	at com.google.sitebricks.compiler.XmlTemplateCompilerTest.readAndRenderRequireWidget(XmlTemplateCompilerTest.java:268)
	at sun.reflect.NativeMethodAccessorImpl.invoke0(Native Method)
	at sun.reflect.NativeMethodAccessorImpl.invoke(NativeMethodAccessorImpl.java:39)
	at sun.reflect.DelegatingMethodAccessorImpl.invoke(DelegatingMethodAccessorImpl.java:25)
	at java.lang.reflect.Method.invoke(Method.java:597)
	at org.testng.internal.MethodInvocationHelper.invokeMethod(MethodInvocationHelper.java:80)
	at org.testng.internal.Invoker.invokeMethod(Invoker.java:701)
	at org.testng.internal.Invoker.invokeTestMethod(Invoker.java:893)
	at org.testng.internal.Invoker.invokeTestMethods(Invoker.java:1218)
	at org.testng.internal.TestMethodWorker.invokeTestMethods(TestMethodWorker.java:127)
	at org.testng.internal.TestMethodWorker.run(TestMethodWorker.java:111)
	at org.testng.TestRunner.privateRun(TestRunner.java:768)
	at org.testng.TestRunner.run(TestRunner.java:617)
	at org.testng.SuiteRunner.runTest(SuiteRunner.java:334)
	at org.testng.SuiteRunner.runSequentially(SuiteRunner.java:329)
	at org.testng.SuiteRunner.privateRun(SuiteRunner.java:291)
	at org.testng.SuiteRunner.run(SuiteRunner.java:240)
	at org.testng.SuiteRunnerWorker.runSuite(SuiteRunnerWorker.java:53)
	at org.testng.SuiteRunnerWorker.run(SuiteRunnerWorker.java:87)
	at org.testng.TestNG.runSuitesSequentially(TestNG.java:1185)
	at org.testng.TestNG.runSuitesLocally(TestNG.java:1110)
	at org.testng.TestNG.run(TestNG.java:1022)
	at org.testng.remote.RemoteTestNG.run(RemoteTestNG.java:109)
	at org.testng.remote.RemoteTestNG.initAndRun(RemoteTestNG.java:202)
	at org.testng.remote.RemoteTestNG.main(RemoteTestNG.java:173)
]]>
    </failure>
  </testcase> <!-- readAndRenderRequireWidget -->
  <testcase name="readEmbedWidgetAndStoreAsPage" time="0.014" classname="com.google.sitebricks.compiler.XmlTemplateCompilerTest">
    <failure type="com.google.sitebricks.compiler.TemplateCompileException" message="Compilation errors in template for java.lang.Object

1) error

0: 
Total errors: 1

">
      <![CDATA[com.google.sitebricks.compiler.TemplateCompileException: Compilation errors in template for java.lang.Object

1) error

0: 
Total errors: 1


	at com.google.sitebricks.compiler.XmlTemplateCompiler.compile(XmlTemplateCompiler.java:115)
	at com.google.sitebricks.compiler.XmlTemplateCompilerTest.readEmbedWidgetAndStoreAsPage(XmlTemplateCompilerTest.java:373)
	at sun.reflect.NativeMethodAccessorImpl.invoke0(Native Method)
	at sun.reflect.NativeMethodAccessorImpl.invoke(NativeMethodAccessorImpl.java:39)
	at sun.reflect.DelegatingMethodAccessorImpl.invoke(DelegatingMethodAccessorImpl.java:25)
	at java.lang.reflect.Method.invoke(Method.java:597)
	at org.testng.internal.MethodInvocationHelper.invokeMethod(MethodInvocationHelper.java:80)
	at org.testng.internal.Invoker.invokeMethod(Invoker.java:701)
	at org.testng.internal.Invoker.invokeTestMethod(Invoker.java:893)
	at org.testng.internal.Invoker.invokeTestMethods(Invoker.java:1218)
	at org.testng.internal.TestMethodWorker.invokeTestMethods(TestMethodWorker.java:127)
	at org.testng.internal.TestMethodWorker.run(TestMethodWorker.java:111)
	at org.testng.TestRunner.privateRun(TestRunner.java:768)
	at org.testng.TestRunner.run(TestRunner.java:617)
	at org.testng.SuiteRunner.runTest(SuiteRunner.java:334)
	at org.testng.SuiteRunner.runSequentially(SuiteRunner.java:329)
	at org.testng.SuiteRunner.privateRun(SuiteRunner.java:291)
	at org.testng.SuiteRunner.run(SuiteRunner.java:240)
	at org.testng.SuiteRunnerWorker.runSuite(SuiteRunnerWorker.java:53)
	at org.testng.SuiteRunnerWorker.run(SuiteRunnerWorker.java:87)
	at org.testng.TestNG.runSuitesSequentially(TestNG.java:1185)
	at org.testng.TestNG.runSuitesLocally(TestNG.java:1110)
	at org.testng.TestNG.run(TestNG.java:1022)
	at org.testng.remote.RemoteTestNG.run(RemoteTestNG.java:109)
	at org.testng.remote.RemoteTestNG.initAndRun(RemoteTestNG.java:202)
	at org.testng.remote.RemoteTestNG.main(RemoteTestNG.java:173)
]]>
    </failure>
  </testcase> <!-- readEmbedWidgetAndStoreAsPage -->
  <testcase name="readEmbedWidgetOnly" time="0.0040" classname="com.google.sitebricks.compiler.XmlTemplateCompilerTest">
    <failure type="com.google.sitebricks.compiler.TemplateCompileException" message="Compilation errors in template for java.lang.Object

1) error

0: 
Total errors: 1

">
      <![CDATA[com.google.sitebricks.compiler.TemplateCompileException: Compilation errors in template for java.lang.Object

1) error

0: 
Total errors: 1


	at com.google.sitebricks.compiler.XmlTemplateCompiler.compile(XmlTemplateCompiler.java:115)
	at com.google.sitebricks.compiler.XmlTemplateCompilerTest.readEmbedWidgetOnly(XmlTemplateCompilerTest.java:411)
	at sun.reflect.NativeMethodAccessorImpl.invoke0(Native Method)
	at sun.reflect.NativeMethodAccessorImpl.invoke(NativeMethodAccessorImpl.java:39)
	at sun.reflect.DelegatingMethodAccessorImpl.invoke(DelegatingMethodAccessorImpl.java:25)
	at java.lang.reflect.Method.invoke(Method.java:597)
	at org.testng.internal.MethodInvocationHelper.invokeMethod(MethodInvocationHelper.java:80)
	at org.testng.internal.Invoker.invokeMethod(Invoker.java:701)
	at org.testng.internal.Invoker.invokeTestMethod(Invoker.java:893)
	at org.testng.internal.Invoker.invokeTestMethods(Invoker.java:1218)
	at org.testng.internal.TestMethodWorker.invokeTestMethods(TestMethodWorker.java:127)
	at org.testng.internal.TestMethodWorker.run(TestMethodWorker.java:111)
	at org.testng.TestRunner.privateRun(TestRunner.java:768)
	at org.testng.TestRunner.run(TestRunner.java:617)
	at org.testng.SuiteRunner.runTest(SuiteRunner.java:334)
	at org.testng.SuiteRunner.runSequentially(SuiteRunner.java:329)
	at org.testng.SuiteRunner.privateRun(SuiteRunner.java:291)
	at org.testng.SuiteRunner.run(SuiteRunner.java:240)
	at org.testng.SuiteRunnerWorker.runSuite(SuiteRunnerWorker.java:53)
	at org.testng.SuiteRunnerWorker.run(SuiteRunnerWorker.java:87)
	at org.testng.TestNG.runSuitesSequentially(TestNG.java:1185)
	at org.testng.TestNG.runSuitesLocally(TestNG.java:1110)
	at org.testng.TestNG.run(TestNG.java:1022)
	at org.testng.remote.RemoteTestNG.run(RemoteTestNG.java:109)
	at org.testng.remote.RemoteTestNG.initAndRun(RemoteTestNG.java:202)
	at org.testng.remote.RemoteTestNG.main(RemoteTestNG.java:173)
]]>
    </failure>
  </testcase> <!-- readEmbedWidgetOnly -->
  <testcase name="readShowIfWidgetFalse" time="0.0030" classname="com.google.sitebricks.compiler.XmlTemplateCompilerTest"/>
  <testcase name="readShowIfWidgetTrue" time="0.0020" classname="com.google.sitebricks.compiler.XmlTemplateCompilerTest"/>
  <testcase name="readTextWidgetValues" time="0.0050" classname="com.google.sitebricks.compiler.XmlTemplateCompilerTest">
    <failure type="com.google.sitebricks.compiler.TemplateCompileException" message="Compilation errors in template for java.lang.Object

1) error

0: 2) error

0: 3) error

0: 
Total errors: 3

4) /people/${id}

0: 
Total warnings: 1

">
      <![CDATA[com.google.sitebricks.compiler.TemplateCompileException: Compilation errors in template for java.lang.Object

1) error

0: 2) error

0: 3) error

0: 
Total errors: 3

4) /people/${id}

0: 
Total warnings: 1


	at com.google.sitebricks.compiler.XmlTemplateCompiler.compile(XmlTemplateCompiler.java:115)
	at com.google.sitebricks.compiler.XmlTemplateCompilerTest.readTextWidgetValues(XmlTemplateCompilerTest.java:207)
	at sun.reflect.NativeMethodAccessorImpl.invoke0(Native Method)
	at sun.reflect.NativeMethodAccessorImpl.invoke(NativeMethodAccessorImpl.java:39)
	at sun.reflect.DelegatingMethodAccessorImpl.invoke(DelegatingMethodAccessorImpl.java:25)
	at java.lang.reflect.Method.invoke(Method.java:597)
	at org.testng.internal.MethodInvocationHelper.invokeMethod(MethodInvocationHelper.java:80)
	at org.testng.internal.Invoker.invokeMethod(Invoker.java:701)
	at org.testng.internal.Invoker.invokeTestMethod(Invoker.java:893)
	at org.testng.internal.Invoker.invokeTestMethods(Invoker.java:1218)
	at org.testng.internal.TestMethodWorker.invokeTestMethods(TestMethodWorker.java:127)
	at org.testng.internal.TestMethodWorker.run(TestMethodWorker.java:111)
	at org.testng.TestRunner.privateRun(TestRunner.java:768)
	at org.testng.TestRunner.run(TestRunner.java:617)
	at org.testng.SuiteRunner.runTest(SuiteRunner.java:334)
	at org.testng.SuiteRunner.runSequentially(SuiteRunner.java:329)
	at org.testng.SuiteRunner.privateRun(SuiteRunner.java:291)
	at org.testng.SuiteRunner.run(SuiteRunner.java:240)
	at org.testng.SuiteRunnerWorker.runSuite(SuiteRunnerWorker.java:53)
	at org.testng.SuiteRunnerWorker.run(SuiteRunnerWorker.java:87)
	at org.testng.TestNG.runSuitesSequentially(TestNG.java:1185)
	at org.testng.TestNG.runSuitesLocally(TestNG.java:1110)
	at org.testng.TestNG.run(TestNG.java:1022)
	at org.testng.remote.RemoteTestNG.run(RemoteTestNG.java:109)
	at org.testng.remote.RemoteTestNG.initAndRun(RemoteTestNG.java:202)
	at org.testng.remote.RemoteTestNG.main(RemoteTestNG.java:173)
]]>
    </failure>
  </testcase> <!-- readTextWidgetValues -->
  <testcase name="readXmlWidget" time="0.0050" classname="com.google.sitebricks.compiler.XmlTemplateCompilerTest">
    <failure type="com.google.sitebricks.compiler.TemplateCompileException" message="Compilation errors in template for java.lang.Object

1) error

0: 
Total errors: 1

">
      <![CDATA[com.google.sitebricks.compiler.TemplateCompileException: Compilation errors in template for java.lang.Object

1) error

0: 
Total errors: 1


	at com.google.sitebricks.compiler.XmlTemplateCompiler.compile(XmlTemplateCompiler.java:115)
	at com.google.sitebricks.compiler.XmlTemplateCompilerTest.readXmlWidget(XmlTemplateCompilerTest.java:301)
	at sun.reflect.NativeMethodAccessorImpl.invoke0(Native Method)
	at sun.reflect.NativeMethodAccessorImpl.invoke(NativeMethodAccessorImpl.java:39)
	at sun.reflect.DelegatingMethodAccessorImpl.invoke(DelegatingMethodAccessorImpl.java:25)
	at java.lang.reflect.Method.invoke(Method.java:597)
	at org.testng.internal.MethodInvocationHelper.invokeMethod(MethodInvocationHelper.java:80)
	at org.testng.internal.Invoker.invokeMethod(Invoker.java:701)
	at org.testng.internal.Invoker.invokeTestMethod(Invoker.java:893)
	at org.testng.internal.Invoker.invokeTestMethods(Invoker.java:1218)
	at org.testng.internal.TestMethodWorker.invokeTestMethods(TestMethodWorker.java:127)
	at org.testng.internal.TestMethodWorker.run(TestMethodWorker.java:111)
	at org.testng.TestRunner.privateRun(TestRunner.java:768)
	at org.testng.TestRunner.run(TestRunner.java:617)
	at org.testng.SuiteRunner.runTest(SuiteRunner.java:334)
	at org.testng.SuiteRunner.runSequentially(SuiteRunner.java:329)
	at org.testng.SuiteRunner.privateRun(SuiteRunner.java:291)
	at org.testng.SuiteRunner.run(SuiteRunner.java:240)
	at org.testng.SuiteRunnerWorker.runSuite(SuiteRunnerWorker.java:53)
	at org.testng.SuiteRunnerWorker.run(SuiteRunnerWorker.java:87)
	at org.testng.TestNG.runSuitesSequentially(TestNG.java:1185)
	at org.testng.TestNG.runSuitesLocally(TestNG.java:1110)
	at org.testng.TestNG.run(TestNG.java:1022)
	at org.testng.remote.RemoteTestNG.run(RemoteTestNG.java:109)
	at org.testng.remote.RemoteTestNG.initAndRun(RemoteTestNG.java:202)
	at org.testng.remote.RemoteTestNG.main(RemoteTestNG.java:173)
]]>
    </failure>
  </testcase> <!-- readXmlWidget -->
  <testcase name="readXmlWidgetWithChildren" time="0.01" classname="com.google.sitebricks.compiler.XmlTemplateCompilerTest">
    <failure type="com.google.sitebricks.compiler.TemplateCompileException" message="Compilation errors in template for java.lang.Object

1) error

0: 2) error

0: 
Total errors: 2

">
      <![CDATA[com.google.sitebricks.compiler.TemplateCompileException: Compilation errors in template for java.lang.Object

1) error

0: 2) error

0: 
Total errors: 2


	at com.google.sitebricks.compiler.XmlTemplateCompiler.compile(XmlTemplateCompiler.java:115)
	at com.google.sitebricks.compiler.XmlTemplateCompilerTest.readXmlWidgetWithChildren(XmlTemplateCompilerTest.java:323)
	at sun.reflect.NativeMethodAccessorImpl.invoke0(Native Method)
	at sun.reflect.NativeMethodAccessorImpl.invoke(NativeMethodAccessorImpl.java:39)
	at sun.reflect.DelegatingMethodAccessorImpl.invoke(DelegatingMethodAccessorImpl.java:25)
	at java.lang.reflect.Method.invoke(Method.java:597)
	at org.testng.internal.MethodInvocationHelper.invokeMethod(MethodInvocationHelper.java:80)
	at org.testng.internal.Invoker.invokeMethod(Invoker.java:701)
	at org.testng.internal.Invoker.invokeTestMethod(Invoker.java:893)
	at org.testng.internal.Invoker.invokeTestMethods(Invoker.java:1218)
	at org.testng.internal.TestMethodWorker.invokeTestMethods(TestMethodWorker.java:127)
	at org.testng.internal.TestMethodWorker.run(TestMethodWorker.java:111)
	at org.testng.TestRunner.privateRun(TestRunner.java:768)
	at org.testng.TestRunner.run(TestRunner.java:617)
	at org.testng.SuiteRunner.runTest(SuiteRunner.java:334)
	at org.testng.SuiteRunner.runSequentially(SuiteRunner.java:329)
	at org.testng.SuiteRunner.privateRun(SuiteRunner.java:291)
	at org.testng.SuiteRunner.run(SuiteRunner.java:240)
	at org.testng.SuiteRunnerWorker.runSuite(SuiteRunnerWorker.java:53)
	at org.testng.SuiteRunnerWorker.run(SuiteRunnerWorker.java:87)
	at org.testng.TestNG.runSuitesSequentially(TestNG.java:1185)
	at org.testng.TestNG.runSuitesLocally(TestNG.java:1110)
	at org.testng.TestNG.run(TestNG.java:1022)
	at org.testng.remote.RemoteTestNG.run(RemoteTestNG.java:109)
	at org.testng.remote.RemoteTestNG.initAndRun(RemoteTestNG.java:202)
	at org.testng.remote.RemoteTestNG.main(RemoteTestNG.java:173)
]]>
    </failure>
  </testcase> <!-- readXmlWidgetWithChildren -->
  <testcase name="findMatchVariables" time="0.0010" classname="com.google.sitebricks.routing.PathMatcherTest"/>
  <testcase name="findMatchVariables" time="0.0" classname="com.google.sitebricks.routing.PathMatcherTest"/>
  <testcase name="findMatchVariables" time="0.0010" classname="com.google.sitebricks.routing.PathMatcherTest"/>
  <testcase name="matchExactUriPath" time="0.0010" classname="com.google.sitebricks.routing.PathMatcherTest"/>
  <testcase name="matchExactUriPath" time="0.0" classname="com.google.sitebricks.routing.PathMatcherTest"/>
  <testcase name="matchExactUriPath" time="0.0010" classname="com.google.sitebricks.routing.PathMatcherTest"/>
  <testcase name="matchExactUriPath" time="0.0" classname="com.google.sitebricks.routing.PathMatcherTest"/>
  <testcase name="matchGreedy" time="0.0" classname="com.google.sitebricks.routing.PathMatcherTest"/>
  <testcase name="matchGreedy" time="0.0" classname="com.google.sitebricks.routing.PathMatcherTest"/>
  <testcase name="matchGreedy" time="0.0010" classname="com.google.sitebricks.routing.PathMatcherTest"/>
  <testcase name="matchGreedy" time="0.0" classname="com.google.sitebricks.routing.PathMatcherTest"/>
  <testcase name="matchPathTemplate" time="0.0" classname="com.google.sitebricks.routing.PathMatcherTest"/>
  <testcase name="matchPathTemplate" time="0.0" classname="com.google.sitebricks.routing.PathMatcherTest"/>
  <testcase name="matchPathTemplate" time="0.0" classname="com.google.sitebricks.routing.PathMatcherTest"/>
  <testcase name="matchPathTemplate" time="0.0" classname="com.google.sitebricks.routing.PathMatcherTest"/>
  <testcase name="matchPathTemplate" time="0.0010" classname="com.google.sitebricks.routing.PathMatcherTest"/>
  <testcase name="matchPathTemplate" time="0.0" classname="com.google.sitebricks.routing.PathMatcherTest"/>
  <testcase name="matchPathTemplate" time="0.0010" classname="com.google.sitebricks.routing.PathMatcherTest"/>
  <testcase name="matchPathTemplate" time="0.0" classname="com.google.sitebricks.routing.PathMatcherTest"/>
  <testcase name="notFindMatchVariables" time="0.0010" classname="com.google.sitebricks.routing.PathMatcherTest"/>
  <testcase name="notFindMatchVariables" time="0.0010" classname="com.google.sitebricks.routing.PathMatcherTest"/>
  <testcase name="notFindMatchVariables" time="0.0" classname="com.google.sitebricks.routing.PathMatcherTest"/>
  <testcase name="notMatchPathTemplate" time="0.0" classname="com.google.sitebricks.routing.PathMatcherTest"/>
  <testcase name="notMatchPathTemplate" time="0.0" classname="com.google.sitebricks.routing.PathMatcherTest"/>
  <testcase name="notMatchPathTemplate" time="0.0" classname="com.google.sitebricks.routing.PathMatcherTest"/>
  <testcase name="notMatchPathTemplate" time="0.0010" classname="com.google.sitebricks.routing.PathMatcherTest"/>
  <testcase name="notMatchPathTemplate" time="0.0" classname="com.google.sitebricks.routing.PathMatcherTest"/>
  <testcase name="notMatchPathTemplate" time="0.0010" classname="com.google.sitebricks.routing.PathMatcherTest"/>
  <testcase name="notMatchPathTemplate" time="0.0" classname="com.google.sitebricks.routing.PathMatcherTest"/>
  <testcase name="notMatchPathTemplate" time="0.0010" classname="com.google.sitebricks.routing.PathMatcherTest"/>
  <testcase name="notMatchPathTemplate" time="0.0" classname="com.google.sitebricks.routing.PathMatcherTest"/>
  <testcase name="notMatchPathTemplate" time="0.0010" classname="com.google.sitebricks.routing.PathMatcherTest"/>
  <testcase name="notMatchPathTemplate" time="0.0" classname="com.google.sitebricks.routing.PathMatcherTest"/>
  <testcase name="notMatchPathTemplate" time="0.0010" classname="com.google.sitebricks.routing.PathMatcherTest"/>
  <testcase name="testTokenize" time="0.0020" classname="com.google.sitebricks.util.TextToolsTest"/>
  <testcase name="testTokenize" time="0.0" classname="com.google.sitebricks.util.TextToolsTest"/>
  <testcase name="testTokenize" time="0.0" classname="com.google.sitebricks.util.TextToolsTest"/>
  <testcase name="extractInsideHeadTags" time="0.0010" classname="com.google.sitebricks.rendering.control.EmbeddedRespondExtractorTest"/>
  <testcase name="extractInsideHeadTags" time="0.0010" classname="com.google.sitebricks.rendering.control.EmbeddedRespondExtractorTest"/>
  <testcase name="extractInsideHeadTags" time="0.0010" classname="com.google.sitebricks.rendering.control.EmbeddedRespondExtractorTest"/>
  <testcase name="extractInsideHeadTags" time="0.0010" classname="com.google.sitebricks.rendering.control.EmbeddedRespondExtractorTest"/>
  <testcase name="extractInsideHeadTags" time="0.0" classname="com.google.sitebricks.rendering.control.EmbeddedRespondExtractorTest"/>
  <testcase name="extractInsideHeadTags" time="0.0" classname="com.google.sitebricks.rendering.control.EmbeddedRespondExtractorTest"/>
  <testcase name="extractInsideHeadTags" time="0.0" classname="com.google.sitebricks.rendering.control.EmbeddedRespondExtractorTest"/>
  <testcase name="hideChildren" time="0.0010" classname="com.google.sitebricks.rendering.control.ShowIfWidgetTest"/>
  <testcase name="hideChildren" time="0.0" classname="com.google.sitebricks.rendering.control.ShowIfWidgetTest"/>
  <testcase name="hideChildren" time="0.0" classname="com.google.sitebricks.rendering.control.ShowIfWidgetTest"/>
  <testcase name="hideChildren" time="0.0" classname="com.google.sitebricks.rendering.control.ShowIfWidgetTest"/>
  <testcase name="failedPageEmbedding" time="0.018" classname="com.google.sitebricks.rendering.control.EmbedWidgetTest"/>
  <testcase name="failedPageEmbedding" time="0.0" classname="com.google.sitebricks.rendering.control.EmbedWidgetTest"/>
  <testcase name="failedPageEmbedding" time="0.0" classname="com.google.sitebricks.rendering.control.EmbedWidgetTest"/>
  <testcase name="failedPageEmbedding" time="0.0040" classname="com.google.sitebricks.rendering.control.EmbedWidgetTest"/>
  <testcase name="failedPageEmbedding" time="0.0" classname="com.google.sitebricks.rendering.control.EmbedWidgetTest"/>
  <testcase name="failedPageEmbedding" time="0.0" classname="com.google.sitebricks.rendering.control.EmbedWidgetTest"/>
  <testcase name="failedPageEmbedding" time="0.0" classname="com.google.sitebricks.rendering.control.EmbedWidgetTest"/>
  <testcase name="failedPageEmbedding" time="0.0" classname="com.google.sitebricks.rendering.control.EmbedWidgetTest"/>
  <testcase name="pageEmbeddingAndBinding" time="0.0020" classname="com.google.sitebricks.rendering.control.EmbedWidgetTest"/>
  <testcase name="pageEmbeddingAndBinding" time="0.0010" classname="com.google.sitebricks.rendering.control.EmbedWidgetTest"/>
  <testcase name="pageEmbeddingAndBinding" time="0.0010" classname="com.google.sitebricks.rendering.control.EmbedWidgetTest"/>
  <testcase name="pageEmbeddingAndBinding" time="0.0010" classname="com.google.sitebricks.rendering.control.EmbedWidgetTest"/>
  <testcase name="pageEmbeddingAndBinding" time="0.0010" classname="com.google.sitebricks.rendering.control.EmbedWidgetTest"/>
  <testcase name="pageEmbeddingAndBinding" time="0.0010" classname="com.google.sitebricks.rendering.control.EmbedWidgetTest"/>
  <testcase name="pageEmbeddingChainsToEmbeddedWidget" time="0.0020" classname="com.google.sitebricks.rendering.control.EmbedWidgetTest"/>
  <testcase name="pageEmbeddingChainsToEmbeddedWidget" time="0.0010" classname="com.google.sitebricks.rendering.control.EmbedWidgetTest"/>
  <testcase name="pageEmbeddingChainsToEmbeddedWidget" time="0.0010" classname="com.google.sitebricks.rendering.control.EmbedWidgetTest"/>
  <testcase name="pageEmbeddingChainsToEmbeddedWidget" time="0.0010" classname="com.google.sitebricks.rendering.control.EmbedWidgetTest"/>
  <testcase name="pageEmbeddingChainsToEmbeddedWidget" time="0.0010" classname="com.google.sitebricks.rendering.control.EmbedWidgetTest"/>
  <testcase name="pageEmbeddingChainsToEmbeddedWidget" time="0.0010" classname="com.google.sitebricks.rendering.control.EmbedWidgetTest"/>
  <testcase name="pageEmbeddingChainsToEmbeddedWidgetBehavior" time="0.0010" classname="com.google.sitebricks.rendering.control.EmbedWidgetTest"/>
  <testcase name="pageEmbeddingChainsToEmbeddedWidgetBehavior" time="0.0010" classname="com.google.sitebricks.rendering.control.EmbedWidgetTest"/>
  <testcase name="pageEmbeddingChainsToEmbeddedWidgetBehavior" time="0.0010" classname="com.google.sitebricks.rendering.control.EmbedWidgetTest"/>
  <testcase name="pageEmbeddingChainsToEmbeddedWidgetBehavior" time="0.0010" classname="com.google.sitebricks.rendering.control.EmbedWidgetTest"/>
  <testcase name="pageEmbeddingChainsToEmbeddedWidgetBehavior" time="0.0010" classname="com.google.sitebricks.rendering.control.EmbedWidgetTest"/>
  <testcase name="pageEmbeddingChainsToEmbeddedWidgetBehavior" time="0.0010" classname="com.google.sitebricks.rendering.control.EmbedWidgetTest"/>
  <testcase name="pageEmbeddingChainsToEmbeddedWidgetWithArgs" time="0.0020" classname="com.google.sitebricks.rendering.control.EmbedWidgetTest"/>
  <testcase name="pageEmbeddingChainsToEmbeddedWidgetWithArgs" time="0.0010" classname="com.google.sitebricks.rendering.control.EmbedWidgetTest"/>
  <testcase name="pageEmbeddingChainsToEmbeddedWidgetWithArgs" time="0.0010" classname="com.google.sitebricks.rendering.control.EmbedWidgetTest"/>
  <testcase name="pageEmbeddingChainsToEmbeddedWidgetWithArgs" time="0.0010" classname="com.google.sitebricks.rendering.control.EmbedWidgetTest"/>
  <testcase name="pageEmbeddingChainsToEmbeddedWidgetWithArgs" time="0.0010" classname="com.google.sitebricks.rendering.control.EmbedWidgetTest"/>
  <testcase name="pageEmbeddingChainsToEmbeddedWidgetWithArgs" time="0.0010" classname="com.google.sitebricks.rendering.control.EmbedWidgetTest"/>
  <testcase name="pageEmbeddingSupressesNormalWidgetChain" time="0.0010" classname="com.google.sitebricks.rendering.control.EmbedWidgetTest"/>
  <testcase name="pageEmbeddingSupressesNormalWidgetChain" time="0.0010" classname="com.google.sitebricks.rendering.control.EmbedWidgetTest"/>
  <testcase name="pageEmbeddingSupressesNormalWidgetChain" time="0.0010" classname="com.google.sitebricks.rendering.control.EmbedWidgetTest"/>
  <testcase name="pageEmbeddingSupressesNormalWidgetChain" time="0.0010" classname="com.google.sitebricks.rendering.control.EmbedWidgetTest"/>
  <testcase name="pageEmbeddingSupressesNormalWidgetChain" time="0.0010" classname="com.google.sitebricks.rendering.control.EmbedWidgetTest"/>
  <testcase name="pageEmbeddingSupressesNormalWidgetChain" time="0.0" classname="com.google.sitebricks.rendering.control.EmbedWidgetTest"/>
  <testcase name="repeatNumberOfTimes" time="0.0010" classname="com.google.sitebricks.rendering.control.RepeatWidgetTest"/>
  <testcase name="repeatNumberOfTimes" time="0.0010" classname="com.google.sitebricks.rendering.control.RepeatWidgetTest"/>
  <testcase name="repeatNumberOfTimes" time="0.0" classname="com.google.sitebricks.rendering.control.RepeatWidgetTest"/>
  <testcase name="repeatNumberOfTimes" time="0.0" classname="com.google.sitebricks.rendering.control.RepeatWidgetTest"/>
  <testcase name="edsl" time="0.021" classname="com.google.sitebricks.EdslTest"/>
  <testcase name="filterParsesLineNumbersIntoAttribute" time="0.044" classname="com.google.sitebricks.compiler.XmlLineNumberParsingTest"/>
  <testcase name="determineEgressParametricType" time="0.0" classname="com.google.sitebricks.rendering.MvelGenericsConfidenceTest"/>
  <testcase name="determineEgressParametricTypeInExprChain" time="0.0010" classname="com.google.sitebricks.rendering.MvelGenericsConfidenceTest"/>
  <testcase name="bindRequestDetectInvalid" time="0.022" classname="com.google.sitebricks.binding.MvelRequestBinderTest"/>
  <testcase name="bindRequestToCollections" time="0.0030" classname="com.google.sitebricks.binding.MvelRequestBinderTest"/>
  <testcase name="bindRequestToPrimitives" time="0.0020" classname="com.google.sitebricks.binding.MvelRequestBinderTest"/>
  <testcase name="bindRequestToPrimitivesAndIgnoreExtras" time="0.0020" classname="com.google.sitebricks.binding.MvelRequestBinderTest"/>
  <testcase name="isXmlTemplateOrNot" time="0.0" classname="com.google.sitebricks.rendering.ParsingTest"/>
  <testcase name="isXmlTemplateOrNot" time="0.0010" classname="com.google.sitebricks.rendering.ParsingTest"/>
  <testcase name="isXmlTemplateOrNot" time="0.0" classname="com.google.sitebricks.rendering.ParsingTest"/>
  <testcase name="isXmlTemplateOrNot" time="0.0010" classname="com.google.sitebricks.rendering.ParsingTest"/>
  <testcase name="isXmlTemplateOrNot" time="0.0" classname="com.google.sitebricks.rendering.ParsingTest"/>
  <testcase name="isXmlTemplateOrNot" time="0.0010" classname="com.google.sitebricks.rendering.ParsingTest"/>
  <testcase name="isXmlTemplateOrNot" time="0.0" classname="com.google.sitebricks.rendering.ParsingTest"/>
  <testcase name="isXmlTemplateOrNot" time="0.0" classname="com.google.sitebricks.rendering.ParsingTest"/>
  <testcase name="isXmlTemplateOrNot" time="0.0" classname="com.google.sitebricks.rendering.ParsingTest"/>
  <testcase name="isXmlTemplateOrNot" time="0.0" classname="com.google.sitebricks.rendering.ParsingTest"/>
  <testcase name="isXmlTemplateOrNot" time="0.0" classname="com.google.sitebricks.rendering.ParsingTest"/>
  <testcase name="isXmlTemplateOrNot" time="0.0" classname="com.google.sitebricks.rendering.ParsingTest"/>
  <testcase name="isXmlTemplateOrNot" time="0.0010" classname="com.google.sitebricks.rendering.ParsingTest"/>
  <testcase name="isXmlTemplateOrNot" time="0.0" classname="com.google.sitebricks.rendering.ParsingTest"/>
  <testcase name="testIsValidURI" time="0.0010" classname="com.google.sitebricks.rendering.ParsingTest"/>
  <testcase name="annotationKeyExtraction" time="0.0" classname="com.google.sitebricks.compiler.HtmlTemplateCompilerTest"/>
  <testcase name="readAWidgetWithVariousExpressions" time="0.042" classname="com.google.sitebricks.compiler.HtmlTemplateCompilerTest"/>
  <testcase name="readAWidgetWithVariousExpressions" time="0.0020" classname="com.google.sitebricks.compiler.HtmlTemplateCompilerTest"/>
  <testcase name="readAWidgetWithVariousExpressions" time="0.0020" classname="com.google.sitebricks.compiler.HtmlTemplateCompilerTest"/>
  <testcase name="readAWidgetWithVariousExpressions" time="0.0010" classname="com.google.sitebricks.compiler.HtmlTemplateCompilerTest"/>
  <testcase name="readAWidgetWithVariousExpressions" time="0.0020" classname="com.google.sitebricks.compiler.HtmlTemplateCompilerTest"/>
  <testcase name="readAWidgetWithVariousExpressions" time="0.0020" classname="com.google.sitebricks.compiler.HtmlTemplateCompilerTest"/>
  <testcase name="readAWidgetWithVariousExpressions" time="0.0020" classname="com.google.sitebricks.compiler.HtmlTemplateCompilerTest"/>
  <testcase name="readAWidgetWithVariousExpressions" time="0.0010" classname="com.google.sitebricks.compiler.HtmlTemplateCompilerTest"/>
  <testcase name="readAndRenderRequireWidget" time="0.0080" classname="com.google.sitebricks.compiler.HtmlTemplateCompilerTest"/>
  <testcase name="readEmbedWidgetAndStoreAsPage" time="0.0050" classname="com.google.sitebricks.compiler.HtmlTemplateCompilerTest">
    <failure type="com.google.sitebricks.compiler.TemplateCompileException" message="Compilation errors in template for java.lang.Object

1) error

4: 
Total errors: 1

">
      <![CDATA[com.google.sitebricks.compiler.TemplateCompileException: Compilation errors in template for java.lang.Object

1) error

4: 
Total errors: 1


	at com.google.sitebricks.compiler.HtmlTemplateCompiler.compile(HtmlTemplateCompiler.java:89)
	at com.google.sitebricks.compiler.HtmlTemplateCompilerTest.readEmbedWidgetAndStoreAsPage(HtmlTemplateCompilerTest.java:380)
	at sun.reflect.NativeMethodAccessorImpl.invoke0(Native Method)
	at sun.reflect.NativeMethodAccessorImpl.invoke(NativeMethodAccessorImpl.java:39)
	at sun.reflect.DelegatingMethodAccessorImpl.invoke(DelegatingMethodAccessorImpl.java:25)
	at java.lang.reflect.Method.invoke(Method.java:597)
	at org.testng.internal.MethodInvocationHelper.invokeMethod(MethodInvocationHelper.java:80)
	at org.testng.internal.Invoker.invokeMethod(Invoker.java:701)
	at org.testng.internal.Invoker.invokeTestMethod(Invoker.java:893)
	at org.testng.internal.Invoker.invokeTestMethods(Invoker.java:1218)
	at org.testng.internal.TestMethodWorker.invokeTestMethods(TestMethodWorker.java:127)
	at org.testng.internal.TestMethodWorker.run(TestMethodWorker.java:111)
	at org.testng.TestRunner.privateRun(TestRunner.java:768)
	at org.testng.TestRunner.run(TestRunner.java:617)
	at org.testng.SuiteRunner.runTest(SuiteRunner.java:334)
	at org.testng.SuiteRunner.runSequentially(SuiteRunner.java:329)
	at org.testng.SuiteRunner.privateRun(SuiteRunner.java:291)
	at org.testng.SuiteRunner.run(SuiteRunner.java:240)
	at org.testng.SuiteRunnerWorker.runSuite(SuiteRunnerWorker.java:53)
	at org.testng.SuiteRunnerWorker.run(SuiteRunnerWorker.java:87)
	at org.testng.TestNG.runSuitesSequentially(TestNG.java:1185)
	at org.testng.TestNG.runSuitesLocally(TestNG.java:1110)
	at org.testng.TestNG.run(TestNG.java:1022)
	at org.testng.remote.RemoteTestNG.run(RemoteTestNG.java:109)
	at org.testng.remote.RemoteTestNG.initAndRun(RemoteTestNG.java:202)
	at org.testng.remote.RemoteTestNG.main(RemoteTestNG.java:173)
]]>
    </failure>
  </testcase> <!-- readEmbedWidgetAndStoreAsPage -->
  <testcase name="readEmbedWidgetOnly" time="0.0020" classname="com.google.sitebricks.compiler.HtmlTemplateCompilerTest">
    <failure type="com.google.sitebricks.compiler.TemplateCompileException" message="Compilation errors in template for java.lang.Object

1) error

4: 
Total errors: 1

">
      <![CDATA[com.google.sitebricks.compiler.TemplateCompileException: Compilation errors in template for java.lang.Object

1) error

4: 
Total errors: 1


	at com.google.sitebricks.compiler.HtmlTemplateCompiler.compile(HtmlTemplateCompiler.java:89)
	at com.google.sitebricks.compiler.HtmlTemplateCompilerTest.readEmbedWidgetOnly(HtmlTemplateCompilerTest.java:418)
	at sun.reflect.NativeMethodAccessorImpl.invoke0(Native Method)
	at sun.reflect.NativeMethodAccessorImpl.invoke(NativeMethodAccessorImpl.java:39)
	at sun.reflect.DelegatingMethodAccessorImpl.invoke(DelegatingMethodAccessorImpl.java:25)
	at java.lang.reflect.Method.invoke(Method.java:597)
	at org.testng.internal.MethodInvocationHelper.invokeMethod(MethodInvocationHelper.java:80)
	at org.testng.internal.Invoker.invokeMethod(Invoker.java:701)
	at org.testng.internal.Invoker.invokeTestMethod(Invoker.java:893)
	at org.testng.internal.Invoker.invokeTestMethods(Invoker.java:1218)
	at org.testng.internal.TestMethodWorker.invokeTestMethods(TestMethodWorker.java:127)
	at org.testng.internal.TestMethodWorker.run(TestMethodWorker.java:111)
	at org.testng.TestRunner.privateRun(TestRunner.java:768)
	at org.testng.TestRunner.run(TestRunner.java:617)
	at org.testng.SuiteRunner.runTest(SuiteRunner.java:334)
	at org.testng.SuiteRunner.runSequentially(SuiteRunner.java:329)
	at org.testng.SuiteRunner.privateRun(SuiteRunner.java:291)
	at org.testng.SuiteRunner.run(SuiteRunner.java:240)
	at org.testng.SuiteRunnerWorker.runSuite(SuiteRunnerWorker.java:53)
	at org.testng.SuiteRunnerWorker.run(SuiteRunnerWorker.java:87)
	at org.testng.TestNG.runSuitesSequentially(TestNG.java:1185)
	at org.testng.TestNG.runSuitesLocally(TestNG.java:1110)
	at org.testng.TestNG.run(TestNG.java:1022)
	at org.testng.remote.RemoteTestNG.run(RemoteTestNG.java:109)
	at org.testng.remote.RemoteTestNG.initAndRun(RemoteTestNG.java:202)
	at org.testng.remote.RemoteTestNG.main(RemoteTestNG.java:173)
]]>
    </failure>
  </testcase> <!-- readEmbedWidgetOnly -->
  <testcase name="readHtmlWidget" time="0.0010" classname="com.google.sitebricks.compiler.HtmlTemplateCompilerTest">
    <failure type="com.google.sitebricks.compiler.TemplateCompileException" message="Compilation errors in template for java.lang.Object

1) error

1: 
Total errors: 1

">
      <![CDATA[com.google.sitebricks.compiler.TemplateCompileException: Compilation errors in template for java.lang.Object

1) error

1: 
Total errors: 1


	at com.google.sitebricks.compiler.HtmlTemplateCompiler.compile(HtmlTemplateCompiler.java:89)
	at com.google.sitebricks.compiler.HtmlTemplateCompilerTest.readHtmlWidget(HtmlTemplateCompilerTest.java:309)
	at sun.reflect.NativeMethodAccessorImpl.invoke0(Native Method)
	at sun.reflect.NativeMethodAccessorImpl.invoke(NativeMethodAccessorImpl.java:39)
	at sun.reflect.DelegatingMethodAccessorImpl.invoke(DelegatingMethodAccessorImpl.java:25)
	at java.lang.reflect.Method.invoke(Method.java:597)
	at org.testng.internal.MethodInvocationHelper.invokeMethod(MethodInvocationHelper.java:80)
	at org.testng.internal.Invoker.invokeMethod(Invoker.java:701)
	at org.testng.internal.Invoker.invokeTestMethod(Invoker.java:893)
	at org.testng.internal.Invoker.invokeTestMethods(Invoker.java:1218)
	at org.testng.internal.TestMethodWorker.invokeTestMethods(TestMethodWorker.java:127)
	at org.testng.internal.TestMethodWorker.run(TestMethodWorker.java:111)
	at org.testng.TestRunner.privateRun(TestRunner.java:768)
	at org.testng.TestRunner.run(TestRunner.java:617)
	at org.testng.SuiteRunner.runTest(SuiteRunner.java:334)
	at org.testng.SuiteRunner.runSequentially(SuiteRunner.java:329)
	at org.testng.SuiteRunner.privateRun(SuiteRunner.java:291)
	at org.testng.SuiteRunner.run(SuiteRunner.java:240)
	at org.testng.SuiteRunnerWorker.runSuite(SuiteRunnerWorker.java:53)
	at org.testng.SuiteRunnerWorker.run(SuiteRunnerWorker.java:87)
	at org.testng.TestNG.runSuitesSequentially(TestNG.java:1185)
	at org.testng.TestNG.runSuitesLocally(TestNG.java:1110)
	at org.testng.TestNG.run(TestNG.java:1022)
	at org.testng.remote.RemoteTestNG.run(RemoteTestNG.java:109)
	at org.testng.remote.RemoteTestNG.initAndRun(RemoteTestNG.java:202)
	at org.testng.remote.RemoteTestNG.main(RemoteTestNG.java:173)
]]>
    </failure>
  </testcase> <!-- readHtmlWidget -->
  <testcase name="readHtmlWidgetWithChildren" time="0.0030" classname="com.google.sitebricks.compiler.HtmlTemplateCompilerTest">
    <failure type="com.google.sitebricks.compiler.TemplateCompileException" message="Compilation errors in template for java.lang.Object

1) error

6: 2) error

3: 
Total errors: 2

">
      <![CDATA[com.google.sitebricks.compiler.TemplateCompileException: Compilation errors in template for java.lang.Object

1) error

6: 2) error

3: 
Total errors: 2


	at com.google.sitebricks.compiler.HtmlTemplateCompiler.compile(HtmlTemplateCompiler.java:89)
	at com.google.sitebricks.compiler.HtmlTemplateCompilerTest.readHtmlWidgetWithChildren(HtmlTemplateCompilerTest.java:331)
	at sun.reflect.NativeMethodAccessorImpl.invoke0(Native Method)
	at sun.reflect.NativeMethodAccessorImpl.invoke(NativeMethodAccessorImpl.java:39)
	at sun.reflect.DelegatingMethodAccessorImpl.invoke(DelegatingMethodAccessorImpl.java:25)
	at java.lang.reflect.Method.invoke(Method.java:597)
	at org.testng.internal.MethodInvocationHelper.invokeMethod(MethodInvocationHelper.java:80)
	at org.testng.internal.Invoker.invokeMethod(Invoker.java:701)
	at org.testng.internal.Invoker.invokeTestMethod(Invoker.java:893)
	at org.testng.internal.Invoker.invokeTestMethods(Invoker.java:1218)
	at org.testng.internal.TestMethodWorker.invokeTestMethods(TestMethodWorker.java:127)
	at org.testng.internal.TestMethodWorker.run(TestMethodWorker.java:111)
	at org.testng.TestRunner.privateRun(TestRunner.java:768)
	at org.testng.TestRunner.run(TestRunner.java:617)
	at org.testng.SuiteRunner.runTest(SuiteRunner.java:334)
	at org.testng.SuiteRunner.runSequentially(SuiteRunner.java:329)
	at org.testng.SuiteRunner.privateRun(SuiteRunner.java:291)
	at org.testng.SuiteRunner.run(SuiteRunner.java:240)
	at org.testng.SuiteRunnerWorker.runSuite(SuiteRunnerWorker.java:53)
	at org.testng.SuiteRunnerWorker.run(SuiteRunnerWorker.java:87)
	at org.testng.TestNG.runSuitesSequentially(TestNG.java:1185)
	at org.testng.TestNG.runSuitesLocally(TestNG.java:1110)
	at org.testng.TestNG.run(TestNG.java:1022)
	at org.testng.remote.RemoteTestNG.run(RemoteTestNG.java:109)
	at org.testng.remote.RemoteTestNG.initAndRun(RemoteTestNG.java:202)
	at org.testng.remote.RemoteTestNG.main(RemoteTestNG.java:173)
]]>
    </failure>
  </testcase> <!-- readHtmlWidgetWithChildren -->
  <testcase name="readShowIfWidgetFalse" time="0.0020" classname="com.google.sitebricks.compiler.HtmlTemplateCompilerTest"/>
  <testcase name="readShowIfWidgetTrue" time="0.0010" classname="com.google.sitebricks.compiler.HtmlTemplateCompilerTest"/>
  <testcase name="readTextWidgetValues" time="0.0030" classname="com.google.sitebricks.compiler.HtmlTemplateCompilerTest">
    <failure type="com.google.sitebricks.compiler.TemplateCompileException" message="Compilation errors in template for java.lang.Object

1) error

3: 2) error

3: 3) error

1: 
Total errors: 3

">
      <![CDATA[com.google.sitebricks.compiler.TemplateCompileException: Compilation errors in template for java.lang.Object

1) error

3: 2) error

3: 3) error

1: 
Total errors: 3


	at com.google.sitebricks.compiler.HtmlTemplateCompiler.compile(HtmlTemplateCompiler.java:89)
	at com.google.sitebricks.compiler.HtmlTemplateCompilerTest.readTextWidgetValues(HtmlTemplateCompilerTest.java:218)
	at sun.reflect.NativeMethodAccessorImpl.invoke0(Native Method)
	at sun.reflect.NativeMethodAccessorImpl.invoke(NativeMethodAccessorImpl.java:39)
	at sun.reflect.DelegatingMethodAccessorImpl.invoke(DelegatingMethodAccessorImpl.java:25)
	at java.lang.reflect.Method.invoke(Method.java:597)
	at org.testng.internal.MethodInvocationHelper.invokeMethod(MethodInvocationHelper.java:80)
	at org.testng.internal.Invoker.invokeMethod(Invoker.java:701)
	at org.testng.internal.Invoker.invokeTestMethod(Invoker.java:893)
	at org.testng.internal.Invoker.invokeTestMethods(Invoker.java:1218)
	at org.testng.internal.TestMethodWorker.invokeTestMethods(TestMethodWorker.java:127)
	at org.testng.internal.TestMethodWorker.run(TestMethodWorker.java:111)
	at org.testng.TestRunner.privateRun(TestRunner.java:768)
	at org.testng.TestRunner.run(TestRunner.java:617)
	at org.testng.SuiteRunner.runTest(SuiteRunner.java:334)
	at org.testng.SuiteRunner.runSequentially(SuiteRunner.java:329)
	at org.testng.SuiteRunner.privateRun(SuiteRunner.java:291)
	at org.testng.SuiteRunner.run(SuiteRunner.java:240)
	at org.testng.SuiteRunnerWorker.runSuite(SuiteRunnerWorker.java:53)
	at org.testng.SuiteRunnerWorker.run(SuiteRunnerWorker.java:87)
	at org.testng.TestNG.runSuitesSequentially(TestNG.java:1185)
	at org.testng.TestNG.runSuitesLocally(TestNG.java:1110)
	at org.testng.TestNG.run(TestNG.java:1022)
	at org.testng.remote.RemoteTestNG.run(RemoteTestNG.java:109)
	at org.testng.remote.RemoteTestNG.initAndRun(RemoteTestNG.java:202)
	at org.testng.remote.RemoteTestNG.main(RemoteTestNG.java:173)
]]>
    </failure>
  </testcase> <!-- readTextWidgetValues -->
  <testcase name="renderHeader" time="0.0010" classname="com.google.sitebricks.rendering.control.HeaderWidgetTest"/>
  <testcase name="renderHeaderWithContent" time="0.0" classname="com.google.sitebricks.rendering.control.HeaderWidgetTest"/>
  <testcase name="annotationKeyExtraction" time="0.0010" classname="com.google.sitebricks.compiler.FreemarkerTemplateCompilerTest"/>
  <testcase name="readAWidgetWithVariousExpressions" time="0.084" classname="com.google.sitebricks.compiler.FreemarkerTemplateCompilerTest"/>
  <testcase name="readAWidgetWithVariousExpressions" time="0.029" classname="com.google.sitebricks.compiler.FreemarkerTemplateCompilerTest"/>
  <testcase name="readAWidgetWithVariousExpressions" time="0.0020" classname="com.google.sitebricks.compiler.FreemarkerTemplateCompilerTest"/>
  <testcase name="readHtmlWidget" time="0.0060" classname="com.google.sitebricks.compiler.FreemarkerTemplateCompilerTest"/>
  <testcase name="readHtmlWidgetWithChildren" time="0.0010" classname="com.google.sitebricks.compiler.FreemarkerTemplateCompilerTest"/>
  <testcase name="readShowIfWidgetFalse" time="0.0020" classname="com.google.sitebricks.compiler.FreemarkerTemplateCompilerTest"/>
  <testcase name="readShowIfWidgetTrue" time="0.0" classname="com.google.sitebricks.compiler.FreemarkerTemplateCompilerTest"/>
  <testcase name="readTextWidgetValues" time="0.0030" classname="com.google.sitebricks.compiler.FreemarkerTemplateCompilerTest"/>
  <testcase name="parameterizedLocalizeBrokenTemplate" time="0.0050" classname="com.google.sitebricks.LocalizationTest"/>
  <testcase name="parameterizedLocalizeTemplate" time="0.0020" classname="com.google.sitebricks.LocalizationTest"/>
  <testcase name="parameterizedLocalizeTemplateMultipleLocales" time="0.0020" classname="com.google.sitebricks.LocalizationTest"/>
  <testcase name="parameterizedLocalizeWrongArgAnnotation" time="0.0020" classname="com.google.sitebricks.LocalizationTest"/>
  <testcase name="parameterizedWithNoExternalBundle" time="0.0020" classname="com.google.sitebricks.LocalizationTest"/>
  <testcase name="simpleLocalize" time="0.0020" classname="com.google.sitebricks.LocalizationTest"/>
  <testcase name="simpleLocalizeMissingAnnotation" time="0.0010" classname="com.google.sitebricks.LocalizationTest"/>
  <testcase name="simpleLocalizeMissingEntry" time="0.0020" classname="com.google.sitebricks.LocalizationTest"/>
  <testcase name="simpleLocalizeWrongReturnType" time="0.0020" classname="com.google.sitebricks.LocalizationTest"/>
  <testcase name="doesPropertyExist" time="0.0020" classname="com.google.sitebricks.binding.PropertyCacheTest"/>
  <testcase name="storeRetrieveWidgets" time="0.0030" classname="com.google.sitebricks.rendering.control.WidgetRegistryTest"/>
  <testcase name="storeRetrieveWidgets" time="0.0" classname="com.google.sitebricks.rendering.control.WidgetRegistryTest"/>
  <testcase name="storeRetrieveWidgets" time="0.0010" classname="com.google.sitebricks.rendering.control.WidgetRegistryTest"/>
  <testcase name="jsonReply" time="0.174" classname="com.google.sitebricks.headless.HeadlessReplyTest"/>
  <testcase name="textReply" time="0.0020" classname="com.google.sitebricks.headless.HeadlessReplyTest"/>
  <testcase name="xmlReplyWithHeaders" time="0.105" classname="com.google.sitebricks.headless.HeadlessReplyTest"/>
  <testcase name="variousHeadersAndNegotiations" time="0.0050" classname="com.google.sitebricks.http.negotiate.ExactMatchNegotiatorTest"/>
  <testcase name="variousHeadersAndNegotiations" time="0.0010" classname="com.google.sitebricks.http.negotiate.ExactMatchNegotiatorTest"/>
  <testcase name="variousHeadersAndNegotiations" time="0.0010" classname="com.google.sitebricks.http.negotiate.ExactMatchNegotiatorTest"/>
  <testcase name="variousHeadersAndNegotiations" time="0.0010" classname="com.google.sitebricks.http.negotiate.ExactMatchNegotiatorTest"/>
  <testcase name="variousHeadersAndNegotiations" time="0.0" classname="com.google.sitebricks.http.negotiate.ExactMatchNegotiatorTest"/>
  <testcase name="variousHeadersAndNegotiations" time="0.0010" classname="com.google.sitebricks.http.negotiate.ExactMatchNegotiatorTest"/>
  <testcase name="variousHeadersAndNegotiations" time="0.0" classname="com.google.sitebricks.http.negotiate.ExactMatchNegotiatorTest"/>
  <testcase name="variousHeadersAndNegotiations" time="0.0010" classname="com.google.sitebricks.http.negotiate.ExactMatchNegotiatorTest"/>
  <testcase name="variousHeadersAndNegotiations" time="0.0" classname="com.google.sitebricks.http.negotiate.ExactMatchNegotiatorTest"/>
  <testcase name="variousHeadersAndNegotiations" time="0.0010" classname="com.google.sitebricks.http.negotiate.ExactMatchNegotiatorTest"/>
  <testcase name="variousHeadersAndNegotiations" time="0.0010" classname="com.google.sitebricks.http.negotiate.ExactMatchNegotiatorTest"/>
  <testcase name="loadExplicitXmlTemplate" time="0.0010" classname="com.google.sitebricks.TemplateLoaderTest"/>
  <testcase name="loadExplicitXmlTemplate" time="0.0010" classname="com.google.sitebricks.TemplateLoaderTest"/>
  <testcase name="loadExplicitXmlTemplate" time="0.0" classname="com.google.sitebricks.TemplateLoaderTest"/>
  <testcase name="loadExplicitXmlTemplate" time="0.0010" classname="com.google.sitebricks.TemplateLoaderTest"/>
  <testcase name="testItShouldLoadShowValueFromWebInf" time="0.0040" classname="com.google.sitebricks.TemplateLoaderTest"/>
  <testcase name="renderATemplateWithObject" time="0.0010" classname="com.google.sitebricks.rendering.control.TextWidgetTest"/>
  <testcase name="renderATemplateWithObject" time="0.0010" classname="com.google.sitebricks.rendering.control.TextWidgetTest"/>
  <testcase name="renderATemplateWithObject" time="0.0010" classname="com.google.sitebricks.rendering.control.TextWidgetTest"/>
  <testcase name="renderATemplateWithObjectGraph" time="0.0010" classname="com.google.sitebricks.rendering.control.TextWidgetTest"/>
  <testcase name="renderATemplateWithObjectGraph" time="0.0010" classname="com.google.sitebricks.rendering.control.TextWidgetTest"/>
  <testcase name="renderATemplateWithObjectGraph" time="0.0" classname="com.google.sitebricks.rendering.control.TextWidgetTest"/>
  <testcase name="variousHeadersAndNegotiations" time="0.0030" classname="com.google.sitebricks.http.negotiate.WildcardNegotiatorTest"/>
  <testcase name="variousHeadersAndNegotiations" time="0.0" classname="com.google.sitebricks.http.negotiate.WildcardNegotiatorTest"/>
  <testcase name="variousHeadersAndNegotiations" time="0.0010" classname="com.google.sitebricks.http.negotiate.WildcardNegotiatorTest"/>
  <testcase name="variousHeadersAndNegotiations" time="0.0" classname="com.google.sitebricks.http.negotiate.WildcardNegotiatorTest"/>
  <testcase name="variousHeadersAndNegotiations" time="0.0" classname="com.google.sitebricks.http.negotiate.WildcardNegotiatorTest"/>
  <testcase name="variousHeadersAndNegotiations" time="0.0" classname="com.google.sitebricks.http.negotiate.WildcardNegotiatorTest"/>
  <testcase name="variousHeadersAndNegotiations" time="0.0" classname="com.google.sitebricks.http.negotiate.WildcardNegotiatorTest"/>
  <testcase name="variousHeadersAndNegotiations" time="0.0030" classname="com.google.sitebricks.http.negotiate.WildcardNegotiatorTest"/>
  <testcase name="variousHeadersAndNegotiations" time="0.0010" classname="com.google.sitebricks.http.negotiate.WildcardNegotiatorTest"/>
  <testcase name="variousHeadersAndNegotiations" time="0.0" classname="com.google.sitebricks.http.negotiate.WildcardNegotiatorTest"/>
  <testcase name="variousHeadersAndNegotiations" time="0.0" classname="com.google.sitebricks.http.negotiate.WildcardNegotiatorTest"/>
  <testcase name="variousHeadersAndNegotiations" time="0.0010" classname="com.google.sitebricks.http.negotiate.WildcardNegotiatorTest"/>
  <testcase name="variousHeadersAndNegotiations" time="0.0" classname="com.google.sitebricks.http.negotiate.WildcardNegotiatorTest"/>
  <testcase name="variousHeadersAndNegotiations" time="0.0010" classname="com.google.sitebricks.http.negotiate.WildcardNegotiatorTest"/>
  <testcase name="variousHeadersAndNegotiations" time="0.0010" classname="com.google.sitebricks.http.negotiate.WildcardNegotiatorTest"/>
  <testcase name="variousHeadersAndNegotiations" time="0.0" classname="com.google.sitebricks.http.negotiate.WildcardNegotiatorTest"/>
  <testcase name="variousHeadersAndNegotiations" time="0.0" classname="com.google.sitebricks.http.negotiate.WildcardNegotiatorTest"/>
  <testcase name="variousHeadersAndNegotiations" time="0.0010" classname="com.google.sitebricks.http.negotiate.WildcardNegotiatorTest"/>
  <testcase name="variousHeadersAndNegotiations" time="0.0" classname="com.google.sitebricks.http.negotiate.WildcardNegotiatorTest"/>
  <testcase name="variousHeadersAndNegotiations" time="0.0" classname="com.google.sitebricks.http.negotiate.WildcardNegotiatorTest"/>
  <testcase name="variousHeadersAndNegotiations" time="0.0010" classname="com.google.sitebricks.http.negotiate.WildcardNegotiatorTest"/>
  <testcase name="variousHeadersAndNegotiations" time="0.0" classname="com.google.sitebricks.http.negotiate.WildcardNegotiatorTest"/>
  <testcase name="variousHeadersAndNegotiations" time="0.0010" classname="com.google.sitebricks.http.negotiate.WildcardNegotiatorTest"/>
  <testcase name="variousHeadersAndNegotiations" time="0.0" classname="com.google.sitebricks.http.negotiate.WildcardNegotiatorTest"/>
  <testcase name="variousHeadersAndNegotiations" time="0.0" classname="com.google.sitebricks.http.negotiate.WildcardNegotiatorTest"/>
  <testcase name="variousHeadersAndNegotiations" time="0.0010" classname="com.google.sitebricks.http.negotiate.WildcardNegotiatorTest"/>
  <testcase name="variousHeadersAndNegotiations" time="0.0010" classname="com.google.sitebricks.http.negotiate.WildcardNegotiatorTest"/>
  <testcase name="variousHeadersAndNegotiations" time="0.0" classname="com.google.sitebricks.http.negotiate.WildcardNegotiatorTest"/>
  <testcase name="variousHeadersAndNegotiations" time="0.0" classname="com.google.sitebricks.http.negotiate.WildcardNegotiatorTest"/>
  <testcase name="variousHeadersAndNegotiations" time="0.0010" classname="com.google.sitebricks.http.negotiate.WildcardNegotiatorTest"/>
  <testcase name="variousHeadersAndNegotiations" time="0.0010" classname="com.google.sitebricks.http.negotiate.WildcardNegotiatorTest"/>
  <testcase name="variousHeadersAndNegotiations" time="0.0" classname="com.google.sitebricks.http.negotiate.WildcardNegotiatorTest"/>
  <testcase name="variousHeadersAndNegotiations" time="0.0" classname="com.google.sitebricks.http.negotiate.WildcardNegotiatorTest"/>
  <testcase name="variousHeadersAndNegotiations" time="0.0010" classname="com.google.sitebricks.http.negotiate.WildcardNegotiatorTest"/>
  <testcase name="variousHeadersAndNegotiations" time="0.0" classname="com.google.sitebricks.http.negotiate.WildcardNegotiatorTest"/>
  <testcase name="variousHeadersAndNegotiations" time="0.0" classname="com.google.sitebricks.http.negotiate.WildcardNegotiatorTest"/>
  <testcase name="variousHeadersAndNegotiations" time="0.0010" classname="com.google.sitebricks.http.negotiate.WildcardNegotiatorTest"/>
  <testcase name="mimeTypeMatching" time="0.0010" classname="com.google.sitebricks.rendering.resource.MimeTypesRegexIntegrationTest"/>
  <testcase name="mimeTypeMatching" time="0.0010" classname="com.google.sitebricks.rendering.resource.MimeTypesRegexIntegrationTest"/>
  <testcase name="mimeTypeMatching" time="0.0" classname="com.google.sitebricks.rendering.resource.MimeTypesRegexIntegrationTest"/>
  <testcase name="mimeTypeMatching" time="0.0" classname="com.google.sitebricks.rendering.resource.MimeTypesRegexIntegrationTest"/>
  <testcase name="compileEvaluatorFromExpression" time="0.0010" classname="com.google.sitebricks.rendering.EvaluatorCompilerTest"/>
  <testcase name="compileExpressionIntegerTypeMatchInDeeperObjectGraph" time="0.0010" classname="com.google.sitebricks.rendering.EvaluatorCompilerTest"/>
  <testcase name="compileExpressionInvokingArbitraryMethod" time="0.0010" classname="com.google.sitebricks.rendering.EvaluatorCompilerTest"/>
  <testcase name="compileExpressionInvokingArbitraryMethodAndTestReturn" time="0.0" classname="com.google.sitebricks.rendering.EvaluatorCompilerTest"/>
  <testcase name="compileExpressionInvokingArbitraryMethodThruInterface" time="0.0" classname="com.google.sitebricks.rendering.EvaluatorCompilerTest"/>
  <testcase name="compileExpressionInvokingArbitraryMethodThruInterfaceAndRegular" time="0.0010" classname="com.google.sitebricks.rendering.EvaluatorCompilerTest"/>
  <testcase name="compileExpressionNumericTypeMatchInDeeperObjectGraph" time="0.0020" classname="com.google.sitebricks.rendering.EvaluatorCompilerTest"/>
  <testcase name="compileMethodMatchInDeeperObjectGraph" time="0.0010" classname="com.google.sitebricks.rendering.EvaluatorCompilerTest"/>
  <testcase name="determineEgressTypeParameter" time="0.0" classname="com.google.sitebricks.rendering.EvaluatorCompilerTest"/>
  <testcase name="determineEgressTypeParameterInExpressionChain" time="0.0010" classname="com.google.sitebricks.rendering.EvaluatorCompilerTest"/>
  <testcase name="failCompileDueToNameMismatch" time="0.0010" classname="com.google.sitebricks.rendering.EvaluatorCompilerTest"/>
  <testcase name="failCompileDueToNameMismatchInDeeperObjectGraph" time="0.0010" classname="com.google.sitebricks.rendering.EvaluatorCompilerTest"/>
  <testcase name="failCompileDueToNameMismatchInDeeperObjectGraph2" time="0.0010" classname="com.google.sitebricks.rendering.EvaluatorCompilerTest"/>
  <testcase name="failCompileDueToPathMismatchInDeeperObjectGraph" time="0.0020" classname="com.google.sitebricks.rendering.EvaluatorCompilerTest"/>
  <testcase name="failCompileExpressionInvokingArbitraryMethodThruInterface" time="0.0020" classname="com.google.sitebricks.rendering.EvaluatorCompilerTest"/>
  <testcase name="failCompileExpressionInvokingArbitraryMethodWithWrongArgs" time="0.0010" classname="com.google.sitebricks.rendering.EvaluatorCompilerTest"/>
  <testcase name="variousHeadersAndNegotiations" time="0.0" classname="com.google.sitebricks.http.negotiate.RegexNegotiatorTest"/>
  <testcase name="variousHeadersAndNegotiations" time="0.0" classname="com.google.sitebricks.http.negotiate.RegexNegotiatorTest"/>
  <testcase name="variousHeadersAndNegotiations" time="0.0" classname="com.google.sitebricks.http.negotiate.RegexNegotiatorTest"/>
  <testcase name="variousHeadersAndNegotiations" time="0.0" classname="com.google.sitebricks.http.negotiate.RegexNegotiatorTest"/>
  <testcase name="variousHeadersAndNegotiations" time="0.0" classname="com.google.sitebricks.http.negotiate.RegexNegotiatorTest"/>
  <testcase name="variousHeadersAndNegotiations" time="0.0" classname="com.google.sitebricks.http.negotiate.RegexNegotiatorTest"/>
  <testcase name="variousHeadersAndNegotiations" time="0.0" classname="com.google.sitebricks.http.negotiate.RegexNegotiatorTest"/>
  <testcase name="variousHeadersAndNegotiations" time="0.0" classname="com.google.sitebricks.http.negotiate.RegexNegotiatorTest"/>
  <testcase name="variousHeadersAndNegotiations" time="0.0" classname="com.google.sitebricks.http.negotiate.RegexNegotiatorTest"/>
  <testcase name="variousHeadersAndNegotiations" time="0.0" classname="com.google.sitebricks.http.negotiate.RegexNegotiatorTest"/>
  <testcase name="variousHeadersAndNegotiations" time="0.0010" classname="com.google.sitebricks.http.negotiate.RegexNegotiatorTest"/>
  <testcase name="variousHeadersAndNegotiations" time="0.0" classname="com.google.sitebricks.http.negotiate.RegexNegotiatorTest"/>
  <testcase name="variousHeadersAndNegotiations" time="0.0" classname="com.google.sitebricks.http.negotiate.RegexNegotiatorTest"/>
  <testcase name="variousHeadersAndNegotiations" time="0.0010" classname="com.google.sitebricks.http.negotiate.RegexNegotiatorTest"/>
  <testcase name="variousHeadersAndNegotiations" time="0.0010" classname="com.google.sitebricks.http.negotiate.RegexNegotiatorTest"/>
  <testcase name="variousHeadersAndNegotiations" time="0.0010" classname="com.google.sitebricks.http.negotiate.RegexNegotiatorTest"/>
  <testcase name="variousHeadersAndNegotiations" time="0.0010" classname="com.google.sitebricks.http.negotiate.RegexNegotiatorTest"/>
  <testcase name="variousHeadersAndNegotiations" time="0.0010" classname="com.google.sitebricks.http.negotiate.RegexNegotiatorTest"/>
  <testcase name="variousHeadersAndNegotiations" time="0.0010" classname="com.google.sitebricks.http.negotiate.RegexNegotiatorTest"/>
  <testcase name="variousHeadersAndNegotiations" time="0.0010" classname="com.google.sitebricks.http.negotiate.RegexNegotiatorTest"/>
  <testcase name="errorOnPostMethodWithUnnamedArgs" time="0.0030" classname="com.google.sitebricks.routing.PageBookImplTest"/>
  <testcase name="fireGetMethodOnPage" time="0.0030" classname="com.google.sitebricks.routing.PageBookImplTest"/>
  <testcase name="fireGetMethodOnPageAndRedirectToURL" time="0.0020" classname="com.google.sitebricks.routing.PageBookImplTest"/>
  <testcase name="fireGetMethodOnPageToCorrectHandler" time="0.0050" classname="com.google.sitebricks.routing.PageBookImplTest"/>
  <testcase name="fireGetMethodOnPageToCorrectHandlerOnlyOnce" time="0.0040" classname="com.google.sitebricks.routing.PageBookImplTest"/>
  <testcase name="fireGetMethodOnPageToDefaultHandler" time="0.0040" classname="com.google.sitebricks.routing.PageBookImplTest"/>
  <testcase name="fireGetMethodWithArgsOnPage" time="0.0020" classname="com.google.sitebricks.routing.PageBookImplTest"/>
  <testcase name="fireGetMethodWithPrimitiveArgsOnPage" time="0.0020" classname="com.google.sitebricks.routing.PageBookImplTest"/>
  <testcase name="firePostMethodOnPage" time="0.0020" classname="com.google.sitebricks.routing.PageBookImplTest"/>
  <testcase name="firePostMethodOnPageAndRedirectToURL" time="0.0010" classname="com.google.sitebricks.routing.PageBookImplTest"/>
  <testcase name="firePostMethodOnPageToCorrectHandler" time="0.0030" classname="com.google.sitebricks.routing.PageBookImplTest"/>
  <testcase name="firePostMethodOnPageToCorrectHandlerOnlyOnce" time="0.0030" classname="com.google.sitebricks.routing.PageBookImplTest"/>
  <testcase name="firePostMethodOnPageToDefaultHandler" time="0.0040" classname="com.google.sitebricks.routing.PageBookImplTest"/>
  <testcase name="firePostMethodWithArgsOnPage" time="0.0010" classname="com.google.sitebricks.routing.PageBookImplTest"/>
  <testcase name="firstPathElement" time="0.0010" classname="com.google.sitebricks.routing.PageBookImplTest"/>
  <testcase name="firstPathElement" time="0.0" classname="com.google.sitebricks.routing.PageBookImplTest"/>
  <testcase name="firstPathElement" time="0.0" classname="com.google.sitebricks.routing.PageBookImplTest"/>
  <testcase name="firstPathElement" time="0.0010" classname="com.google.sitebricks.routing.PageBookImplTest"/>
  <testcase name="firstPathElement" time="0.0" classname="com.google.sitebricks.routing.PageBookImplTest"/>
  <testcase name="firstPathElement" time="0.0" classname="com.google.sitebricks.routing.PageBookImplTest"/>
  <testcase name="matchPageByUriTemplate" time="0.0010" classname="com.google.sitebricks.routing.PageBookImplTest"/>
  <testcase name="matchPageByUriTemplate" time="0.0010" classname="com.google.sitebricks.routing.PageBookImplTest"/>
  <testcase name="matchPageByUriTemplate" time="0.0010" classname="com.google.sitebricks.routing.PageBookImplTest"/>
  <testcase name="matchPageByUriTemplate" time="0.0010" classname="com.google.sitebricks.routing.PageBookImplTest"/>
  <testcase name="matchPageByUriTemplate" time="0.0010" classname="com.google.sitebricks.routing.PageBookImplTest"/>
  <testcase name="notMatchPageByUriTemplate" time="0.0010" classname="com.google.sitebricks.routing.PageBookImplTest"/>
  <testcase name="notMatchPageByUriTemplate" time="0.0010" classname="com.google.sitebricks.routing.PageBookImplTest"/>
  <testcase name="notMatchPageByUriTemplate" time="0.0010" classname="com.google.sitebricks.routing.PageBookImplTest"/>
  <testcase name="notMatchPageByUriTemplate" time="0.0010" classname="com.google.sitebricks.routing.PageBookImplTest"/>
  <testcase name="notMatchPageByUriTemplate" time="0.0010" classname="com.google.sitebricks.routing.PageBookImplTest"/>
  <testcase name="storeAndRetrievePageInstance" time="0.0020" classname="com.google.sitebricks.routing.PageBookImplTest"/>
  <testcase name="requireWidgetsRenderToHeadTag" time="0.0" classname="com.google.sitebricks.rendering.control.RequireWidgetTest"/>
  <testcase name="requireWidgetsRenderToHeadTag" time="0.0010" classname="com.google.sitebricks.rendering.control.RequireWidgetTest"/>
  <testcase name="entities" time="0.0" classname="com.google.sitebricks.headless.ReplyEdslTest"/>
  <testcase name="replies" time="0.0" classname="com.google.sitebricks.headless.ReplyEdslTest"/>
  <testcase name="chooseWidgetSelectTagRender" time="0.0030" classname="com.google.sitebricks.rendering.control.ChooseWidgetTest"/>
  <testcase name="respondWriteNull" time="0.0" classname="com.google.sitebricks.RespondTest"/>
  <testcase name="respondWriteStringCharAndChew" time="0.0" classname="com.google.sitebricks.RespondTest"/>
</testsuite> <!-- Default test -->
