<?xml version="1.0" encoding="UTF-8"?>
<!-- Generated by org.testng.reporters.JUnitXMLReporter -->
<testsuite hostname="JVZ2.local" name="Default test(failed)(failed)(failed)(failed)" tests="6" failures="5" timestamp="26 Feb 2012 03:14:37 GMT" time="0.56" errors="0">
  <testcase name="readTextWidgetValues" time="0.153" classname="com.google.sitebricks.compiler.XmlTemplateCompilerTest"/>
  <testcase name="readEmbedWidgetAndStoreAsPage" time="0.06" classname="com.google.sitebricks.compiler.HtmlTemplateCompilerTest">
    <failure type="com.google.sitebricks.compiler.TemplateCompileException" message="Compilation errors in template for java.lang.Object

1) error

4: 
Total errors: 1

">
      <![CDATA[com.google.sitebricks.compiler.TemplateCompileException: Compilation errors in template for java.lang.Object

1) error

4: 
Total errors: 1


	at com.google.sitebricks.compiler.HtmlTemplateCompiler.compile(HtmlTemplateCompiler.java:89)
	at com.google.sitebricks.compiler.HtmlTemplateCompilerTest.readEmbedWidgetAndStoreAsPage(HtmlTemplateCompilerTest.java:380)
... Removed 24 stack frames]]>
    </failure>
  </testcase> <!-- readEmbedWidgetAndStoreAsPage -->
  <testcase name="readEmbedWidgetOnly" time="0.0040" classname="com.google.sitebricks.compiler.HtmlTemplateCompilerTest">
    <failure type="com.google.sitebricks.compiler.TemplateCompileException" message="Compilation errors in template for java.lang.Object

1) error

4: 
Total errors: 1

">
      <![CDATA[com.google.sitebricks.compiler.TemplateCompileException: Compilation errors in template for java.lang.Object

1) error

4: 
Total errors: 1


	at com.google.sitebricks.compiler.HtmlTemplateCompiler.compile(HtmlTemplateCompiler.java:89)
	at com.google.sitebricks.compiler.HtmlTemplateCompilerTest.readEmbedWidgetOnly(HtmlTemplateCompilerTest.java:418)
... Removed 24 stack frames]]>
    </failure>
  </testcase> <!-- readEmbedWidgetOnly -->
  <testcase name="readTextWidgetValues" time="0.0070" classname="com.google.sitebricks.compiler.HtmlTemplateCompilerTest">
    <failure type="com.google.sitebricks.compiler.TemplateCompileException" message="Compilation errors in template for java.lang.Object

1) error

3: 2) error

3: 3) error

1: 
Total errors: 3

">
      <![CDATA[com.google.sitebricks.compiler.TemplateCompileException: Compilation errors in template for java.lang.Object

1) error

3: 2) error

3: 3) error

1: 
Total errors: 3


	at com.google.sitebricks.compiler.HtmlTemplateCompiler.compile(HtmlTemplateCompiler.java:89)
	at com.google.sitebricks.compiler.HtmlTemplateCompilerTest.readTextWidgetValues(HtmlTemplateCompilerTest.java:218)
... Removed 24 stack frames]]>
    </failure>
  </testcase> <!-- readTextWidgetValues -->
  <testcase name="readHtmlWidget" time="0.0020" classname="com.google.sitebricks.compiler.HtmlTemplateCompilerTest">
    <failure type="com.google.sitebricks.compiler.TemplateCompileException" message="Compilation errors in template for java.lang.Object

1) error

1: 
Total errors: 1

">
      <![CDATA[com.google.sitebricks.compiler.TemplateCompileException: Compilation errors in template for java.lang.Object

1) error

1: 
Total errors: 1


	at com.google.sitebricks.compiler.HtmlTemplateCompiler.compile(HtmlTemplateCompiler.java:89)
	at com.google.sitebricks.compiler.HtmlTemplateCompilerTest.readHtmlWidget(HtmlTemplateCompilerTest.java:309)
... Removed 24 stack frames]]>
    </failure>
  </testcase> <!-- readHtmlWidget -->
  <testcase name="readHtmlWidgetWithChildren" time="0.0040" classname="com.google.sitebricks.compiler.HtmlTemplateCompilerTest">
    <failure type="com.google.sitebricks.compiler.TemplateCompileException" message="Compilation errors in template for java.lang.Object

1) error

6: 2) error

3: 
Total errors: 2

">
      <![CDATA[com.google.sitebricks.compiler.TemplateCompileException: Compilation errors in template for java.lang.Object

1) error

6: 2) error

3: 
Total errors: 2


	at com.google.sitebricks.compiler.HtmlTemplateCompiler.compile(HtmlTemplateCompiler.java:89)
	at com.google.sitebricks.compiler.HtmlTemplateCompilerTest.readHtmlWidgetWithChildren(HtmlTemplateCompilerTest.java:331)
... Removed 24 stack frames]]>
    </failure>
  </testcase> <!-- readHtmlWidgetWithChildren -->
</testsuite> <!-- Default test(failed)(failed)(failed)(failed) -->
