<html>
<head>
<title>TestNG:  Default test(failed)(failed)(failed)(failed)</title>
<link href="../testng.css" rel="stylesheet" type="text/css" />
<link href="../my-testng.css" rel="stylesheet" type="text/css" />

<style type="text/css">
.log { display: none;} 
.stack-trace { display: none;} 
</style>
<script type="text/javascript">
<!--
function flip(e) {
  current = e.style.display;
  if (current == 'block') {
    e.style.display = 'none';
    return 0;
  }
  else {
    e.style.display = 'block';
    return 1;
  }
}

function toggleBox(szDivId, elem, msg1, msg2)
{
  var res = -1;  if (document.getElementById) {
    res = flip(document.getElementById(szDivId));
  }
  else if (document.all) {
    // this is the way old msie versions work
    res = flip(document.all[szDivId]);
  }
  if(elem) {
    if(res == 0) elem.innerHTML = msg1; else elem.innerHTML = msg2;
  }

}

function toggleAllBoxes() {
  if (document.getElementsByTagName) {
    d = document.getElementsByTagName('div');
    for (i = 0; i < d.length; i++) {
      if (d[i].className == 'log') {
        flip(d[i]);
      }
    }
  }
}

// -->
</script>

</head>
<body>
<h2 align='center'>Default test(failed)(failed)(failed)(failed)</h2><table border='1' align="center">
<tr>
<td>Tests passed/Failed/Skipped:</td><td>1/5/0</td>
</tr><tr>
<td>Started on:</td><td>Sat Feb 25 22:14:36 EST 2012</td>
</tr>
<tr><td>Total time:</td><td>0 seconds (560 ms)</td>
</tr><tr>
<td>Included groups:</td><td></td>
</tr><tr>
<td>Excluded groups:</td><td></td>
</tr>
</table><p/>
<small><i>(Hover the method name to see the test class name)</i></small><p/>
<table width='100%' border='1' class='invocation-failed'>
<tr><td colspan='4' align='center'><b>FAILED TESTS</b></td></tr>
<tr><td><b>Test method</b></td>
<td width="30%"><b>Exception</b></td>
<td width="10%"><b>Time (seconds)</b></td>
<td><b>Instance</b></td>
</tr>
<tr>
<td title='com.google.sitebricks.compiler.HtmlTemplateCompilerTest.readEmbedWidgetAndStoreAsPage()'><b>readEmbedWidgetAndStoreAsPage</b><br>Test class: com.google.sitebricks.compiler.HtmlTemplateCompilerTest</td>
<td><div><pre>com.google.sitebricks.compiler.TemplateCompileException: Compilation errors in template for java.lang.Object

1) error

4: 
Total errors: 1


	at com.google.sitebricks.compiler.HtmlTemplateCompiler.compile(HtmlTemplateCompiler.java:89)
	at com.google.sitebricks.compiler.HtmlTemplateCompilerTest.readEmbedWidgetAndStoreAsPage(HtmlTemplateCompilerTest.java:380)
... Removed 24 stack frames</pre></div><a href='#' onClick='toggleBox("stack-trace1358669058", this, "Click to show all stack frames", "Click to hide stack frames")'>Click to show all stack frames</a>
<div class='stack-trace' id='stack-trace1358669058'><pre>com.google.sitebricks.compiler.TemplateCompileException: Compilation errors in template for java.lang.Object

1) error

4: 
Total errors: 1


	at com.google.sitebricks.compiler.HtmlTemplateCompiler.compile(HtmlTemplateCompiler.java:89)
	at com.google.sitebricks.compiler.HtmlTemplateCompilerTest.readEmbedWidgetAndStoreAsPage(HtmlTemplateCompilerTest.java:380)
	at sun.reflect.NativeMethodAccessorImpl.invoke0(Native Method)
	at sun.reflect.NativeMethodAccessorImpl.invoke(NativeMethodAccessorImpl.java:39)
	at sun.reflect.DelegatingMethodAccessorImpl.invoke(DelegatingMethodAccessorImpl.java:25)
	at java.lang.reflect.Method.invoke(Method.java:597)
	at org.testng.internal.MethodInvocationHelper.invokeMethod(MethodInvocationHelper.java:80)
	at org.testng.internal.Invoker.invokeMethod(Invoker.java:701)
	at org.testng.internal.Invoker.invokeTestMethod(Invoker.java:893)
	at org.testng.internal.Invoker.invokeTestMethods(Invoker.java:1218)
	at org.testng.internal.TestMethodWorker.invokeTestMethods(TestMethodWorker.java:127)
	at org.testng.internal.TestMethodWorker.run(TestMethodWorker.java:111)
	at org.testng.TestRunner.privateRun(TestRunner.java:768)
	at org.testng.TestRunner.run(TestRunner.java:617)
	at org.testng.SuiteRunner.runTest(SuiteRunner.java:334)
	at org.testng.SuiteRunner.runSequentially(SuiteRunner.java:329)
	at org.testng.SuiteRunner.privateRun(SuiteRunner.java:291)
	at org.testng.SuiteRunner.run(SuiteRunner.java:240)
	at org.testng.SuiteRunnerWorker.runSuite(SuiteRunnerWorker.java:53)
	at org.testng.SuiteRunnerWorker.run(SuiteRunnerWorker.java:87)
	at org.testng.TestNG.runSuitesSequentially(TestNG.java:1185)
	at org.testng.TestNG.runSuitesLocally(TestNG.java:1110)
	at org.testng.TestNG.run(TestNG.java:1022)
	at org.testng.remote.RemoteTestNG.run(RemoteTestNG.java:109)
	at org.testng.remote.RemoteTestNG.initAndRun(RemoteTestNG.java:202)
	at org.testng.remote.RemoteTestNG.main(RemoteTestNG.java:173)
</pre></div></td>
<td>0</td>
<td>com.google.sitebricks.compiler.HtmlTemplateCompilerTest@26858bf1</td></tr>
<tr>
<td title='com.google.sitebricks.compiler.HtmlTemplateCompilerTest.readEmbedWidgetOnly()'><b>readEmbedWidgetOnly</b><br>Test class: com.google.sitebricks.compiler.HtmlTemplateCompilerTest</td>
<td><div><pre>com.google.sitebricks.compiler.TemplateCompileException: Compilation errors in template for java.lang.Object

1) error

4: 
Total errors: 1


	at com.google.sitebricks.compiler.HtmlTemplateCompiler.compile(HtmlTemplateCompiler.java:89)
	at com.google.sitebricks.compiler.HtmlTemplateCompilerTest.readEmbedWidgetOnly(HtmlTemplateCompilerTest.java:418)
... Removed 24 stack frames</pre></div><a href='#' onClick='toggleBox("stack-trace1384698649", this, "Click to show all stack frames", "Click to hide stack frames")'>Click to show all stack frames</a>
<div class='stack-trace' id='stack-trace1384698649'><pre>com.google.sitebricks.compiler.TemplateCompileException: Compilation errors in template for java.lang.Object

1) error

4: 
Total errors: 1


	at com.google.sitebricks.compiler.HtmlTemplateCompiler.compile(HtmlTemplateCompiler.java:89)
	at com.google.sitebricks.compiler.HtmlTemplateCompilerTest.readEmbedWidgetOnly(HtmlTemplateCompilerTest.java:418)
	at sun.reflect.NativeMethodAccessorImpl.invoke0(Native Method)
	at sun.reflect.NativeMethodAccessorImpl.invoke(NativeMethodAccessorImpl.java:39)
	at sun.reflect.DelegatingMethodAccessorImpl.invoke(DelegatingMethodAccessorImpl.java:25)
	at java.lang.reflect.Method.invoke(Method.java:597)
	at org.testng.internal.MethodInvocationHelper.invokeMethod(MethodInvocationHelper.java:80)
	at org.testng.internal.Invoker.invokeMethod(Invoker.java:701)
	at org.testng.internal.Invoker.invokeTestMethod(Invoker.java:893)
	at org.testng.internal.Invoker.invokeTestMethods(Invoker.java:1218)
	at org.testng.internal.TestMethodWorker.invokeTestMethods(TestMethodWorker.java:127)
	at org.testng.internal.TestMethodWorker.run(TestMethodWorker.java:111)
	at org.testng.TestRunner.privateRun(TestRunner.java:768)
	at org.testng.TestRunner.run(TestRunner.java:617)
	at org.testng.SuiteRunner.runTest(SuiteRunner.java:334)
	at org.testng.SuiteRunner.runSequentially(SuiteRunner.java:329)
	at org.testng.SuiteRunner.privateRun(SuiteRunner.java:291)
	at org.testng.SuiteRunner.run(SuiteRunner.java:240)
	at org.testng.SuiteRunnerWorker.runSuite(SuiteRunnerWorker.java:53)
	at org.testng.SuiteRunnerWorker.run(SuiteRunnerWorker.java:87)
	at org.testng.TestNG.runSuitesSequentially(TestNG.java:1185)
	at org.testng.TestNG.runSuitesLocally(TestNG.java:1110)
	at org.testng.TestNG.run(TestNG.java:1022)
	at org.testng.remote.RemoteTestNG.run(RemoteTestNG.java:109)
	at org.testng.remote.RemoteTestNG.initAndRun(RemoteTestNG.java:202)
	at org.testng.remote.RemoteTestNG.main(RemoteTestNG.java:173)
</pre></div></td>
<td>0</td>
<td>com.google.sitebricks.compiler.HtmlTemplateCompilerTest@26858bf1</td></tr>
<tr>
<td title='com.google.sitebricks.compiler.HtmlTemplateCompilerTest.readHtmlWidget()'><b>readHtmlWidget</b><br>Test class: com.google.sitebricks.compiler.HtmlTemplateCompilerTest</td>
<td><div><pre>com.google.sitebricks.compiler.TemplateCompileException: Compilation errors in template for java.lang.Object

1) error

1: 
Total errors: 1


	at com.google.sitebricks.compiler.HtmlTemplateCompiler.compile(HtmlTemplateCompiler.java:89)
	at com.google.sitebricks.compiler.HtmlTemplateCompilerTest.readHtmlWidget(HtmlTemplateCompilerTest.java:309)
... Removed 24 stack frames</pre></div><a href='#' onClick='toggleBox("stack-trace297900313", this, "Click to show all stack frames", "Click to hide stack frames")'>Click to show all stack frames</a>
<div class='stack-trace' id='stack-trace297900313'><pre>com.google.sitebricks.compiler.TemplateCompileException: Compilation errors in template for java.lang.Object

1) error

1: 
Total errors: 1


	at com.google.sitebricks.compiler.HtmlTemplateCompiler.compile(HtmlTemplateCompiler.java:89)
	at com.google.sitebricks.compiler.HtmlTemplateCompilerTest.readHtmlWidget(HtmlTemplateCompilerTest.java:309)
	at sun.reflect.NativeMethodAccessorImpl.invoke0(Native Method)
	at sun.reflect.NativeMethodAccessorImpl.invoke(NativeMethodAccessorImpl.java:39)
	at sun.reflect.DelegatingMethodAccessorImpl.invoke(DelegatingMethodAccessorImpl.java:25)
	at java.lang.reflect.Method.invoke(Method.java:597)
	at org.testng.internal.MethodInvocationHelper.invokeMethod(MethodInvocationHelper.java:80)
	at org.testng.internal.Invoker.invokeMethod(Invoker.java:701)
	at org.testng.internal.Invoker.invokeTestMethod(Invoker.java:893)
	at org.testng.internal.Invoker.invokeTestMethods(Invoker.java:1218)
	at org.testng.internal.TestMethodWorker.invokeTestMethods(TestMethodWorker.java:127)
	at org.testng.internal.TestMethodWorker.run(TestMethodWorker.java:111)
	at org.testng.TestRunner.privateRun(TestRunner.java:768)
	at org.testng.TestRunner.run(TestRunner.java:617)
	at org.testng.SuiteRunner.runTest(SuiteRunner.java:334)
	at org.testng.SuiteRunner.runSequentially(SuiteRunner.java:329)
	at org.testng.SuiteRunner.privateRun(SuiteRunner.java:291)
	at org.testng.SuiteRunner.run(SuiteRunner.java:240)
	at org.testng.SuiteRunnerWorker.runSuite(SuiteRunnerWorker.java:53)
	at org.testng.SuiteRunnerWorker.run(SuiteRunnerWorker.java:87)
	at org.testng.TestNG.runSuitesSequentially(TestNG.java:1185)
	at org.testng.TestNG.runSuitesLocally(TestNG.java:1110)
	at org.testng.TestNG.run(TestNG.java:1022)
	at org.testng.remote.RemoteTestNG.run(RemoteTestNG.java:109)
	at org.testng.remote.RemoteTestNG.initAndRun(RemoteTestNG.java:202)
	at org.testng.remote.RemoteTestNG.main(RemoteTestNG.java:173)
</pre></div></td>
<td>0</td>
<td>com.google.sitebricks.compiler.HtmlTemplateCompilerTest@26858bf1</td></tr>
<tr>
<td title='com.google.sitebricks.compiler.HtmlTemplateCompilerTest.readHtmlWidgetWithChildren()'><b>readHtmlWidgetWithChildren</b><br>Test class: com.google.sitebricks.compiler.HtmlTemplateCompilerTest</td>
<td><div><pre>com.google.sitebricks.compiler.TemplateCompileException: Compilation errors in template for java.lang.Object

1) error

6: 2) error

3: 
Total errors: 2


	at com.google.sitebricks.compiler.HtmlTemplateCompiler.compile(HtmlTemplateCompiler.java:89)
	at com.google.sitebricks.compiler.HtmlTemplateCompilerTest.readHtmlWidgetWithChildren(HtmlTemplateCompilerTest.java:331)
... Removed 24 stack frames</pre></div><a href='#' onClick='toggleBox("stack-trace1259215034", this, "Click to show all stack frames", "Click to hide stack frames")'>Click to show all stack frames</a>
<div class='stack-trace' id='stack-trace1259215034'><pre>com.google.sitebricks.compiler.TemplateCompileException: Compilation errors in template for java.lang.Object

1) error

6: 2) error

3: 
Total errors: 2


	at com.google.sitebricks.compiler.HtmlTemplateCompiler.compile(HtmlTemplateCompiler.java:89)
	at com.google.sitebricks.compiler.HtmlTemplateCompilerTest.readHtmlWidgetWithChildren(HtmlTemplateCompilerTest.java:331)
	at sun.reflect.NativeMethodAccessorImpl.invoke0(Native Method)
	at sun.reflect.NativeMethodAccessorImpl.invoke(NativeMethodAccessorImpl.java:39)
	at sun.reflect.DelegatingMethodAccessorImpl.invoke(DelegatingMethodAccessorImpl.java:25)
	at java.lang.reflect.Method.invoke(Method.java:597)
	at org.testng.internal.MethodInvocationHelper.invokeMethod(MethodInvocationHelper.java:80)
	at org.testng.internal.Invoker.invokeMethod(Invoker.java:701)
	at org.testng.internal.Invoker.invokeTestMethod(Invoker.java:893)
	at org.testng.internal.Invoker.invokeTestMethods(Invoker.java:1218)
	at org.testng.internal.TestMethodWorker.invokeTestMethods(TestMethodWorker.java:127)
	at org.testng.internal.TestMethodWorker.run(TestMethodWorker.java:111)
	at org.testng.TestRunner.privateRun(TestRunner.java:768)
	at org.testng.TestRunner.run(TestRunner.java:617)
	at org.testng.SuiteRunner.runTest(SuiteRunner.java:334)
	at org.testng.SuiteRunner.runSequentially(SuiteRunner.java:329)
	at org.testng.SuiteRunner.privateRun(SuiteRunner.java:291)
	at org.testng.SuiteRunner.run(SuiteRunner.java:240)
	at org.testng.SuiteRunnerWorker.runSuite(SuiteRunnerWorker.java:53)
	at org.testng.SuiteRunnerWorker.run(SuiteRunnerWorker.java:87)
	at org.testng.TestNG.runSuitesSequentially(TestNG.java:1185)
	at org.testng.TestNG.runSuitesLocally(TestNG.java:1110)
	at org.testng.TestNG.run(TestNG.java:1022)
	at org.testng.remote.RemoteTestNG.run(RemoteTestNG.java:109)
	at org.testng.remote.RemoteTestNG.initAndRun(RemoteTestNG.java:202)
	at org.testng.remote.RemoteTestNG.main(RemoteTestNG.java:173)
</pre></div></td>
<td>0</td>
<td>com.google.sitebricks.compiler.HtmlTemplateCompilerTest@26858bf1</td></tr>
<tr>
<td title='com.google.sitebricks.compiler.HtmlTemplateCompilerTest.readTextWidgetValues()'><b>readTextWidgetValues</b><br>Test class: com.google.sitebricks.compiler.HtmlTemplateCompilerTest</td>
<td><div><pre>com.google.sitebricks.compiler.TemplateCompileException: Compilation errors in template for java.lang.Object

1) error

3: 2) error

3: 3) error

1: 
Total errors: 3


	at com.google.sitebricks.compiler.HtmlTemplateCompiler.compile(HtmlTemplateCompiler.java:89)
	at com.google.sitebricks.compiler.HtmlTemplateCompilerTest.readTextWidgetValues(HtmlTemplateCompilerTest.java:218)
... Removed 24 stack frames</pre></div><a href='#' onClick='toggleBox("stack-trace2121904503", this, "Click to show all stack frames", "Click to hide stack frames")'>Click to show all stack frames</a>
<div class='stack-trace' id='stack-trace2121904503'><pre>com.google.sitebricks.compiler.TemplateCompileException: Compilation errors in template for java.lang.Object

1) error

3: 2) error

3: 3) error

1: 
Total errors: 3


	at com.google.sitebricks.compiler.HtmlTemplateCompiler.compile(HtmlTemplateCompiler.java:89)
	at com.google.sitebricks.compiler.HtmlTemplateCompilerTest.readTextWidgetValues(HtmlTemplateCompilerTest.java:218)
	at sun.reflect.NativeMethodAccessorImpl.invoke0(Native Method)
	at sun.reflect.NativeMethodAccessorImpl.invoke(NativeMethodAccessorImpl.java:39)
	at sun.reflect.DelegatingMethodAccessorImpl.invoke(DelegatingMethodAccessorImpl.java:25)
	at java.lang.reflect.Method.invoke(Method.java:597)
	at org.testng.internal.MethodInvocationHelper.invokeMethod(MethodInvocationHelper.java:80)
	at org.testng.internal.Invoker.invokeMethod(Invoker.java:701)
	at org.testng.internal.Invoker.invokeTestMethod(Invoker.java:893)
	at org.testng.internal.Invoker.invokeTestMethods(Invoker.java:1218)
	at org.testng.internal.TestMethodWorker.invokeTestMethods(TestMethodWorker.java:127)
	at org.testng.internal.TestMethodWorker.run(TestMethodWorker.java:111)
	at org.testng.TestRunner.privateRun(TestRunner.java:768)
	at org.testng.TestRunner.run(TestRunner.java:617)
	at org.testng.SuiteRunner.runTest(SuiteRunner.java:334)
	at org.testng.SuiteRunner.runSequentially(SuiteRunner.java:329)
	at org.testng.SuiteRunner.privateRun(SuiteRunner.java:291)
	at org.testng.SuiteRunner.run(SuiteRunner.java:240)
	at org.testng.SuiteRunnerWorker.runSuite(SuiteRunnerWorker.java:53)
	at org.testng.SuiteRunnerWorker.run(SuiteRunnerWorker.java:87)
	at org.testng.TestNG.runSuitesSequentially(TestNG.java:1185)
	at org.testng.TestNG.runSuitesLocally(TestNG.java:1110)
	at org.testng.TestNG.run(TestNG.java:1022)
	at org.testng.remote.RemoteTestNG.run(RemoteTestNG.java:109)
	at org.testng.remote.RemoteTestNG.initAndRun(RemoteTestNG.java:202)
	at org.testng.remote.RemoteTestNG.main(RemoteTestNG.java:173)
</pre></div></td>
<td>0</td>
<td>com.google.sitebricks.compiler.HtmlTemplateCompilerTest@26858bf1</td></tr>
</table><p>
<table width='100%' border='1' class='invocation-passed'>
<tr><td colspan='4' align='center'><b>PASSED TESTS</b></td></tr>
<tr><td><b>Test method</b></td>
<td width="30%"><b>Exception</b></td>
<td width="10%"><b>Time (seconds)</b></td>
<td><b>Instance</b></td>
</tr>
<tr>
<td title='com.google.sitebricks.compiler.XmlTemplateCompilerTest.readTextWidgetValues()'><b>readTextWidgetValues</b><br>Test class: com.google.sitebricks.compiler.XmlTemplateCompilerTest</td>
<td></td>
<td>0</td>
<td>com.google.sitebricks.compiler.XmlTemplateCompilerTest@9a68ef9</td></tr>
</table><p>
</body>
</html>